<?xml version="1.0" encoding="UTF-8"?>
<!-- Generated by org.testng.reporters.JUnitXMLReporter -->
<testsuite hostname="hasibs-MBP" ignored="5" name="Surefire test" tests="60" failures="3" timestamp="01 Feb 2019 21:16:55 GMT" time="77.59" errors="0">
  <testcase name="@BeforeMethod setUp" time="9.559" classname="base.CommonApi">
    <failure type="org.openqa.selenium.NoSuchWindowException" message="no such window: window was already closed
  (Session info: chrome=71.0.3578.98)
  (Driver info: chromedriver=2.45.615355 (d5698f682d8b2742017df6c81e0bd8e6a3063189),platform=Mac OS X 10.13.6 x86_64) (WARNING: The server did not provide any stacktrace information)
Command duration or timeout: 0 milliseconds
Build info: version: &amp;apos;3.14.0&amp;apos;, revision: &amp;apos;aacccce0&amp;apos;, time: &amp;apos;2018-08-02T20:19:58.91Z&amp;apos;
System info: host: &amp;apos;hasibs-MBP&amp;apos;, ip: &amp;apos;2604:2000:1501:46d3:0:0:0:a53%en0&amp;apos;, os.name: &amp;apos;Mac OS X&amp;apos;, os.arch: &amp;apos;x86_64&amp;apos;, os.version: &amp;apos;10.13.6&amp;apos;, java.version: &amp;apos;1.8.0_201&amp;apos;
Driver info: org.openqa.selenium.chrome.ChromeDriver
Capabilities {acceptInsecureCerts: false, acceptSslCerts: false, applicationCacheEnabled: false, browserConnectionEnabled: false, browserName: chrome, chrome: {chromedriverVersion: 2.45.615355 (d5698f682d8b27..., userDataDir: /var/folders/fv/3wr2rl1n6x7...}, cssSelectorsEnabled: true, databaseEnabled: false, goog:chromeOptions: {debuggerAddress: localhost:61680}, handlesAlerts: true, hasTouchScreen: false, javascriptEnabled: true, locationContextEnabled: true, mobileEmulationEnabled: false, nativeEvents: true, networkConnectionEnabled: false, pageLoadStrategy: normal, platform: MAC, platformName: MAC, proxy: Proxy(), rotatable: false, setWindowRect: true, strictFileInteractability: false, takesHeapSnapshot: true, takesScreenshot: true, timeouts: {implicit: 0, pageLoad: 300000, script: 30000}, unexpectedAlertBehaviour: ignore, unhandledPromptBehavior: ignore, version: 71.0.3578.98, webStorageEnabled: true}
Session ID: 023a56685a074a26cd318fbfc0fa4307">
      <![CDATA[org.openqa.selenium.NoSuchWindowException: no such window: window was already closed
  (Session info: chrome=71.0.3578.98)
  (Driver info: chromedriver=2.45.615355 (d5698f682d8b2742017df6c81e0bd8e6a3063189),platform=Mac OS X 10.13.6 x86_64) (WARNING: The server did not provide any stacktrace information)
Command duration or timeout: 0 milliseconds
Build info: version: '3.14.0', revision: 'aacccce0', time: '2018-08-02T20:19:58.91Z'
System info: host: 'hasibs-MBP', ip: '2604:2000:1501:46d3:0:0:0:a53%en0', os.name: 'Mac OS X', os.arch: 'x86_64', os.version: '10.13.6', java.version: '1.8.0_201'
Driver info: org.openqa.selenium.chrome.ChromeDriver
Capabilities {acceptInsecureCerts: false, acceptSslCerts: false, applicationCacheEnabled: false, browserConnectionEnabled: false, browserName: chrome, chrome: {chromedriverVersion: 2.45.615355 (d5698f682d8b27..., userDataDir: /var/folders/fv/3wr2rl1n6x7...}, cssSelectorsEnabled: true, databaseEnabled: false, goog:chromeOptions: {debuggerAddress: localhost:61680}, handlesAlerts: true, hasTouchScreen: false, javascriptEnabled: true, locationContextEnabled: true, mobileEmulationEnabled: false, nativeEvents: true, networkConnectionEnabled: false, pageLoadStrategy: normal, platform: MAC, platformName: MAC, proxy: Proxy(), rotatable: false, setWindowRect: true, strictFileInteractability: false, takesHeapSnapshot: true, takesScreenshot: true, timeouts: {implicit: 0, pageLoad: 300000, script: 30000}, unexpectedAlertBehaviour: ignore, unhandledPromptBehavior: ignore, version: 71.0.3578.98, webStorageEnabled: true}
Session ID: 023a56685a074a26cd318fbfc0fa4307
at org.openqa.selenium.remote.ErrorHandler.createThrowable(ErrorHandler.java:214)
at org.openqa.selenium.remote.ErrorHandler.throwIfResponseFailed(ErrorHandler.java:166)
at org.openqa.selenium.remote.http.JsonHttpResponseCodec.reconstructValue(JsonHttpResponseCodec.java:40)
at org.openqa.selenium.remote.http.AbstractHttpResponseCodec.decode(AbstractHttpResponseCodec.java:80)
at org.openqa.selenium.remote.http.AbstractHttpResponseCodec.decode(AbstractHttpResponseCodec.java:44)
at org.openqa.selenium.remote.HttpCommandExecutor.execute(HttpCommandExecutor.java:158)
at org.openqa.selenium.remote.service.DriverCommandExecutor.execute(DriverCommandExecutor.java:83)
at org.openqa.selenium.remote.RemoteWebDriver.execute(RemoteWebDriver.java:548)
at org.openqa.selenium.remote.RemoteWebDriver.execute(RemoteWebDriver.java:605)
at org.openqa.selenium.remote.RemoteWebDriver$RemoteWebDriverOptions$RemoteWindow.maximize(RemoteWebDriver.java:833)
at base.CommonApi.setUp(CommonApi.java:114)
... Removed 36 stack frames]]>
    </failure>
  </testcase> <!-- @BeforeMethod setUp -->
  <testcase name="@BeforeMethod startExtent" time="0.0" classname="base.CommonApi">
    <skipped/>
  </testcase> <!-- @BeforeMethod startExtent -->
  <testcase name="@BeforeMethod initializeElement" time="0.0" classname="SearchTest.SearchTest">
    <skipped/>
  </testcase> <!-- @BeforeMethod initializeElement -->
  <testcase name="@AfterMethod afterEachTestMethod" time="0.0" classname="base.CommonApi">
    <skipped/>
  </testcase> <!-- @AfterMethod afterEachTestMethod -->
  <testcase name="@BeforeMethod setUp" time="0.0" classname="base.CommonApi">
    <skipped/>
  </testcase> <!-- @BeforeMethod setUp -->
  <testcase name="@BeforeMethod startExtent" time="0.0" classname="base.CommonApi">
    <skipped/>
  </testcase> <!-- @BeforeMethod startExtent -->
  <testcase name="@BeforeMethod initializeElement" time="0.0" classname="SearchTest.SearchTest">
    <skipped/>
  </testcase> <!-- @BeforeMethod initializeElement -->
  <testcase name="@AfterMethod afterEachTestMethod" time="0.0" classname="base.CommonApi">
    <skipped/>
  </testcase> <!-- @AfterMethod afterEachTestMethod -->
  <testcase name="@BeforeMethod setUp" time="0.0" classname="base.CommonApi">
    <skipped/>
  </testcase> <!-- @BeforeMethod setUp -->
  <testcase name="@BeforeMethod startExtent" time="0.0" classname="base.CommonApi">
    <skipped/>
  </testcase> <!-- @BeforeMethod startExtent -->
  <testcase name="@BeforeMethod initializeElement" time="0.0" classname="SearchTest.SearchTest">
    <skipped/>
  </testcase> <!-- @BeforeMethod initializeElement -->
  <testcase name="@AfterMethod afterEachTestMethod" time="0.0" classname="base.CommonApi">
    <skipped/>
  </testcase> <!-- @AfterMethod afterEachTestMethod -->
  <testcase name="@BeforeMethod setUp" time="0.0" classname="base.CommonApi">
    <skipped/>
  </testcase> <!-- @BeforeMethod setUp -->
  <testcase name="@BeforeMethod startExtent" time="0.0" classname="base.CommonApi">
    <skipped/>
  </testcase> <!-- @BeforeMethod startExtent -->
  <testcase name="@BeforeMethod initializeElement" time="0.0" classname="SearchTest.SearchTest">
    <skipped/>
  </testcase> <!-- @BeforeMethod initializeElement -->
  <testcase name="@AfterMethod afterEachTestMethod" time="0.0" classname="base.CommonApi">
    <skipped/>
  </testcase> <!-- @AfterMethod afterEachTestMethod -->
  <testcase name="@BeforeMethod setUp" time="0.0" classname="base.CommonApi">
    <skipped/>
  </testcase> <!-- @BeforeMethod setUp -->
  <testcase name="@BeforeMethod startExtent" time="0.0" classname="base.CommonApi">
    <skipped/>
  </testcase> <!-- @BeforeMethod startExtent -->
  <testcase name="@BeforeMethod initializeElement" time="0.0" classname="SearchTest.SearchTest">
    <skipped/>
  </testcase> <!-- @BeforeMethod initializeElement -->
  <testcase name="@AfterMethod afterEachTestMethod" time="0.0" classname="base.CommonApi">
    <skipped/>
  </testcase> <!-- @AfterMethod afterEachTestMethod -->
  <testcase name="@BeforeMethod setUp" time="0.0" classname="base.CommonApi">
    <skipped/>
  </testcase> <!-- @BeforeMethod setUp -->
  <testcase name="@BeforeMethod startExtent" time="0.0" classname="base.CommonApi">
    <skipped/>
  </testcase> <!-- @BeforeMethod startExtent -->
  <testcase name="@BeforeMethod initializeElement" time="0.0" classname="SearchTest.SearchTest">
    <skipped/>
  </testcase> <!-- @BeforeMethod initializeElement -->
  <testcase name="@AfterMethod afterEachTestMethod" time="0.0" classname="base.CommonApi">
    <skipped/>
  </testcase> <!-- @AfterMethod afterEachTestMethod -->
  <testcase name="@BeforeMethod setUp" time="0.0" classname="base.CommonApi">
    <skipped/>
  </testcase> <!-- @BeforeMethod setUp -->
  <testcase name="@BeforeMethod startExtent" time="0.0" classname="base.CommonApi">
    <skipped/>
  </testcase> <!-- @BeforeMethod startExtent -->
  <testcase name="@BeforeMethod initializeElement" time="0.0" classname="SearchTest.SearchTest">
    <skipped/>
  </testcase> <!-- @BeforeMethod initializeElement -->
  <testcase name="@AfterMethod afterEachTestMethod" time="0.0" classname="base.CommonApi">
    <skipped/>
  </testcase> <!-- @AfterMethod afterEachTestMethod -->
  <testcase name="@BeforeMethod setUp" time="0.0" classname="base.CommonApi">
    <skipped/>
  </testcase> <!-- @BeforeMethod setUp -->
  <testcase name="@BeforeMethod startExtent" time="0.0" classname="base.CommonApi">
    <skipped/>
  </testcase> <!-- @BeforeMethod startExtent -->
  <testcase name="@BeforeMethod initializeElement" time="0.0" classname="SearchTest.SearchTest">
    <skipped/>
  </testcase> <!-- @BeforeMethod initializeElement -->
  <testcase name="@AfterMethod afterEachTestMethod" time="0.0" classname="base.CommonApi">
    <skipped/>
  </testcase> <!-- @AfterMethod afterEachTestMethod -->
  <testcase name="@BeforeMethod setUp" time="0.0" classname="base.CommonApi">
    <skipped/>
  </testcase> <!-- @BeforeMethod setUp -->
  <testcase name="@BeforeMethod startExtent" time="0.0" classname="base.CommonApi">
    <skipped/>
  </testcase> <!-- @BeforeMethod startExtent -->
  <testcase name="@BeforeMethod initializeElement" time="0.0" classname="SearchTest.SearchTest">
    <skipped/>
  </testcase> <!-- @BeforeMethod initializeElement -->
  <testcase name="@AfterMethod afterEachTestMethod" time="0.0" classname="base.CommonApi">
    <skipped/>
  </testcase> <!-- @AfterMethod afterEachTestMethod -->
  <testcase name="@BeforeMethod setUp" time="0.0" classname="base.CommonApi">
    <skipped/>
  </testcase> <!-- @BeforeMethod setUp -->
  <testcase name="@BeforeMethod startExtent" time="0.0" classname="base.CommonApi">
    <skipped/>
  </testcase> <!-- @BeforeMethod startExtent -->
  <testcase name="@BeforeMethod initializeElement" time="0.0" classname="SearchTest.SearchTest">
    <skipped/>
  </testcase> <!-- @BeforeMethod initializeElement -->
  <testcase name="@AfterMethod afterEachTestMethod" time="0.0" classname="base.CommonApi">
    <skipped/>
  </testcase> <!-- @AfterMethod afterEachTestMethod -->
  <testcase name="@BeforeMethod setUp" time="0.0" classname="base.CommonApi">
    <skipped/>
  </testcase> <!-- @BeforeMethod setUp -->
  <testcase name="@BeforeMethod startExtent" time="0.0" classname="base.CommonApi">
    <skipped/>
  </testcase> <!-- @BeforeMethod startExtent -->
  <testcase name="@BeforeMethod initializeElement" time="0.0" classname="SearchTest.SearchTest">
    <skipped/>
  </testcase> <!-- @BeforeMethod initializeElement -->
  <testcase name="@AfterMethod afterEachTestMethod" time="0.0" classname="base.CommonApi">
    <skipped/>
  </testcase> <!-- @AfterMethod afterEachTestMethod -->
  <testcase name="@BeforeMethod setUp" time="0.0" classname="base.CommonApi">
    <skipped/>
  </testcase> <!-- @BeforeMethod setUp -->
  <testcase name="@BeforeMethod startExtent" time="0.0" classname="base.CommonApi">
    <skipped/>
  </testcase> <!-- @BeforeMethod startExtent -->
  <testcase name="@BeforeMethod initializeElement" time="0.0" classname="SearchTest.SearchTest">
    <skipped/>
  </testcase> <!-- @BeforeMethod initializeElement -->
  <testcase name="@AfterMethod afterEachTestMethod" time="0.0" classname="base.CommonApi">
    <skipped/>
  </testcase> <!-- @AfterMethod afterEachTestMethod -->
  <testcase name="@BeforeMethod setUp" time="0.0" classname="base.CommonApi">
    <skipped/>
  </testcase> <!-- @BeforeMethod setUp -->
  <testcase name="@BeforeMethod startExtent" time="0.0" classname="base.CommonApi">
    <skipped/>
  </testcase> <!-- @BeforeMethod startExtent -->
  <testcase name="@BeforeMethod initializeElement" time="0.0" classname="SearchTest.SearchTest">
    <skipped/>
  </testcase> <!-- @BeforeMethod initializeElement -->
  <testcase name="@AfterMethod afterEachTestMethod" time="0.0" classname="base.CommonApi">
    <skipped/>
  </testcase> <!-- @AfterMethod afterEachTestMethod -->
  <testcase name="@BeforeMethod setUp" time="0.0" classname="base.CommonApi">
    <skipped/>
  </testcase> <!-- @BeforeMethod setUp -->
  <testcase name="@BeforeMethod startExtent" time="0.0" classname="base.CommonApi">
    <skipped/>
  </testcase> <!-- @BeforeMethod startExtent -->
  <testcase name="@BeforeMethod initializeElement" time="0.0" classname="SearchTest.SearchTest">
    <skipped/>
  </testcase> <!-- @BeforeMethod initializeElement -->
  <testcase name="@AfterMethod afterEachTestMethod" time="0.0" classname="base.CommonApi">
    <skipped/>
  </testcase> <!-- @AfterMethod afterEachTestMethod -->
  <testcase name="@BeforeMethod setUp" time="0.0" classname="base.CommonApi">
    <skipped/>
  </testcase> <!-- @BeforeMethod setUp -->
  <testcase name="@BeforeMethod startExtent" time="0.0" classname="base.CommonApi">
    <skipped/>
  </testcase> <!-- @BeforeMethod startExtent -->
  <testcase name="@BeforeMethod initializeElement" time="0.0" classname="SearchTest.SearchTest">
    <skipped/>
  </testcase> <!-- @BeforeMethod initializeElement -->
  <testcase name="@AfterMethod afterEachTestMethod" time="0.0" classname="base.CommonApi">
    <skipped/>
  </testcase> <!-- @AfterMethod afterEachTestMethod -->
  <testcase name="@BeforeMethod setUp" time="0.0" classname="base.CommonApi">
    <skipped/>
  </testcase> <!-- @BeforeMethod setUp -->
  <testcase name="@BeforeMethod startExtent" time="0.0" classname="base.CommonApi">
    <skipped/>
  </testcase> <!-- @BeforeMethod startExtent -->
  <testcase name="@BeforeMethod initializeElement" time="0.0" classname="SearchTest.SearchTest">
    <skipped/>
  </testcase> <!-- @BeforeMethod initializeElement -->
  <testcase name="@AfterMethod afterEachTestMethod" time="0.0" classname="base.CommonApi">
    <skipped/>
  </testcase> <!-- @AfterMethod afterEachTestMethod -->
  <testcase name="@BeforeMethod setUp" time="0.0" classname="base.CommonApi">
    <skipped/>
  </testcase> <!-- @BeforeMethod setUp -->
  <testcase name="@BeforeMethod startExtent" time="0.0" classname="base.CommonApi">
    <skipped/>
  </testcase> <!-- @BeforeMethod startExtent -->
  <testcase name="@BeforeMethod initializeElement" time="0.0" classname="SearchTest.SearchTest">
    <skipped/>
  </testcase> <!-- @BeforeMethod initializeElement -->
  <testcase name="@AfterMethod afterEachTestMethod" time="0.0" classname="base.CommonApi">
    <skipped/>
  </testcase> <!-- @AfterMethod afterEachTestMethod -->
  <testcase name="@BeforeMethod setUp" time="0.0" classname="base.CommonApi">
    <skipped/>
  </testcase> <!-- @BeforeMethod setUp -->
  <testcase name="@BeforeMethod startExtent" time="0.0" classname="base.CommonApi">
    <skipped/>
  </testcase> <!-- @BeforeMethod startExtent -->
  <testcase name="@BeforeMethod initializeElement" time="0.0" classname="SearchTest.SearchTest">
    <skipped/>
  </testcase> <!-- @BeforeMethod initializeElement -->
  <testcase name="@AfterMethod afterEachTestMethod" time="0.0" classname="base.CommonApi">
    <skipped/>
  </testcase> <!-- @AfterMethod afterEachTestMethod -->
  <testcase name="@BeforeMethod setUp" time="0.0" classname="base.CommonApi">
    <skipped/>
  </testcase> <!-- @BeforeMethod setUp -->
  <testcase name="@BeforeMethod startExtent" time="0.0" classname="base.CommonApi">
    <skipped/>
  </testcase> <!-- @BeforeMethod startExtent -->
  <testcase name="@BeforeMethod initializeElement" time="0.0" classname="SearchTest.SearchTest">
    <skipped/>
  </testcase> <!-- @BeforeMethod initializeElement -->
  <testcase name="@AfterMethod afterEachTestMethod" time="0.0" classname="base.CommonApi">
    <skipped/>
  </testcase> <!-- @AfterMethod afterEachTestMethod -->
  <testcase name="@BeforeMethod setUp" time="0.0" classname="base.CommonApi">
    <skipped/>
  </testcase> <!-- @BeforeMethod setUp -->
  <testcase name="@BeforeMethod startExtent" time="0.0" classname="base.CommonApi">
    <skipped/>
  </testcase> <!-- @BeforeMethod startExtent -->
  <testcase name="@BeforeMethod initializeElement" time="0.0" classname="SearchTest.SearchTest">
    <skipped/>
  </testcase> <!-- @BeforeMethod initializeElement -->
  <testcase name="@AfterMethod afterEachTestMethod" time="0.0" classname="base.CommonApi">
    <skipped/>
  </testcase> <!-- @AfterMethod afterEachTestMethod -->
  <testcase name="@BeforeMethod setUp" time="0.0" classname="base.CommonApi">
    <skipped/>
  </testcase> <!-- @BeforeMethod setUp -->
  <testcase name="@BeforeMethod startExtent" time="0.0" classname="base.CommonApi">
    <skipped/>
  </testcase> <!-- @BeforeMethod startExtent -->
  <testcase name="@BeforeMethod initializeElement" time="0.0" classname="SearchTest.SearchTest">
    <skipped/>
  </testcase> <!-- @BeforeMethod initializeElement -->
  <testcase name="@AfterMethod afterEachTestMethod" time="0.0" classname="base.CommonApi">
    <skipped/>
  </testcase> <!-- @AfterMethod afterEachTestMethod -->
  <testcase name="@BeforeMethod setUp" time="0.0" classname="base.CommonApi">
    <skipped/>
  </testcase> <!-- @BeforeMethod setUp -->
  <testcase name="@BeforeMethod startExtent" time="0.0" classname="base.CommonApi">
    <skipped/>
  </testcase> <!-- @BeforeMethod startExtent -->
  <testcase name="@BeforeMethod initializeElement" time="0.0" classname="SearchTest.SearchTest">
    <skipped/>
  </testcase> <!-- @BeforeMethod initializeElement -->
  <testcase name="@AfterMethod afterEachTestMethod" time="0.0" classname="base.CommonApi">
    <skipped/>
  </testcase> <!-- @AfterMethod afterEachTestMethod -->
  <testcase name="@BeforeMethod setUp" time="0.0" classname="base.CommonApi">
    <skipped/>
  </testcase> <!-- @BeforeMethod setUp -->
  <testcase name="@BeforeMethod startExtent" time="0.0" classname="base.CommonApi">
    <skipped/>
  </testcase> <!-- @BeforeMethod startExtent -->
  <testcase name="@BeforeMethod initializeElement" time="0.0" classname="SearchTest.SearchTest">
    <skipped/>
  </testcase> <!-- @BeforeMethod initializeElement -->
  <testcase name="@AfterMethod afterEachTestMethod" time="0.0" classname="base.CommonApi">
    <skipped/>
  </testcase> <!-- @AfterMethod afterEachTestMethod -->
  <testcase name="@BeforeMethod setUp" time="0.0" classname="base.CommonApi">
    <skipped/>
  </testcase> <!-- @BeforeMethod setUp -->
  <testcase name="@BeforeMethod startExtent" time="0.0" classname="base.CommonApi">
    <skipped/>
  </testcase> <!-- @BeforeMethod startExtent -->
  <testcase name="@BeforeMethod initializeElement" time="0.0" classname="SearchTest.SearchTest">
    <skipped/>
  </testcase> <!-- @BeforeMethod initializeElement -->
  <testcase name="@AfterMethod afterEachTestMethod" time="0.0" classname="base.CommonApi">
    <skipped/>
  </testcase> <!-- @AfterMethod afterEachTestMethod -->
  <testcase name="@BeforeMethod setUp" time="0.0" classname="base.CommonApi">
    <skipped/>
  </testcase> <!-- @BeforeMethod setUp -->
  <testcase name="@BeforeMethod startExtent" time="0.0" classname="base.CommonApi">
    <skipped/>
  </testcase> <!-- @BeforeMethod startExtent -->
  <testcase name="@BeforeMethod initializeElement" time="0.0" classname="SearchTest.SearchTest">
    <skipped/>
  </testcase> <!-- @BeforeMethod initializeElement -->
  <testcase name="@AfterMethod afterEachTestMethod" time="0.0" classname="base.CommonApi">
    <skipped/>
  </testcase> <!-- @AfterMethod afterEachTestMethod -->
  <testcase name="@BeforeMethod setUp" time="0.0" classname="base.CommonApi">
    <skipped/>
  </testcase> <!-- @BeforeMethod setUp -->
  <testcase name="@BeforeMethod startExtent" time="0.0" classname="base.CommonApi">
    <skipped/>
  </testcase> <!-- @BeforeMethod startExtent -->
  <testcase name="@BeforeMethod initializeElement" time="0.0" classname="SearchTest.SearchTest">
    <skipped/>
  </testcase> <!-- @BeforeMethod initializeElement -->
  <testcase name="@AfterMethod afterEachTestMethod" time="0.0" classname="base.CommonApi">
    <skipped/>
  </testcase> <!-- @AfterMethod afterEachTestMethod -->
  <testcase name="@BeforeMethod setUp" time="0.0" classname="base.CommonApi">
    <skipped/>
  </testcase> <!-- @BeforeMethod setUp -->
  <testcase name="@BeforeMethod startExtent" time="0.0" classname="base.CommonApi">
    <skipped/>
  </testcase> <!-- @BeforeMethod startExtent -->
  <testcase name="@BeforeMethod initializeElement" time="0.0" classname="SearchTest.SearchTest">
    <skipped/>
  </testcase> <!-- @BeforeMethod initializeElement -->
  <testcase name="@AfterMethod afterEachTestMethod" time="0.0" classname="base.CommonApi">
    <skipped/>
  </testcase> <!-- @AfterMethod afterEachTestMethod -->
  <testcase name="@BeforeMethod setUp" time="0.0" classname="base.CommonApi">
    <skipped/>
  </testcase> <!-- @BeforeMethod setUp -->
  <testcase name="@BeforeMethod startExtent" time="0.0" classname="base.CommonApi">
    <skipped/>
  </testcase> <!-- @BeforeMethod startExtent -->
  <testcase name="@BeforeMethod initializeElement" time="0.0" classname="SearchTest.SearchTest">
    <skipped/>
  </testcase> <!-- @BeforeMethod initializeElement -->
  <testcase name="@AfterMethod afterEachTestMethod" time="0.0" classname="base.CommonApi">
    <skipped/>
  </testcase> <!-- @AfterMethod afterEachTestMethod -->
  <testcase name="@BeforeMethod setUp" time="0.0" classname="base.CommonApi">
    <skipped/>
  </testcase> <!-- @BeforeMethod setUp -->
  <testcase name="@BeforeMethod startExtent" time="0.0" classname="base.CommonApi">
    <skipped/>
  </testcase> <!-- @BeforeMethod startExtent -->
  <testcase name="@BeforeMethod initializeElement" time="0.0" classname="SearchTest.SearchTest">
    <skipped/>
  </testcase> <!-- @BeforeMethod initializeElement -->
  <testcase name="@AfterMethod afterEachTestMethod" time="0.0" classname="base.CommonApi">
    <skipped/>
  </testcase> <!-- @AfterMethod afterEachTestMethod -->
  <testcase name="@BeforeMethod setUp" time="0.0" classname="base.CommonApi">
    <skipped/>
  </testcase> <!-- @BeforeMethod setUp -->
  <testcase name="@BeforeMethod startExtent" time="0.0" classname="base.CommonApi">
    <skipped/>
  </testcase> <!-- @BeforeMethod startExtent -->
  <testcase name="@BeforeMethod initializeElement" time="0.0" classname="SearchTest.SearchTest">
    <skipped/>
  </testcase> <!-- @BeforeMethod initializeElement -->
  <testcase name="@AfterMethod afterEachTestMethod" time="0.0" classname="base.CommonApi">
    <skipped/>
  </testcase> <!-- @AfterMethod afterEachTestMethod -->
  <testcase name="@BeforeMethod setUp" time="0.0" classname="base.CommonApi">
    <skipped/>
  </testcase> <!-- @BeforeMethod setUp -->
  <testcase name="@BeforeMethod startExtent" time="0.0" classname="base.CommonApi">
    <skipped/>
  </testcase> <!-- @BeforeMethod startExtent -->
  <testcase name="@BeforeMethod initializeElement" time="0.0" classname="SearchTest.SearchTest">
    <skipped/>
  </testcase> <!-- @BeforeMethod initializeElement -->
  <testcase name="@AfterMethod afterEachTestMethod" time="0.0" classname="base.CommonApi">
    <skipped/>
  </testcase> <!-- @AfterMethod afterEachTestMethod -->
  <testcase name="@BeforeMethod setUp" time="0.0" classname="base.CommonApi">
    <skipped/>
  </testcase> <!-- @BeforeMethod setUp -->
  <testcase name="@BeforeMethod startExtent" time="0.0" classname="base.CommonApi">
    <skipped/>
  </testcase> <!-- @BeforeMethod startExtent -->
  <testcase name="@BeforeMethod initializeElement" time="0.0" classname="SearchTest.SearchTest">
    <skipped/>
  </testcase> <!-- @BeforeMethod initializeElement -->
  <testcase name="@AfterMethod afterEachTestMethod" time="0.0" classname="base.CommonApi">
    <skipped/>
  </testcase> <!-- @AfterMethod afterEachTestMethod -->
  <testcase name="@BeforeMethod setUp" time="0.0" classname="base.CommonApi">
    <skipped/>
  </testcase> <!-- @BeforeMethod setUp -->
  <testcase name="@BeforeMethod startExtent" time="0.0" classname="base.CommonApi">
    <skipped/>
  </testcase> <!-- @BeforeMethod startExtent -->
  <testcase name="@BeforeMethod initializeElement" time="0.0" classname="SearchTest.SearchTest">
    <skipped/>
  </testcase> <!-- @BeforeMethod initializeElement -->
  <testcase name="@AfterMethod afterEachTestMethod" time="0.0" classname="base.CommonApi">
    <skipped/>
  </testcase> <!-- @AfterMethod afterEachTestMethod -->
  <testcase name="@BeforeMethod setUp" time="2.744" classname="base.CommonApi">
    <failure type="org.openqa.selenium.NoSuchWindowException" message="no such window: target window already closed
from unknown error: web view not found
  (Session info: chrome=71.0.3578.98)
  (Driver info: chromedriver=2.45.615355 (d5698f682d8b2742017df6c81e0bd8e6a3063189),platform=Mac OS X 10.13.6 x86_64) (WARNING: The server did not provide any stacktrace information)
Command duration or timeout: 0 milliseconds
Build info: version: &amp;apos;3.14.0&amp;apos;, revision: &amp;apos;aacccce0&amp;apos;, time: &amp;apos;2018-08-02T20:19:58.91Z&amp;apos;
System info: host: &amp;apos;hasibs-MBP&amp;apos;, ip: &amp;apos;2604:2000:1501:46d3:0:0:0:a53%en0&amp;apos;, os.name: &amp;apos;Mac OS X&amp;apos;, os.arch: &amp;apos;x86_64&amp;apos;, os.version: &amp;apos;10.13.6&amp;apos;, java.version: &amp;apos;1.8.0_201&amp;apos;
Driver info: org.openqa.selenium.chrome.ChromeDriver
Capabilities {acceptInsecureCerts: false, acceptSslCerts: false, applicationCacheEnabled: false, browserConnectionEnabled: false, browserName: chrome, chrome: {chromedriverVersion: 2.45.615355 (d5698f682d8b27..., userDataDir: /var/folders/fv/3wr2rl1n6x7...}, cssSelectorsEnabled: true, databaseEnabled: false, goog:chromeOptions: {debuggerAddress: localhost:61885}, handlesAlerts: true, hasTouchScreen: false, javascriptEnabled: true, locationContextEnabled: true, mobileEmulationEnabled: false, nativeEvents: true, networkConnectionEnabled: false, pageLoadStrategy: normal, platform: MAC, platformName: MAC, proxy: Proxy(), rotatable: false, setWindowRect: true, strictFileInteractability: false, takesHeapSnapshot: true, takesScreenshot: true, timeouts: {implicit: 0, pageLoad: 300000, script: 30000}, unexpectedAlertBehaviour: ignore, unhandledPromptBehavior: ignore, version: 71.0.3578.98, webStorageEnabled: true}
Session ID: 1744944b1a8d79509c7f9a8034dda60b">
      <![CDATA[org.openqa.selenium.NoSuchWindowException: no such window: target window already closed
from unknown error: web view not found
  (Session info: chrome=71.0.3578.98)
  (Driver info: chromedriver=2.45.615355 (d5698f682d8b2742017df6c81e0bd8e6a3063189),platform=Mac OS X 10.13.6 x86_64) (WARNING: The server did not provide any stacktrace information)
Command duration or timeout: 0 milliseconds
Build info: version: '3.14.0', revision: 'aacccce0', time: '2018-08-02T20:19:58.91Z'
System info: host: 'hasibs-MBP', ip: '2604:2000:1501:46d3:0:0:0:a53%en0', os.name: 'Mac OS X', os.arch: 'x86_64', os.version: '10.13.6', java.version: '1.8.0_201'
Driver info: org.openqa.selenium.chrome.ChromeDriver
Capabilities {acceptInsecureCerts: false, acceptSslCerts: false, applicationCacheEnabled: false, browserConnectionEnabled: false, browserName: chrome, chrome: {chromedriverVersion: 2.45.615355 (d5698f682d8b27..., userDataDir: /var/folders/fv/3wr2rl1n6x7...}, cssSelectorsEnabled: true, databaseEnabled: false, goog:chromeOptions: {debuggerAddress: localhost:61885}, handlesAlerts: true, hasTouchScreen: false, javascriptEnabled: true, locationContextEnabled: true, mobileEmulationEnabled: false, nativeEvents: true, networkConnectionEnabled: false, pageLoadStrategy: normal, platform: MAC, platformName: MAC, proxy: Proxy(), rotatable: false, setWindowRect: true, strictFileInteractability: false, takesHeapSnapshot: true, takesScreenshot: true, timeouts: {implicit: 0, pageLoad: 300000, script: 30000}, unexpectedAlertBehaviour: ignore, unhandledPromptBehavior: ignore, version: 71.0.3578.98, webStorageEnabled: true}
Session ID: 1744944b1a8d79509c7f9a8034dda60b
at org.openqa.selenium.remote.ErrorHandler.createThrowable(ErrorHandler.java:214)
at org.openqa.selenium.remote.ErrorHandler.throwIfResponseFailed(ErrorHandler.java:166)
at org.openqa.selenium.remote.http.JsonHttpResponseCodec.reconstructValue(JsonHttpResponseCodec.java:40)
at org.openqa.selenium.remote.http.AbstractHttpResponseCodec.decode(AbstractHttpResponseCodec.java:80)
at org.openqa.selenium.remote.http.AbstractHttpResponseCodec.decode(AbstractHttpResponseCodec.java:44)
at org.openqa.selenium.remote.HttpCommandExecutor.execute(HttpCommandExecutor.java:158)
at org.openqa.selenium.remote.service.DriverCommandExecutor.execute(DriverCommandExecutor.java:83)
at org.openqa.selenium.remote.RemoteWebDriver.execute(RemoteWebDriver.java:548)
at org.openqa.selenium.remote.RemoteWebDriver.execute(RemoteWebDriver.java:605)
at org.openqa.selenium.remote.RemoteWebDriver$RemoteWebDriverOptions$RemoteWindow.maximize(RemoteWebDriver.java:833)
at base.CommonApi.setUp(CommonApi.java:114)
... Removed 36 stack frames]]>
    </failure>
  </testcase> <!-- @BeforeMethod setUp -->
  <testcase name="@BeforeMethod startExtent" time="0.0" classname="base.CommonApi">
    <skipped/>
  </testcase> <!-- @BeforeMethod startExtent -->
  <testcase name="@BeforeMethod intializedElements" time="0.0" classname="SearchTest.XLSXTest">
    <skipped/>
  </testcase> <!-- @BeforeMethod intializedElements -->
  <testcase name="@AfterMethod afterEachTestMethod" time="0.0" classname="base.CommonApi">
    <skipped/>
  </testcase> <!-- @AfterMethod afterEachTestMethod -->
  <testcase name="@BeforeMethod setUp" time="0.0" classname="base.CommonApi">
    <skipped/>
  </testcase> <!-- @BeforeMethod setUp -->
  <testcase name="@BeforeMethod startExtent" time="0.0" classname="base.CommonApi">
    <skipped/>
  </testcase> <!-- @BeforeMethod startExtent -->
  <testcase name="@BeforeMethod intializedElements" time="0.0" classname="SearchTest.XLSXTest">
    <skipped/>
  </testcase> <!-- @BeforeMethod intializedElements -->
  <testcase name="@AfterMethod afterEachTestMethod" time="0.0" classname="base.CommonApi">
    <skipped/>
  </testcase> <!-- @AfterMethod afterEachTestMethod -->
  <testcase name="@BeforeMethod setUp" time="23.619" classname="base.CommonApi">
    <failure type="org.openqa.selenium.NoSuchWindowException" message="no such window: window was already closed
  (Session info: chrome=71.0.3578.98)
  (Driver info: chromedriver=2.45.615355 (d5698f682d8b2742017df6c81e0bd8e6a3063189),platform=Mac OS X 10.13.6 x86_64) (WARNING: The server did not provide any stacktrace information)
Command duration or timeout: 0 milliseconds
Build info: version: &amp;apos;3.14.0&amp;apos;, revision: &amp;apos;aacccce0&amp;apos;, time: &amp;apos;2018-08-02T20:19:58.91Z&amp;apos;
System info: host: &amp;apos;hasibs-MBP&amp;apos;, ip: &amp;apos;2604:2000:1501:46d3:0:0:0:a53%en0&amp;apos;, os.name: &amp;apos;Mac OS X&amp;apos;, os.arch: &amp;apos;x86_64&amp;apos;, os.version: &amp;apos;10.13.6&amp;apos;, java.version: &amp;apos;1.8.0_201&amp;apos;
Driver info: org.openqa.selenium.chrome.ChromeDriver
Capabilities {acceptInsecureCerts: false, acceptSslCerts: false, applicationCacheEnabled: false, browserConnectionEnabled: false, browserName: chrome, chrome: {chromedriverVersion: 2.45.615355 (d5698f682d8b27..., userDataDir: /var/folders/fv/3wr2rl1n6x7...}, cssSelectorsEnabled: true, databaseEnabled: false, goog:chromeOptions: {debuggerAddress: localhost:62431}, handlesAlerts: true, hasTouchScreen: false, javascriptEnabled: true, locationContextEnabled: true, mobileEmulationEnabled: false, nativeEvents: true, networkConnectionEnabled: false, pageLoadStrategy: normal, platform: MAC, platformName: MAC, proxy: Proxy(), rotatable: false, setWindowRect: true, strictFileInteractability: false, takesHeapSnapshot: true, takesScreenshot: true, timeouts: {implicit: 0, pageLoad: 300000, script: 30000}, unexpectedAlertBehaviour: ignore, unhandledPromptBehavior: ignore, version: 71.0.3578.98, webStorageEnabled: true}
Session ID: af5f44ad0ce37774f8c5d9b4a598c57e">
      <![CDATA[org.openqa.selenium.NoSuchWindowException: no such window: window was already closed
  (Session info: chrome=71.0.3578.98)
  (Driver info: chromedriver=2.45.615355 (d5698f682d8b2742017df6c81e0bd8e6a3063189),platform=Mac OS X 10.13.6 x86_64) (WARNING: The server did not provide any stacktrace information)
Command duration or timeout: 0 milliseconds
Build info: version: '3.14.0', revision: 'aacccce0', time: '2018-08-02T20:19:58.91Z'
System info: host: 'hasibs-MBP', ip: '2604:2000:1501:46d3:0:0:0:a53%en0', os.name: 'Mac OS X', os.arch: 'x86_64', os.version: '10.13.6', java.version: '1.8.0_201'
Driver info: org.openqa.selenium.chrome.ChromeDriver
Capabilities {acceptInsecureCerts: false, acceptSslCerts: false, applicationCacheEnabled: false, browserConnectionEnabled: false, browserName: chrome, chrome: {chromedriverVersion: 2.45.615355 (d5698f682d8b27..., userDataDir: /var/folders/fv/3wr2rl1n6x7...}, cssSelectorsEnabled: true, databaseEnabled: false, goog:chromeOptions: {debuggerAddress: localhost:62431}, handlesAlerts: true, hasTouchScreen: false, javascriptEnabled: true, locationContextEnabled: true, mobileEmulationEnabled: false, nativeEvents: true, networkConnectionEnabled: false, pageLoadStrategy: normal, platform: MAC, platformName: MAC, proxy: Proxy(), rotatable: false, setWindowRect: true, strictFileInteractability: false, takesHeapSnapshot: true, takesScreenshot: true, timeouts: {implicit: 0, pageLoad: 300000, script: 30000}, unexpectedAlertBehaviour: ignore, unhandledPromptBehavior: ignore, version: 71.0.3578.98, webStorageEnabled: true}
Session ID: af5f44ad0ce37774f8c5d9b4a598c57e
at org.openqa.selenium.remote.ErrorHandler.createThrowable(ErrorHandler.java:214)
at org.openqa.selenium.remote.ErrorHandler.throwIfResponseFailed(ErrorHandler.java:166)
at org.openqa.selenium.remote.http.JsonHttpResponseCodec.reconstructValue(JsonHttpResponseCodec.java:40)
at org.openqa.selenium.remote.http.AbstractHttpResponseCodec.decode(AbstractHttpResponseCodec.java:80)
at org.openqa.selenium.remote.http.AbstractHttpResponseCodec.decode(AbstractHttpResponseCodec.java:44)
at org.openqa.selenium.remote.HttpCommandExecutor.execute(HttpCommandExecutor.java:158)
at org.openqa.selenium.remote.service.DriverCommandExecutor.execute(DriverCommandExecutor.java:83)
at org.openqa.selenium.remote.RemoteWebDriver.execute(RemoteWebDriver.java:548)
at org.openqa.selenium.remote.RemoteWebDriver.execute(RemoteWebDriver.java:605)
at org.openqa.selenium.remote.RemoteWebDriver$RemoteWebDriverOptions$RemoteWindow.maximize(RemoteWebDriver.java:833)
at base.CommonApi.setUp(CommonApi.java:114)
... Removed 36 stack frames]]>
    </failure>
  </testcase> <!-- @BeforeMethod setUp -->
  <testcase name="@BeforeMethod startExtent" time="0.0" classname="base.CommonApi">
    <skipped/>
  </testcase> <!-- @BeforeMethod startExtent -->
  <testcase name="@BeforeMethod initializeElement" time="0.0" classname="SearchTest.buttonTest">
    <skipped/>
  </testcase> <!-- @BeforeMethod initializeElement -->
  <testcase name="@AfterMethod afterEachTestMethod" time="0.0" classname="base.CommonApi">
    <skipped/>
  </testcase> <!-- @AfterMethod afterEachTestMethod -->
  <testcase name="@BeforeMethod setUp" time="0.0" classname="base.CommonApi">
    <skipped/>
  </testcase> <!-- @BeforeMethod setUp -->
  <testcase name="@BeforeMethod startExtent" time="0.0" classname="base.CommonApi">
    <skipped/>
  </testcase> <!-- @BeforeMethod startExtent -->
  <testcase name="@BeforeMethod initializeElement" time="0.0" classname="SearchTest.buttonTest">
    <skipped/>
  </testcase> <!-- @BeforeMethod initializeElement -->
  <testcase name="@AfterMethod afterEachTestMethod" time="0.0" classname="base.CommonApi">
    <skipped/>
  </testcase> <!-- @AfterMethod afterEachTestMethod -->
  <testcase name="@BeforeMethod setUp" time="0.0" classname="base.CommonApi">
    <skipped/>
  </testcase> <!-- @BeforeMethod setUp -->
  <testcase name="@BeforeMethod startExtent" time="0.0" classname="base.CommonApi">
    <skipped/>
  </testcase> <!-- @BeforeMethod startExtent -->
  <testcase name="@BeforeMethod initializeElement" time="0.0" classname="SearchTest.buttonTest">
    <skipped/>
  </testcase> <!-- @BeforeMethod initializeElement -->
  <testcase name="@AfterMethod afterEachTestMethod" time="0.0" classname="base.CommonApi">
    <skipped/>
  </testcase> <!-- @AfterMethod afterEachTestMethod -->
  <testcase name="@BeforeMethod setUp" time="0.0" classname="base.CommonApi">
    <skipped/>
  </testcase> <!-- @BeforeMethod setUp -->
  <testcase name="@BeforeMethod startExtent" time="0.0" classname="base.CommonApi">
    <skipped/>
  </testcase> <!-- @BeforeMethod startExtent -->
  <testcase name="@BeforeMethod initializeElement" time="0.0" classname="SearchTest.buttonTest">
    <skipped/>
  </testcase> <!-- @BeforeMethod initializeElement -->
  <testcase name="@AfterMethod afterEachTestMethod" time="0.0" classname="base.CommonApi">
    <skipped/>
  </testcase> <!-- @AfterMethod afterEachTestMethod -->
  <testcase name="@BeforeMethod setUp" time="0.0" classname="base.CommonApi">
    <skipped/>
  </testcase> <!-- @BeforeMethod setUp -->
  <testcase name="@BeforeMethod startExtent" time="0.0" classname="base.CommonApi">
    <skipped/>
  </testcase> <!-- @BeforeMethod startExtent -->
  <testcase name="@BeforeMethod initializeElement" time="0.0" classname="SearchTest.buttonTest">
    <skipped/>
  </testcase> <!-- @BeforeMethod initializeElement -->
  <testcase name="@AfterMethod afterEachTestMethod" time="0.0" classname="base.CommonApi">
    <skipped/>
  </testcase> <!-- @AfterMethod afterEachTestMethod -->
  <testcase name="@BeforeMethod setUp" time="0.0" classname="base.CommonApi">
    <skipped/>
  </testcase> <!-- @BeforeMethod setUp -->
  <testcase name="@BeforeMethod startExtent" time="0.0" classname="base.CommonApi">
    <skipped/>
  </testcase> <!-- @BeforeMethod startExtent -->
  <testcase name="@BeforeMethod initializeElement" time="0.0" classname="SearchTest.buttonTest">
    <skipped/>
  </testcase> <!-- @BeforeMethod initializeElement -->
  <testcase name="@AfterMethod afterEachTestMethod" time="0.0" classname="base.CommonApi">
    <skipped/>
  </testcase> <!-- @AfterMethod afterEachTestMethod -->
  <testcase name="@BeforeMethod setUp" time="0.0" classname="base.CommonApi">
    <skipped/>
  </testcase> <!-- @BeforeMethod setUp -->
  <testcase name="@BeforeMethod startExtent" time="0.0" classname="base.CommonApi">
    <skipped/>
  </testcase> <!-- @BeforeMethod startExtent -->
  <testcase name="@BeforeMethod initializeElement" time="0.0" classname="SearchTest.buttonTest">
    <skipped/>
  </testcase> <!-- @BeforeMethod initializeElement -->
  <testcase name="@AfterMethod afterEachTestMethod" time="0.0" classname="base.CommonApi">
    <skipped/>
  </testcase> <!-- @AfterMethod afterEachTestMethod -->
  <testcase name="@BeforeMethod setUp" time="0.0" classname="base.CommonApi">
    <skipped/>
  </testcase> <!-- @BeforeMethod setUp -->
  <testcase name="@BeforeMethod startExtent" time="0.0" classname="base.CommonApi">
    <skipped/>
  </testcase> <!-- @BeforeMethod startExtent -->
  <testcase name="@BeforeMethod initializeElement" time="0.0" classname="SearchTest.buttonTest">
    <skipped/>
  </testcase> <!-- @BeforeMethod initializeElement -->
  <testcase name="@AfterMethod afterEachTestMethod" time="0.0" classname="base.CommonApi">
    <skipped/>
  </testcase> <!-- @AfterMethod afterEachTestMethod -->
  <testcase name="@BeforeMethod setUp" time="0.0" classname="base.CommonApi">
    <skipped/>
  </testcase> <!-- @BeforeMethod setUp -->
  <testcase name="@BeforeMethod startExtent" time="0.0" classname="base.CommonApi">
    <skipped/>
  </testcase> <!-- @BeforeMethod startExtent -->
  <testcase name="@BeforeMethod initializeElement" time="0.0" classname="SearchTest.buttonTest">
    <skipped/>
  </testcase> <!-- @BeforeMethod initializeElement -->
  <testcase name="@AfterMethod afterEachTestMethod" time="0.0" classname="base.CommonApi">
    <skipped/>
  </testcase> <!-- @AfterMethod afterEachTestMethod -->
  <testcase name="@BeforeMethod setUp" time="0.0" classname="base.CommonApi">
    <skipped/>
  </testcase> <!-- @BeforeMethod setUp -->
  <testcase name="@BeforeMethod startExtent" time="0.0" classname="base.CommonApi">
    <skipped/>
  </testcase> <!-- @BeforeMethod startExtent -->
  <testcase name="@BeforeMethod initializeElement" time="0.0" classname="SearchTest.buttonTest">
    <skipped/>
  </testcase> <!-- @BeforeMethod initializeElement -->
  <testcase name="@AfterMethod afterEachTestMethod" time="0.0" classname="base.CommonApi">
    <skipped/>
  </testcase> <!-- @AfterMethod afterEachTestMethod -->
  <testcase name="@BeforeMethod setUp" time="0.0" classname="base.CommonApi">
    <skipped/>
  </testcase> <!-- @BeforeMethod setUp -->
  <testcase name="@BeforeMethod startExtent" time="0.0" classname="base.CommonApi">
    <skipped/>
  </testcase> <!-- @BeforeMethod startExtent -->
  <testcase name="@BeforeMethod initializeElement" time="0.0" classname="SearchTest.buttonTest">
    <skipped/>
  </testcase> <!-- @BeforeMethod initializeElement -->
  <testcase name="@AfterMethod afterEachTestMethod" time="0.0" classname="base.CommonApi">
    <skipped/>
  </testcase> <!-- @AfterMethod afterEachTestMethod -->
  <testcase name="@BeforeMethod setUp" time="0.0" classname="base.CommonApi">
    <skipped/>
  </testcase> <!-- @BeforeMethod setUp -->
  <testcase name="@BeforeMethod startExtent" time="0.0" classname="base.CommonApi">
    <skipped/>
  </testcase> <!-- @BeforeMethod startExtent -->
  <testcase name="@BeforeMethod initializeElement" time="0.0" classname="SearchTest.buttonTest">
    <skipped/>
  </testcase> <!-- @BeforeMethod initializeElement -->
  <testcase name="@AfterMethod afterEachTestMethod" time="0.0" classname="base.CommonApi">
    <skipped/>
  </testcase> <!-- @AfterMethod afterEachTestMethod -->
  <testcase name="@AfterMethod afterEachTestMethod" time="0.03" classname="base.CommonApi">
    <failure type="org.openqa.selenium.NoSuchWindowException" message="no such window: target window already closed
from unknown error: web view not found
  (Session info: chrome=71.0.3578.98)
  (Driver info: chromedriver=2.45.615355 (d5698f682d8b2742017df6c81e0bd8e6a3063189),platform=Mac OS X 10.13.6 x86_64) (WARNING: The server did not provide any stacktrace information)
Command duration or timeout: 0 milliseconds
Build info: version: &amp;apos;3.14.0&amp;apos;, revision: &amp;apos;aacccce0&amp;apos;, time: &amp;apos;2018-08-02T20:19:58.91Z&amp;apos;
System info: host: &amp;apos;hasibs-MBP&amp;apos;, ip: &amp;apos;2604:2000:1501:46d3:0:0:0:a53%en0&amp;apos;, os.name: &amp;apos;Mac OS X&amp;apos;, os.arch: &amp;apos;x86_64&amp;apos;, os.version: &amp;apos;10.13.6&amp;apos;, java.version: &amp;apos;1.8.0_201&amp;apos;
Driver info: org.openqa.selenium.chrome.ChromeDriver
Capabilities {acceptInsecureCerts: false, acceptSslCerts: false, applicationCacheEnabled: false, browserConnectionEnabled: false, browserName: chrome, chrome: {chromedriverVersion: 2.45.615355 (d5698f682d8b27..., userDataDir: /var/folders/fv/3wr2rl1n6x7...}, cssSelectorsEnabled: true, databaseEnabled: false, goog:chromeOptions: {debuggerAddress: localhost:62679}, handlesAlerts: true, hasTouchScreen: false, javascriptEnabled: true, locationContextEnabled: true, mobileEmulationEnabled: false, nativeEvents: true, networkConnectionEnabled: false, pageLoadStrategy: normal, platform: MAC, platformName: MAC, proxy: Proxy(), rotatable: false, setWindowRect: true, strictFileInteractability: false, takesHeapSnapshot: true, takesScreenshot: true, timeouts: {implicit: 0, pageLoad: 300000, script: 30000}, unexpectedAlertBehaviour: ignore, unhandledPromptBehavior: ignore, version: 71.0.3578.98, webStorageEnabled: true}
Session ID: 7ad79b4b00b4efc071ba308c1b743a72">
      <![CDATA[org.openqa.selenium.NoSuchWindowException: no such window: target window already closed
from unknown error: web view not found
  (Session info: chrome=71.0.3578.98)
  (Driver info: chromedriver=2.45.615355 (d5698f682d8b2742017df6c81e0bd8e6a3063189),platform=Mac OS X 10.13.6 x86_64) (WARNING: The server did not provide any stacktrace information)
Command duration or timeout: 0 milliseconds
Build info: version: '3.14.0', revision: 'aacccce0', time: '2018-08-02T20:19:58.91Z'
System info: host: 'hasibs-MBP', ip: '2604:2000:1501:46d3:0:0:0:a53%en0', os.name: 'Mac OS X', os.arch: 'x86_64', os.version: '10.13.6', java.version: '1.8.0_201'
Driver info: org.openqa.selenium.chrome.ChromeDriver
Capabilities {acceptInsecureCerts: false, acceptSslCerts: false, applicationCacheEnabled: false, browserConnectionEnabled: false, browserName: chrome, chrome: {chromedriverVersion: 2.45.615355 (d5698f682d8b27..., userDataDir: /var/folders/fv/3wr2rl1n6x7...}, cssSelectorsEnabled: true, databaseEnabled: false, goog:chromeOptions: {debuggerAddress: localhost:62679}, handlesAlerts: true, hasTouchScreen: false, javascriptEnabled: true, locationContextEnabled: true, mobileEmulationEnabled: false, nativeEvents: true, networkConnectionEnabled: false, pageLoadStrategy: normal, platform: MAC, platformName: MAC, proxy: Proxy(), rotatable: false, setWindowRect: true, strictFileInteractability: false, takesHeapSnapshot: true, takesScreenshot: true, timeouts: {implicit: 0, pageLoad: 300000, script: 30000}, unexpectedAlertBehaviour: ignore, unhandledPromptBehavior: ignore, version: 71.0.3578.98, webStorageEnabled: true}
Session ID: 7ad79b4b00b4efc071ba308c1b743a72
at org.openqa.selenium.remote.ErrorHandler.createThrowable(ErrorHandler.java:214)
at org.openqa.selenium.remote.ErrorHandler.throwIfResponseFailed(ErrorHandler.java:166)
at org.openqa.selenium.remote.http.JsonHttpResponseCodec.reconstructValue(JsonHttpResponseCodec.java:40)
at org.openqa.selenium.remote.http.AbstractHttpResponseCodec.decode(AbstractHttpResponseCodec.java:80)
at org.openqa.selenium.remote.http.AbstractHttpResponseCodec.decode(AbstractHttpResponseCodec.java:44)
at org.openqa.selenium.remote.HttpCommandExecutor.execute(HttpCommandExecutor.java:158)
at org.openqa.selenium.remote.service.DriverCommandExecutor.execute(DriverCommandExecutor.java:83)
at org.openqa.selenium.remote.RemoteWebDriver.execute(RemoteWebDriver.java:548)
at org.openqa.selenium.remote.RemoteWebDriver.execute(RemoteWebDriver.java:605)
at org.openqa.selenium.remote.RemoteWebDriver.getScreenshotAs(RemoteWebDriver.java:294)
at base.CommonApi.captureScreenshot(CommonApi.java:381)
at base.CommonApi.afterEachTestMethod(CommonApi.java:77)
... Removed 36 stack frames]]>
    </failure>
  </testcase> <!-- @AfterMethod afterEachTestMethod -->
  <testcase name="@BeforeMethod setUp" time="3.243" classname="base.CommonApi">
    <failure type="org.openqa.selenium.NoSuchWindowException" message="no such window: window was already closed
  (Session info: chrome=71.0.3578.98)
  (Driver info: chromedriver=2.45.615355 (d5698f682d8b2742017df6c81e0bd8e6a3063189),platform=Mac OS X 10.13.6 x86_64) (WARNING: The server did not provide any stacktrace information)
Command duration or timeout: 0 milliseconds
Build info: version: &amp;apos;3.14.0&amp;apos;, revision: &amp;apos;aacccce0&amp;apos;, time: &amp;apos;2018-08-02T20:19:58.91Z&amp;apos;
System info: host: &amp;apos;hasibs-MBP&amp;apos;, ip: &amp;apos;2604:2000:1501:46d3:0:0:0:a53%en0&amp;apos;, os.name: &amp;apos;Mac OS X&amp;apos;, os.arch: &amp;apos;x86_64&amp;apos;, os.version: &amp;apos;10.13.6&amp;apos;, java.version: &amp;apos;1.8.0_201&amp;apos;
Driver info: org.openqa.selenium.chrome.ChromeDriver
Capabilities {acceptInsecureCerts: false, acceptSslCerts: false, applicationCacheEnabled: false, browserConnectionEnabled: false, browserName: chrome, chrome: {chromedriverVersion: 2.45.615355 (d5698f682d8b27..., userDataDir: /var/folders/fv/3wr2rl1n6x7...}, cssSelectorsEnabled: true, databaseEnabled: false, goog:chromeOptions: {debuggerAddress: localhost:63076}, handlesAlerts: true, hasTouchScreen: false, javascriptEnabled: true, locationContextEnabled: true, mobileEmulationEnabled: false, nativeEvents: true, networkConnectionEnabled: false, pageLoadStrategy: normal, platform: MAC, platformName: MAC, proxy: Proxy(), rotatable: false, setWindowRect: true, strictFileInteractability: false, takesHeapSnapshot: true, takesScreenshot: true, timeouts: {implicit: 0, pageLoad: 300000, script: 30000}, unexpectedAlertBehaviour: ignore, unhandledPromptBehavior: ignore, version: 71.0.3578.98, webStorageEnabled: true}
Session ID: 254c03d303b43e232d922e49c501bf52">
      <![CDATA[org.openqa.selenium.NoSuchWindowException: no such window: window was already closed
  (Session info: chrome=71.0.3578.98)
  (Driver info: chromedriver=2.45.615355 (d5698f682d8b2742017df6c81e0bd8e6a3063189),platform=Mac OS X 10.13.6 x86_64) (WARNING: The server did not provide any stacktrace information)
Command duration or timeout: 0 milliseconds
Build info: version: '3.14.0', revision: 'aacccce0', time: '2018-08-02T20:19:58.91Z'
System info: host: 'hasibs-MBP', ip: '2604:2000:1501:46d3:0:0:0:a53%en0', os.name: 'Mac OS X', os.arch: 'x86_64', os.version: '10.13.6', java.version: '1.8.0_201'
Driver info: org.openqa.selenium.chrome.ChromeDriver
Capabilities {acceptInsecureCerts: false, acceptSslCerts: false, applicationCacheEnabled: false, browserConnectionEnabled: false, browserName: chrome, chrome: {chromedriverVersion: 2.45.615355 (d5698f682d8b27..., userDataDir: /var/folders/fv/3wr2rl1n6x7...}, cssSelectorsEnabled: true, databaseEnabled: false, goog:chromeOptions: {debuggerAddress: localhost:63076}, handlesAlerts: true, hasTouchScreen: false, javascriptEnabled: true, locationContextEnabled: true, mobileEmulationEnabled: false, nativeEvents: true, networkConnectionEnabled: false, pageLoadStrategy: normal, platform: MAC, platformName: MAC, proxy: Proxy(), rotatable: false, setWindowRect: true, strictFileInteractability: false, takesHeapSnapshot: true, takesScreenshot: true, timeouts: {implicit: 0, pageLoad: 300000, script: 30000}, unexpectedAlertBehaviour: ignore, unhandledPromptBehavior: ignore, version: 71.0.3578.98, webStorageEnabled: true}
Session ID: 254c03d303b43e232d922e49c501bf52
at org.openqa.selenium.remote.ErrorHandler.createThrowable(ErrorHandler.java:214)
at org.openqa.selenium.remote.ErrorHandler.throwIfResponseFailed(ErrorHandler.java:166)
at org.openqa.selenium.remote.http.JsonHttpResponseCodec.reconstructValue(JsonHttpResponseCodec.java:40)
at org.openqa.selenium.remote.http.AbstractHttpResponseCodec.decode(AbstractHttpResponseCodec.java:80)
at org.openqa.selenium.remote.http.AbstractHttpResponseCodec.decode(AbstractHttpResponseCodec.java:44)
at org.openqa.selenium.remote.HttpCommandExecutor.execute(HttpCommandExecutor.java:158)
at org.openqa.selenium.remote.service.DriverCommandExecutor.execute(DriverCommandExecutor.java:83)
at org.openqa.selenium.remote.RemoteWebDriver.execute(RemoteWebDriver.java:548)
at org.openqa.selenium.remote.RemoteWebDriver.execute(RemoteWebDriver.java:605)
at org.openqa.selenium.remote.RemoteWebDriver$RemoteWebDriverOptions$RemoteWindow.maximize(RemoteWebDriver.java:833)
at base.CommonApi.setUp(CommonApi.java:114)
... Removed 36 stack frames]]>
    </failure>
  </testcase> <!-- @BeforeMethod setUp -->
  <testcase name="@BeforeMethod startExtent" time="0.0" classname="base.CommonApi">
    <skipped/>
  </testcase> <!-- @BeforeMethod startExtent -->
  <testcase name="@BeforeMethod initializeElement" time="0.0" classname="SearchTest.SearchMenuTest">
    <skipped/>
  </testcase> <!-- @BeforeMethod initializeElement -->
  <testcase name="@AfterMethod afterEachTestMethod" time="0.0" classname="base.CommonApi">
    <skipped/>
  </testcase> <!-- @AfterMethod afterEachTestMethod -->
  <testcase name="@BeforeMethod setUp" time="0.0" classname="base.CommonApi">
    <skipped/>
  </testcase> <!-- @BeforeMethod setUp -->
  <testcase name="@BeforeMethod startExtent" time="0.0" classname="base.CommonApi">
    <skipped/>
  </testcase> <!-- @BeforeMethod startExtent -->
  <testcase name="@BeforeMethod initializeElement" time="0.0" classname="SearchTest.SearchMenuTest">
    <skipped/>
  </testcase> <!-- @BeforeMethod initializeElement -->
  <testcase name="@AfterMethod afterEachTestMethod" time="0.0" classname="base.CommonApi">
    <skipped/>
  </testcase> <!-- @AfterMethod afterEachTestMethod -->
  <testcase name="@BeforeMethod setUp" time="0.0" classname="base.CommonApi">
    <skipped/>
  </testcase> <!-- @BeforeMethod setUp -->
  <testcase name="@BeforeMethod startExtent" time="0.0" classname="base.CommonApi">
    <skipped/>
  </testcase> <!-- @BeforeMethod startExtent -->
  <testcase name="@BeforeMethod initializeElement" time="0.0" classname="SearchTest.SearchMenuTest">
    <skipped/>
  </testcase> <!-- @BeforeMethod initializeElement -->
  <testcase name="@AfterMethod afterEachTestMethod" time="0.0" classname="base.CommonApi">
    <skipped/>
  </testcase> <!-- @AfterMethod afterEachTestMethod -->
  <testcase name="@BeforeMethod setUp" time="0.0" classname="base.CommonApi">
    <skipped/>
  </testcase> <!-- @BeforeMethod setUp -->
  <testcase name="@BeforeMethod startExtent" time="0.0" classname="base.CommonApi">
    <skipped/>
  </testcase> <!-- @BeforeMethod startExtent -->
  <testcase name="@BeforeMethod initializeElement" time="0.0" classname="SearchTest.SearchMenuTest">
    <skipped/>
  </testcase> <!-- @BeforeMethod initializeElement -->
  <testcase name="@AfterMethod afterEachTestMethod" time="0.0" classname="base.CommonApi">
    <skipped/>
  </testcase> <!-- @AfterMethod afterEachTestMethod -->
  <testcase name="@BeforeMethod setUp" time="0.0" classname="base.CommonApi">
    <skipped/>
  </testcase> <!-- @BeforeMethod setUp -->
  <testcase name="@BeforeMethod startExtent" time="0.0" classname="base.CommonApi">
    <skipped/>
  </testcase> <!-- @BeforeMethod startExtent -->
  <testcase name="@BeforeMethod initializeElement" time="0.0" classname="SearchTest.SearchMenuTest">
    <skipped/>
  </testcase> <!-- @BeforeMethod initializeElement -->
  <testcase name="@AfterMethod afterEachTestMethod" time="0.0" classname="base.CommonApi">
    <skipped/>
  </testcase> <!-- @AfterMethod afterEachTestMethod -->
  <testcase name="@BeforeMethod setUp" time="0.0" classname="base.CommonApi">
    <skipped/>
  </testcase> <!-- @BeforeMethod setUp -->
  <testcase name="@BeforeMethod startExtent" time="0.0" classname="base.CommonApi">
    <skipped/>
  </testcase> <!-- @BeforeMethod startExtent -->
  <testcase name="@BeforeMethod initializeElement" time="0.0" classname="SearchTest.SearchMenuTest">
    <skipped/>
  </testcase> <!-- @BeforeMethod initializeElement -->
  <testcase name="@AfterMethod afterEachTestMethod" time="0.0" classname="base.CommonApi">
    <skipped/>
  </testcase> <!-- @AfterMethod afterEachTestMethod -->
  <testcase name="@BeforeMethod setUp" time="0.0" classname="base.CommonApi">
    <skipped/>
  </testcase> <!-- @BeforeMethod setUp -->
  <testcase name="@BeforeMethod startExtent" time="0.0" classname="base.CommonApi">
    <skipped/>
  </testcase> <!-- @BeforeMethod startExtent -->
  <testcase name="@BeforeMethod initializeElement" time="0.0" classname="SearchTest.SearchMenuTest">
    <skipped/>
  </testcase> <!-- @BeforeMethod initializeElement -->
  <testcase name="@AfterMethod afterEachTestMethod" time="0.0" classname="base.CommonApi">
    <skipped/>
  </testcase> <!-- @AfterMethod afterEachTestMethod -->
  <testcase name="@BeforeMethod setUp" time="0.0" classname="base.CommonApi">
    <skipped/>
  </testcase> <!-- @BeforeMethod setUp -->
  <testcase name="@BeforeMethod startExtent" time="0.0" classname="base.CommonApi">
    <skipped/>
  </testcase> <!-- @BeforeMethod startExtent -->
  <testcase name="@BeforeMethod initializeElement" time="0.0" classname="SearchTest.SearchMenuTest">
    <skipped/>
  </testcase> <!-- @BeforeMethod initializeElement -->
  <testcase name="@AfterMethod afterEachTestMethod" time="0.0" classname="base.CommonApi">
    <skipped/>
  </testcase> <!-- @AfterMethod afterEachTestMethod -->
  <testcase name="@BeforeMethod setUp" time="0.0" classname="base.CommonApi">
    <skipped/>
  </testcase> <!-- @BeforeMethod setUp -->
  <testcase name="@BeforeMethod startExtent" time="0.0" classname="base.CommonApi">
    <skipped/>
  </testcase> <!-- @BeforeMethod startExtent -->
  <testcase name="@BeforeMethod initializeElement" time="0.0" classname="SearchTest.SearchMenuTest">
    <skipped/>
  </testcase> <!-- @BeforeMethod initializeElement -->
  <testcase name="@AfterMethod afterEachTestMethod" time="0.0" classname="base.CommonApi">
    <skipped/>
  </testcase> <!-- @AfterMethod afterEachTestMethod -->
  <testcase name="searchGoogleSheet" time="0.142" classname="SearchTest.TestGoogleSheet"/>
  <testcase name="AfternoonTVSchedule" time="0.004" classname="SearchTest.SearchTest">
    <skipped/>
  </testcase> <!-- AfternoonTVSchedule -->
  <testcase name="AsiaFirstArticle" time="0.0" classname="SearchTest.SearchTest">
    <skipped/>
  </testcase> <!-- AsiaFirstArticle -->
  <testcase name="LogInTest" time="0.0" classname="SearchTest.SearchTest">
    <skipped/>
  </testcase> <!-- LogInTest -->
  <testcase name="SpaceAndScience1stArticle" time="0.0" classname="SearchTest.SearchTest">
    <skipped/>
  </testcase> <!-- SpaceAndScience1stArticle -->
  <testcase name="Stars" time="0.0" classname="SearchTest.SearchTest">
    <skipped/>
  </testcase> <!-- Stars -->
  <testcase name="USEnergy" time="0.0" classname="SearchTest.SearchTest">
    <skipped/>
  </testcase> <!-- USEnergy -->
  <testcase name="businessTechTopStories" time="0.0" classname="SearchTest.SearchTest">
    <skipped/>
  </testcase> <!-- businessTechTopStories -->
  <testcase name="gettingTicket" time="0.0" classname="SearchTest.SearchTest">
    <skipped/>
  </testcase> <!-- gettingTicket -->
  <testcase name="goCuba" time="0.0" classname="SearchTest.SearchTest">
    <skipped/>
  </testcase> <!-- goCuba -->
  <testcase name="goDubai" time="0.0" classname="SearchTest.SearchTest">
    <skipped/>
  </testcase> <!-- goDubai -->
  <testcase name="goGermany" time="0.0" classname="SearchTest.SearchTest">
    <skipped/>
  </testcase> <!-- goGermany -->
  <testcase name="goScience" time="0.0" classname="SearchTest.SearchTest">
    <skipped/>
  </testcase> <!-- goScience -->
  <testcase name="letsStay" time="0.0" classname="SearchTest.SearchTest">
    <skipped/>
  </testcase> <!-- letsStay -->
  <testcase name="liveVideos" time="0.0" classname="SearchTest.SearchTest">
    <skipped/>
  </testcase> <!-- liveVideos -->
  <testcase name="longLive" time="0.0" classname="SearchTest.SearchTest">
    <skipped/>
  </testcase> <!-- longLive -->
  <testcase name="opinion" time="0.0" classname="SearchTest.SearchTest">
    <skipped/>
  </testcase> <!-- opinion -->
  <testcase name="searchBangladesh" time="0.0" classname="SearchTest.SearchTest">
    <skipped/>
  </testcase> <!-- searchBangladesh -->
  <testcase name="showLiveTV" time="0.0" classname="SearchTest.SearchTest">
    <skipped/>
  </testcase> <!-- showLiveTV -->
  <testcase name="sports" time="0.0" classname="SearchTest.SearchTest">
    <skipped/>
  </testcase> <!-- sports -->
  <testcase name="style" time="0.0" classname="SearchTest.SearchTest">
    <skipped/>
  </testcase> <!-- style -->
  <testcase name="test1" time="0.0" classname="SearchTest.SearchTest">
    <skipped/>
  </testcase> <!-- test1 -->
  <testcase name="test10" time="0.0" classname="SearchTest.SearchTest">
    <skipped/>
  </testcase> <!-- test10 -->
  <testcase name="test2" time="0.0" classname="SearchTest.SearchTest">
    <skipped/>
  </testcase> <!-- test2 -->
  <testcase name="test3" time="0.0" classname="SearchTest.SearchTest">
    <skipped/>
  </testcase> <!-- test3 -->
  <testcase name="test4" time="0.0" classname="SearchTest.SearchTest">
    <skipped/>
  </testcase> <!-- test4 -->
  <testcase name="test5" time="0.0" classname="SearchTest.SearchTest">
    <skipped/>
  </testcase> <!-- test5 -->
  <testcase name="test6" time="0.0" classname="SearchTest.SearchTest">
    <skipped/>
  </testcase> <!-- test6 -->
  <testcase name="test7" time="0.0" classname="SearchTest.SearchTest">
    <skipped/>
  </testcase> <!-- test7 -->
  <testcase name="test8" time="0.0" classname="SearchTest.SearchTest">
    <skipped/>
  </testcase> <!-- test8 -->
  <testcase name="test9" time="0.0" classname="SearchTest.SearchTest">
    <skipped/>
  </testcase> <!-- test9 -->
  <testcase name="travelFood" time="0.0" classname="SearchTest.SearchTest">
    <skipped/>
  </testcase> <!-- travelFood -->
  <testcase name="wayToLogIn" time="0.0" classname="SearchTest.SearchTest">
    <skipped/>
  </testcase> <!-- wayToLogIn -->
  <testcase name="workForCNNNews" time="0.0" classname="SearchTest.SearchTest">
    <skipped/>
  </testcase> <!-- workForCNNNews -->
  <testcase name="webElementName" time="0.0" classname="SearchTest.XLSXTest">
    <skipped/>
  </testcase> <!-- webElementName -->
  <testcase name="webElementName1" time="0.0" classname="SearchTest.XLSXTest">
    <skipped/>
  </testcase> <!-- webElementName1 -->
  <testcase name="Test1" time="0.555" classname="SearchTest.buttonTest">
    <failure type="org.openqa.selenium.WebDriverException" message="unknown error: Element &amp;lt;a class=&amp;quot;m-footer__link&amp;quot; data-analytics=&amp;quot;footer_world_africa&amp;quot; href=&amp;quot;/africa&amp;quot;&amp;gt;...&amp;lt;/a&amp;gt; is not clickable at point (465, 829). Other element would receive the click: &amp;lt;p&amp;gt;...&amp;lt;/p&amp;gt;
  (Session info: chrome=71.0.3578.98)
  (Driver info: chromedriver=2.45.615355 (d5698f682d8b2742017df6c81e0bd8e6a3063189),platform=Mac OS X 10.13.6 x86_64) (WARNING: The server did not provide any stacktrace information)
Command duration or timeout: 0 milliseconds
Build info: version: &amp;apos;3.14.0&amp;apos;, revision: &amp;apos;aacccce0&amp;apos;, time: &amp;apos;2018-08-02T20:19:58.91Z&amp;apos;
System info: host: &amp;apos;hasibs-MBP&amp;apos;, ip: &amp;apos;2604:2000:1501:46d3:0:0:0:a53%en0&amp;apos;, os.name: &amp;apos;Mac OS X&amp;apos;, os.arch: &amp;apos;x86_64&amp;apos;, os.version: &amp;apos;10.13.6&amp;apos;, java.version: &amp;apos;1.8.0_201&amp;apos;
Driver info: org.openqa.selenium.chrome.ChromeDriver
Capabilities {acceptInsecureCerts: false, acceptSslCerts: false, applicationCacheEnabled: false, browserConnectionEnabled: false, browserName: chrome, chrome: {chromedriverVersion: 2.45.615355 (d5698f682d8b27..., userDataDir: /var/folders/fv/3wr2rl1n6x7...}, cssSelectorsEnabled: true, databaseEnabled: false, goog:chromeOptions: {debuggerAddress: localhost:61940}, handlesAlerts: true, hasTouchScreen: false, javascriptEnabled: true, locationContextEnabled: true, mobileEmulationEnabled: false, nativeEvents: true, networkConnectionEnabled: false, pageLoadStrategy: normal, platform: MAC, platformName: MAC, proxy: Proxy(), rotatable: false, setWindowRect: true, strictFileInteractability: false, takesHeapSnapshot: true, takesScreenshot: true, timeouts: {implicit: 0, pageLoad: 300000, script: 30000}, unexpectedAlertBehaviour: ignore, unhandledPromptBehavior: ignore, version: 71.0.3578.98, webStorageEnabled: true}
Session ID: 96a8100d2da329f2af9158d3d297a69b">
      <![CDATA[org.openqa.selenium.WebDriverException: unknown error: Element <a class="m-footer__link" data-analytics="footer_world_africa" href="/africa">...</a> is not clickable at point (465, 829). Other element would receive the click: <p>...</p>
  (Session info: chrome=71.0.3578.98)
  (Driver info: chromedriver=2.45.615355 (d5698f682d8b2742017df6c81e0bd8e6a3063189),platform=Mac OS X 10.13.6 x86_64) (WARNING: The server did not provide any stacktrace information)
Command duration or timeout: 0 milliseconds
Build info: version: '3.14.0', revision: 'aacccce0', time: '2018-08-02T20:19:58.91Z'
System info: host: 'hasibs-MBP', ip: '2604:2000:1501:46d3:0:0:0:a53%en0', os.name: 'Mac OS X', os.arch: 'x86_64', os.version: '10.13.6', java.version: '1.8.0_201'
Driver info: org.openqa.selenium.chrome.ChromeDriver
Capabilities {acceptInsecureCerts: false, acceptSslCerts: false, applicationCacheEnabled: false, browserConnectionEnabled: false, browserName: chrome, chrome: {chromedriverVersion: 2.45.615355 (d5698f682d8b27..., userDataDir: /var/folders/fv/3wr2rl1n6x7...}, cssSelectorsEnabled: true, databaseEnabled: false, goog:chromeOptions: {debuggerAddress: localhost:61940}, handlesAlerts: true, hasTouchScreen: false, javascriptEnabled: true, locationContextEnabled: true, mobileEmulationEnabled: false, nativeEvents: true, networkConnectionEnabled: false, pageLoadStrategy: normal, platform: MAC, platformName: MAC, proxy: Proxy(), rotatable: false, setWindowRect: true, strictFileInteractability: false, takesHeapSnapshot: true, takesScreenshot: true, timeouts: {implicit: 0, pageLoad: 300000, script: 30000}, unexpectedAlertBehaviour: ignore, unhandledPromptBehavior: ignore, version: 71.0.3578.98, webStorageEnabled: true}
Session ID: 96a8100d2da329f2af9158d3d297a69b
at org.openqa.selenium.remote.ErrorHandler.createThrowable(ErrorHandler.java:214)
at org.openqa.selenium.remote.ErrorHandler.throwIfResponseFailed(ErrorHandler.java:166)
at org.openqa.selenium.remote.http.JsonHttpResponseCodec.reconstructValue(JsonHttpResponseCodec.java:40)
at org.openqa.selenium.remote.http.AbstractHttpResponseCodec.decode(AbstractHttpResponseCodec.java:80)
at org.openqa.selenium.remote.http.AbstractHttpResponseCodec.decode(AbstractHttpResponseCodec.java:44)
at org.openqa.selenium.remote.HttpCommandExecutor.execute(HttpCommandExecutor.java:158)
at org.openqa.selenium.remote.service.DriverCommandExecutor.execute(DriverCommandExecutor.java:83)
at org.openqa.selenium.remote.RemoteWebDriver.execute(RemoteWebDriver.java:548)
at org.openqa.selenium.remote.RemoteWebElement.execute(RemoteWebElement.java:276)
at org.openqa.selenium.remote.RemoteWebElement.click(RemoteWebElement.java:83)
at org.openqa.selenium.support.pagefactory.internal.LocatingElementHandler.invoke(LocatingElementHandler.java:51)
at com.sun.proxy.$Proxy10.click(Unknown Source)
at SearchTest.buttonTest.Test1(buttonTest.java:17)
... Removed 37 stack frames]]>
    </failure>
  </testcase> <!-- Test1 -->
  <testcase name="Test10" time="1.12" classname="SearchTest.buttonTest">
    <failure type="org.openqa.selenium.WebDriverException" message="unknown error: Element &amp;lt;a class=&amp;quot;m-footer__link&amp;quot; data-analytics=&amp;quot;footer_us_extreme-weather&amp;quot; href=&amp;quot;/specials/us/extreme-weather&amp;quot;&amp;gt;...&amp;lt;/a&amp;gt; is not clickable at point (345, 831). Other element would receive the click: &amp;lt;div class=&amp;quot;optanon-clearfix optanon-alert-box-bottom-padding&amp;quot;&amp;gt;&amp;lt;/div&amp;gt;
  (Session info: chrome=71.0.3578.98)
  (Driver info: chromedriver=2.45.615355 (d5698f682d8b2742017df6c81e0bd8e6a3063189),platform=Mac OS X 10.13.6 x86_64) (WARNING: The server did not provide any stacktrace information)
Command duration or timeout: 0 milliseconds
Build info: version: &amp;apos;3.14.0&amp;apos;, revision: &amp;apos;aacccce0&amp;apos;, time: &amp;apos;2018-08-02T20:19:58.91Z&amp;apos;
System info: host: &amp;apos;hasibs-MBP&amp;apos;, ip: &amp;apos;2604:2000:1501:46d3:0:0:0:a53%en0&amp;apos;, os.name: &amp;apos;Mac OS X&amp;apos;, os.arch: &amp;apos;x86_64&amp;apos;, os.version: &amp;apos;10.13.6&amp;apos;, java.version: &amp;apos;1.8.0_201&amp;apos;
Driver info: org.openqa.selenium.chrome.ChromeDriver
Capabilities {acceptInsecureCerts: false, acceptSslCerts: false, applicationCacheEnabled: false, browserConnectionEnabled: false, browserName: chrome, chrome: {chromedriverVersion: 2.45.615355 (d5698f682d8b27..., userDataDir: /var/folders/fv/3wr2rl1n6x7...}, cssSelectorsEnabled: true, databaseEnabled: false, goog:chromeOptions: {debuggerAddress: localhost:62176}, handlesAlerts: true, hasTouchScreen: false, javascriptEnabled: true, locationContextEnabled: true, mobileEmulationEnabled: false, nativeEvents: true, networkConnectionEnabled: false, pageLoadStrategy: normal, platform: MAC, platformName: MAC, proxy: Proxy(), rotatable: false, setWindowRect: true, strictFileInteractability: false, takesHeapSnapshot: true, takesScreenshot: true, timeouts: {implicit: 0, pageLoad: 300000, script: 30000}, unexpectedAlertBehaviour: ignore, unhandledPromptBehavior: ignore, version: 71.0.3578.98, webStorageEnabled: true}
Session ID: 039c0c00ad53451f1b82a16366b6ae50">
      <![CDATA[org.openqa.selenium.WebDriverException: unknown error: Element <a class="m-footer__link" data-analytics="footer_us_extreme-weather" href="/specials/us/extreme-weather">...</a> is not clickable at point (345, 831). Other element would receive the click: <div class="optanon-clearfix optanon-alert-box-bottom-padding"></div>
  (Session info: chrome=71.0.3578.98)
  (Driver info: chromedriver=2.45.615355 (d5698f682d8b2742017df6c81e0bd8e6a3063189),platform=Mac OS X 10.13.6 x86_64) (WARNING: The server did not provide any stacktrace information)
Command duration or timeout: 0 milliseconds
Build info: version: '3.14.0', revision: 'aacccce0', time: '2018-08-02T20:19:58.91Z'
System info: host: 'hasibs-MBP', ip: '2604:2000:1501:46d3:0:0:0:a53%en0', os.name: 'Mac OS X', os.arch: 'x86_64', os.version: '10.13.6', java.version: '1.8.0_201'
Driver info: org.openqa.selenium.chrome.ChromeDriver
Capabilities {acceptInsecureCerts: false, acceptSslCerts: false, applicationCacheEnabled: false, browserConnectionEnabled: false, browserName: chrome, chrome: {chromedriverVersion: 2.45.615355 (d5698f682d8b27..., userDataDir: /var/folders/fv/3wr2rl1n6x7...}, cssSelectorsEnabled: true, databaseEnabled: false, goog:chromeOptions: {debuggerAddress: localhost:62176}, handlesAlerts: true, hasTouchScreen: false, javascriptEnabled: true, locationContextEnabled: true, mobileEmulationEnabled: false, nativeEvents: true, networkConnectionEnabled: false, pageLoadStrategy: normal, platform: MAC, platformName: MAC, proxy: Proxy(), rotatable: false, setWindowRect: true, strictFileInteractability: false, takesHeapSnapshot: true, takesScreenshot: true, timeouts: {implicit: 0, pageLoad: 300000, script: 30000}, unexpectedAlertBehaviour: ignore, unhandledPromptBehavior: ignore, version: 71.0.3578.98, webStorageEnabled: true}
Session ID: 039c0c00ad53451f1b82a16366b6ae50
at org.openqa.selenium.remote.ErrorHandler.createThrowable(ErrorHandler.java:214)
at org.openqa.selenium.remote.ErrorHandler.throwIfResponseFailed(ErrorHandler.java:166)
at org.openqa.selenium.remote.http.JsonHttpResponseCodec.reconstructValue(JsonHttpResponseCodec.java:40)
at org.openqa.selenium.remote.http.AbstractHttpResponseCodec.decode(AbstractHttpResponseCodec.java:80)
at org.openqa.selenium.remote.http.AbstractHttpResponseCodec.decode(AbstractHttpResponseCodec.java:44)
at org.openqa.selenium.remote.HttpCommandExecutor.execute(HttpCommandExecutor.java:158)
at org.openqa.selenium.remote.service.DriverCommandExecutor.execute(DriverCommandExecutor.java:83)
at org.openqa.selenium.remote.RemoteWebDriver.execute(RemoteWebDriver.java:548)
at org.openqa.selenium.remote.RemoteWebElement.execute(RemoteWebElement.java:276)
at org.openqa.selenium.remote.RemoteWebElement.click(RemoteWebElement.java:83)
at org.openqa.selenium.support.pagefactory.internal.LocatingElementHandler.invoke(LocatingElementHandler.java:51)
at com.sun.proxy.$Proxy10.click(Unknown Source)
at SearchTest.buttonTest.Test10(buttonTest.java:44)
... Removed 37 stack frames]]>
    </failure>
  </testcase> <!-- Test10 -->
  <testcase name="Test11" time="0.0" classname="SearchTest.buttonTest">
    <skipped/>
  </testcase> <!-- Test11 -->
  <testcase name="Test12" time="0.0" classname="SearchTest.buttonTest">
    <skipped/>
  </testcase> <!-- Test12 -->
  <testcase name="Test13" time="0.0" classname="SearchTest.buttonTest">
    <skipped/>
  </testcase> <!-- Test13 -->
  <testcase name="Test14" time="0.0" classname="SearchTest.buttonTest">
    <skipped/>
  </testcase> <!-- Test14 -->
  <testcase name="Test2" time="0.0" classname="SearchTest.buttonTest">
    <skipped/>
  </testcase> <!-- Test2 -->
  <testcase name="Test3" time="0.0" classname="SearchTest.buttonTest">
    <skipped/>
  </testcase> <!-- Test3 -->
  <testcase name="Test4" time="0.0" classname="SearchTest.buttonTest">
    <skipped/>
  </testcase> <!-- Test4 -->
  <testcase name="Test5" time="0.0" classname="SearchTest.buttonTest">
    <skipped/>
  </testcase> <!-- Test5 -->
  <testcase name="Test6" time="0.0" classname="SearchTest.buttonTest">
    <skipped/>
  </testcase> <!-- Test6 -->
  <testcase name="Test7" time="0.0" classname="SearchTest.buttonTest">
    <skipped/>
  </testcase> <!-- Test7 -->
  <testcase name="Test8" time="0.0" classname="SearchTest.buttonTest">
    <skipped/>
  </testcase> <!-- Test8 -->
  <testcase name="Test9" time="0.0" classname="SearchTest.buttonTest">
    <skipped/>
  </testcase> <!-- Test9 -->
  <testcase name="webElementName" time="2.913" classname="SearchTest.DatabaseTest">
    <failure type="java.lang.NullPointerException">
      <![CDATA[java.lang.NullPointerException
at org.openqa.selenium.support.pagefactory.internal.LocatingElementHandler.invoke(LocatingElementHandler.java:51)
at com.sun.proxy.$Proxy10.getText(Unknown Source)
at search.DatabaseOperation.getHeadersValue1(DatabaseOperation.java:58)
at SearchTest.DatabaseTest.webElementName(DatabaseTest.java:22)
... Removed 33 stack frames]]>
    </failure>
  </testcase> <!-- webElementName -->
  <testcase name="TravelingVid" time="0.0" classname="SearchTest.SearchMenuTest">
    <skipped/>
  </testcase> <!-- TravelingVid -->
  <testcase name="foodAndDrink" time="0.0" classname="SearchTest.SearchMenuTest">
    <skipped/>
  </testcase> <!-- foodAndDrink -->
  <testcase name="letsTravel" time="0.0" classname="SearchTest.SearchMenuTest">
    <skipped/>
  </testcase> <!-- letsTravel -->
  <testcase name="politicsCongress" time="0.0" classname="SearchTest.SearchMenuTest">
    <skipped/>
  </testcase> <!-- politicsCongress -->
  <testcase name="searchIndia" time="0.0" classname="SearchTest.SearchMenuTest">
    <skipped/>
  </testcase> <!-- searchIndia -->
  <testcase name="showMenu" time="0.0" classname="SearchTest.SearchMenuTest">
    <skipped/>
  </testcase> <!-- showMenu -->
  <testcase name="showPhotos" time="0.0" classname="SearchTest.SearchMenuTest">
    <skipped/>
  </testcase> <!-- showPhotos -->
  <testcase name="showVideo" time="0.0" classname="SearchTest.SearchMenuTest">
    <skipped/>
  </testcase> <!-- showVideo -->
  <testcase name="showVideos" time="0.0" classname="SearchTest.SearchMenuTest">
    <skipped/>
  </testcase> <!-- showVideos -->
  <testcase name="@BeforeSuite extentSetup" time="0.0" classname="base.CommonApi">
    <ignored/>
  </testcase> <!-- @BeforeSuite extentSetup -->
  <testcase name="@BeforeSuite extentSetup" time="0.0" classname="base.CommonApi">
    <ignored/>
  </testcase> <!-- @BeforeSuite extentSetup -->
  <testcase name="@BeforeSuite extentSetup" time="0.0" classname="base.CommonApi">
    <ignored/>
  </testcase> <!-- @BeforeSuite extentSetup -->
  <testcase name="@BeforeSuite extentSetup" time="0.0" classname="base.CommonApi">
    <ignored/>
  </testcase> <!-- @BeforeSuite extentSetup -->
  <testcase name="@BeforeSuite extentSetup" time="0.0" classname="base.CommonApi">
    <ignored/>
  </testcase> <!-- @BeforeSuite extentSetup -->
</testsuite> <!-- Surefire test -->
