<?xml version="1.0" encoding="UTF-8"?>
<testng-results skipped="0" failed="3" ignored="0" total="10" passed="7">
  <reporter-output>
    <line>
      <![CDATA[Extent Report Directory/Users/lazimulhaque/Downloads/TeamAutomation2018-Developer_Joynab/Ebay/target/surefire-reports/html]]>
    </line>
  </reporter-output>
  <suite name="Ebay Shopping Website " duration-ms="102194" started-at="2019-01-21T06:26:20Z" finished-at="2019-01-21T06:28:02Z">
    <groups>
    </groups>
    <test name="Ebay Home" duration-ms="102194" started-at="2019-01-21T06:26:20Z" finished-at="2019-01-21T06:28:02Z">
      <class name="Test.login">
        <test-method status="PASS" signature="extentSetup(org.testng.ITestContext)[pri:0, instance:Test.login@520a3426]" name="extentSetup" is-config="true" duration-ms="299" started-at="2019-01-21T06:26:19Z" finished-at="2019-01-21T06:26:20Z">
          <params>
            <param index="0">
              <value>
                <![CDATA[org.testng.TestRunner@3044e9c7]]>
              </value>
            </param>
          </params>
          <reporter-output>
            <line>
              <![CDATA[Extent Report Directory/Users/lazimulhaque/Downloads/TeamAutomation2018-Developer_Joynab/Ebay/target/surefire-reports/html]]>
            </line>
          </reporter-output>
        </test-method> <!-- extentSetup -->
        <test-method status="PASS" signature="setUp(java.lang.Boolean, java.lang.String, java.lang.String, java.lang.String, java.lang.String, java.lang.String, java.lang.String)[pri:0, instance:Test.login@520a3426]" name="setUp" is-config="true" duration-ms="7430" started-at="2019-01-21T06:26:20Z" finished-at="2019-01-21T06:26:27Z">
          <params>
            <param index="0">
              <value>
                <![CDATA[false]]>
              </value>
            </param>
            <param index="1">
              <value>
                <![CDATA[lazim122]]>
              </value>
            </param>
            <param index="2">
              <value>
                <![CDATA[3521de6c-5cf2-42cf-af5a-f5d0cf8afeb4]]>
              </value>
            </param>
            <param index="3">
              <value>
                <![CDATA[macOS 10.12]]>
              </value>
            </param>
            <param index="4">
              <value>
                <![CDATA[chrome]]>
              </value>
            </param>
            <param index="5">
              <value>
                <![CDATA[71.0]]>
              </value>
            </param>
            <param index="6">
              <value>
                <![CDATA[https://www.ebay.com]]>
              </value>
            </param>
          </params>
          <reporter-output>
          </reporter-output>
        </test-method> <!-- setUp -->
        <test-method status="PASS" signature="startExtent(java.lang.reflect.Method)[pri:0, instance:Test.login@520a3426]" name="startExtent" is-config="true" duration-ms="9" started-at="2019-01-21T06:26:27Z" finished-at="2019-01-21T06:26:27Z">
          <params>
            <param index="0">
              <value>
                <![CDATA[public void Test.login.clickregister()]]>
              </value>
            </param>
          </params>
          <reporter-output>
          </reporter-output>
        </test-method> <!-- startExtent -->
        <test-method status="PASS" signature="initialize()[pri:0, instance:Test.login@520a3426]" name="initialize" is-config="true" duration-ms="67" started-at="2019-01-21T06:26:27Z" finished-at="2019-01-21T06:26:27Z">
          <reporter-output>
          </reporter-output>
        </test-method> <!-- initialize -->
        <test-method status="PASS" signature="initializeTest()[pri:0, instance:Test.login@520a3426]" name="initializeTest" is-config="true" duration-ms="0" started-at="2019-01-21T06:26:27Z" finished-at="2019-01-21T06:26:27Z">
          <reporter-output>
          </reporter-output>
        </test-method> <!-- initializeTest -->
        <test-method status="PASS" signature="clickregister()[pri:0, instance:Test.login@520a3426]" name="clickregister" duration-ms="7199" started-at="2019-01-21T06:26:27Z" finished-at="2019-01-21T06:26:34Z">
          <reporter-output>
          </reporter-output>
        </test-method> <!-- clickregister -->
        <test-method status="PASS" signature="clear()[pri:0, instance:Test.login@520a3426]" name="clear" is-config="true" duration-ms="1" started-at="2019-01-21T06:26:34Z" finished-at="2019-01-21T06:26:34Z">
          <reporter-output>
          </reporter-output>
        </test-method> <!-- clear -->
        <test-method status="PASS" signature="tearDownTest()[pri:0, instance:Test.login@520a3426]" name="tearDownTest" is-config="true" duration-ms="1" started-at="2019-01-21T06:26:34Z" finished-at="2019-01-21T06:26:34Z">
          <reporter-output>
          </reporter-output>
        </test-method> <!-- tearDownTest -->
        <test-method status="PASS" signature="afterEachTestMethod(org.testng.ITestResult)[pri:0, instance:Test.login@520a3426]" name="afterEachTestMethod" is-config="true" duration-ms="1008" started-at="2019-01-21T06:26:34Z" finished-at="2019-01-21T06:26:35Z">
          <params>
            <param index="0">
              <value>
                <![CDATA[[TestResult name=clickregister status=SUCCESS method=login.clickregister()[pri:0, instance:Test.login@520a3426] output={null}]]]>
              </value>
            </param>
          </params>
          <reporter-output>
          </reporter-output>
        </test-method> <!-- afterEachTestMethod -->
        <test-method status="PASS" signature="cleanUp()[pri:0, instance:Test.login@520a3426]" name="cleanUp" is-config="true" duration-ms="1" started-at="2019-01-21T06:26:35Z" finished-at="2019-01-21T06:26:35Z">
          <reporter-output>
          </reporter-output>
        </test-method> <!-- cleanUp -->
        <test-method status="PASS" signature="setUp(java.lang.Boolean, java.lang.String, java.lang.String, java.lang.String, java.lang.String, java.lang.String, java.lang.String)[pri:0, instance:Test.login@520a3426]" name="setUp" is-config="true" duration-ms="4715" started-at="2019-01-21T06:26:35Z" finished-at="2019-01-21T06:26:40Z">
          <params>
            <param index="0">
              <value>
                <![CDATA[false]]>
              </value>
            </param>
            <param index="1">
              <value>
                <![CDATA[lazim122]]>
              </value>
            </param>
            <param index="2">
              <value>
                <![CDATA[3521de6c-5cf2-42cf-af5a-f5d0cf8afeb4]]>
              </value>
            </param>
            <param index="3">
              <value>
                <![CDATA[macOS 10.12]]>
              </value>
            </param>
            <param index="4">
              <value>
                <![CDATA[chrome]]>
              </value>
            </param>
            <param index="5">
              <value>
                <![CDATA[71.0]]>
              </value>
            </param>
            <param index="6">
              <value>
                <![CDATA[https://www.ebay.com]]>
              </value>
            </param>
          </params>
          <reporter-output>
          </reporter-output>
        </test-method> <!-- setUp -->
        <test-method status="PASS" signature="startExtent(java.lang.reflect.Method)[pri:0, instance:Test.login@520a3426]" name="startExtent" is-config="true" duration-ms="3" started-at="2019-01-21T06:26:40Z" finished-at="2019-01-21T06:26:40Z">
          <params>
            <param index="0">
              <value>
                <![CDATA[public void Test.login.createAccount()]]>
              </value>
            </param>
          </params>
          <reporter-output>
          </reporter-output>
        </test-method> <!-- startExtent -->
        <test-method status="PASS" signature="initialize()[pri:0, instance:Test.login@520a3426]" name="initialize" is-config="true" duration-ms="3" started-at="2019-01-21T06:26:40Z" finished-at="2019-01-21T06:26:40Z">
          <reporter-output>
          </reporter-output>
        </test-method> <!-- initialize -->
        <test-method status="PASS" signature="initializeTest()[pri:0, instance:Test.login@520a3426]" name="initializeTest" is-config="true" duration-ms="0" started-at="2019-01-21T06:26:40Z" finished-at="2019-01-21T06:26:40Z">
          <reporter-output>
          </reporter-output>
        </test-method> <!-- initializeTest -->
        <test-method status="PASS" signature="createAccount()[pri:0, instance:Test.login@520a3426]" name="createAccount" duration-ms="7769" started-at="2019-01-21T06:26:40Z" finished-at="2019-01-21T06:26:48Z">
          <reporter-output>
          </reporter-output>
        </test-method> <!-- createAccount -->
        <test-method status="PASS" signature="tearDownTest()[pri:0, instance:Test.login@520a3426]" name="tearDownTest" is-config="true" duration-ms="0" started-at="2019-01-21T06:26:48Z" finished-at="2019-01-21T06:26:48Z">
          <reporter-output>
          </reporter-output>
        </test-method> <!-- tearDownTest -->
        <test-method status="PASS" signature="afterEachTestMethod(org.testng.ITestResult)[pri:0, instance:Test.login@520a3426]" name="afterEachTestMethod" is-config="true" duration-ms="180" started-at="2019-01-21T06:26:48Z" finished-at="2019-01-21T06:26:48Z">
          <params>
            <param index="0">
              <value>
                <![CDATA[[TestResult name=createAccount status=SUCCESS method=login.createAccount()[pri:0, instance:Test.login@520a3426] output={null}]]]>
              </value>
            </param>
          </params>
          <reporter-output>
          </reporter-output>
        </test-method> <!-- afterEachTestMethod -->
        <test-method status="PASS" signature="clear()[pri:0, instance:Test.login@520a3426]" name="clear" is-config="true" duration-ms="0" started-at="2019-01-21T06:26:48Z" finished-at="2019-01-21T06:26:48Z">
          <reporter-output>
          </reporter-output>
        </test-method> <!-- clear -->
        <test-method status="PASS" signature="cleanUp()[pri:0, instance:Test.login@520a3426]" name="cleanUp" is-config="true" duration-ms="0" started-at="2019-01-21T06:26:48Z" finished-at="2019-01-21T06:26:48Z">
          <reporter-output>
          </reporter-output>
        </test-method> <!-- cleanUp -->
        <test-method status="PASS" signature="setUp(java.lang.Boolean, java.lang.String, java.lang.String, java.lang.String, java.lang.String, java.lang.String, java.lang.String)[pri:0, instance:Test.login@520a3426]" name="setUp" is-config="true" duration-ms="3559" started-at="2019-01-21T06:26:48Z" finished-at="2019-01-21T06:26:52Z">
          <params>
            <param index="0">
              <value>
                <![CDATA[false]]>
              </value>
            </param>
            <param index="1">
              <value>
                <![CDATA[lazim122]]>
              </value>
            </param>
            <param index="2">
              <value>
                <![CDATA[3521de6c-5cf2-42cf-af5a-f5d0cf8afeb4]]>
              </value>
            </param>
            <param index="3">
              <value>
                <![CDATA[macOS 10.12]]>
              </value>
            </param>
            <param index="4">
              <value>
                <![CDATA[chrome]]>
              </value>
            </param>
            <param index="5">
              <value>
                <![CDATA[71.0]]>
              </value>
            </param>
            <param index="6">
              <value>
                <![CDATA[https://www.ebay.com]]>
              </value>
            </param>
          </params>
          <reporter-output>
          </reporter-output>
        </test-method> <!-- setUp -->
        <test-method status="PASS" signature="initialize()[pri:0, instance:Test.login@520a3426]" name="initialize" is-config="true" duration-ms="1" started-at="2019-01-21T06:26:52Z" finished-at="2019-01-21T06:26:52Z">
          <reporter-output>
          </reporter-output>
        </test-method> <!-- initialize -->
        <test-method status="PASS" signature="initializeTest()[pri:0, instance:Test.login@520a3426]" name="initializeTest" is-config="true" duration-ms="0" started-at="2019-01-21T06:26:52Z" finished-at="2019-01-21T06:26:52Z">
          <reporter-output>
          </reporter-output>
        </test-method> <!-- initializeTest -->
        <test-method status="PASS" signature="startExtent(java.lang.reflect.Method)[pri:0, instance:Test.login@520a3426]" name="startExtent" is-config="true" duration-ms="0" started-at="2019-01-21T06:26:52Z" finished-at="2019-01-21T06:26:52Z">
          <params>
            <param index="0">
              <value>
                <![CDATA[public void Test.login.emailBoxcheck()]]>
              </value>
            </param>
          </params>
          <reporter-output>
          </reporter-output>
        </test-method> <!-- startExtent -->
        <test-method status="FAIL" signature="emailBoxcheck()[pri:0, instance:Test.login@520a3426]" name="emailBoxcheck" duration-ms="641" started-at="2019-01-21T06:26:52Z" finished-at="2019-01-21T06:26:52Z">
          <exception class="org.openqa.selenium.NoSuchWindowException">
            <message>
              <![CDATA[no such window: target window already closed
from unknown error: web view not found
  (Session info: chrome=71.0.3578.98)
  (Driver info: chromedriver=2.42.591059 (a3d9684d10d61aa0c45f6723b327283be1ebaad8),platform=Mac OS X 10.13.6 x86_64) (WARNING: The server did not provide any stacktrace information)
Command duration or timeout: 0 milliseconds
Build info: version: '3.141.59', revision: 'e82be7d358', time: '2018-11-14T08:17:03'
System info: host: 'lazimuls-Air.home', ip: 'fe80:0:0:0:c2c:3180:bf85:be78%en0', os.name: 'Mac OS X', os.arch: 'x86_64', os.version: '10.13.6', java.version: '1.8.0_202-ea'
Driver info: org.openqa.selenium.chrome.ChromeDriver
Capabilities {acceptInsecureCerts: false, acceptSslCerts: false, applicationCacheEnabled: false, browserConnectionEnabled: false, browserName: chrome, chrome: {chromedriverVersion: 2.42.591059 (a3d9684d10d61a..., userDataDir: /var/folders/th/4cb907856lb...}, cssSelectorsEnabled: true, databaseEnabled: false, goog:chromeOptions: {debuggerAddress: localhost:50115}, handlesAlerts: true, hasTouchScreen: false, javascriptEnabled: true, locationContextEnabled: true, mobileEmulationEnabled: false, nativeEvents: true, networkConnectionEnabled: false, pageLoadStrategy: normal, platform: MAC, platformName: MAC, rotatable: false, setWindowRect: true, takesHeapSnapshot: true, takesScreenshot: true, unexpectedAlertBehaviour: , unhandledPromptBehavior: , version: 71.0.3578.98, webStorageEnabled: true}
Session ID: dfcf0db49fea508c8ec545c94f6f0011
*** Element info: {Using=name, value=userid}]]>
            </message>
            <full-stacktrace>
              <![CDATA[org.openqa.selenium.NoSuchWindowException: no such window: target window already closed
from unknown error: web view not found
  (Session info: chrome=71.0.3578.98)
  (Driver info: chromedriver=2.42.591059 (a3d9684d10d61aa0c45f6723b327283be1ebaad8),platform=Mac OS X 10.13.6 x86_64) (WARNING: The server did not provide any stacktrace information)
Command duration or timeout: 0 milliseconds
Build info: version: '3.141.59', revision: 'e82be7d358', time: '2018-11-14T08:17:03'
System info: host: 'lazimuls-Air.home', ip: 'fe80:0:0:0:c2c:3180:bf85:be78%en0', os.name: 'Mac OS X', os.arch: 'x86_64', os.version: '10.13.6', java.version: '1.8.0_202-ea'
Driver info: org.openqa.selenium.chrome.ChromeDriver
Capabilities {acceptInsecureCerts: false, acceptSslCerts: false, applicationCacheEnabled: false, browserConnectionEnabled: false, browserName: chrome, chrome: {chromedriverVersion: 2.42.591059 (a3d9684d10d61a..., userDataDir: /var/folders/th/4cb907856lb...}, cssSelectorsEnabled: true, databaseEnabled: false, goog:chromeOptions: {debuggerAddress: localhost:50115}, handlesAlerts: true, hasTouchScreen: false, javascriptEnabled: true, locationContextEnabled: true, mobileEmulationEnabled: false, nativeEvents: true, networkConnectionEnabled: false, pageLoadStrategy: normal, platform: MAC, platformName: MAC, rotatable: false, setWindowRect: true, takesHeapSnapshot: true, takesScreenshot: true, unexpectedAlertBehaviour: , unhandledPromptBehavior: , version: 71.0.3578.98, webStorageEnabled: true}
Session ID: dfcf0db49fea508c8ec545c94f6f0011
*** Element info: {Using=name, value=userid}
at sun.reflect.NativeConstructorAccessorImpl.newInstance0(Native Method)
at sun.reflect.NativeConstructorAccessorImpl.newInstance(NativeConstructorAccessorImpl.java:62)
at sun.reflect.DelegatingConstructorAccessorImpl.newInstance(DelegatingConstructorAccessorImpl.java:45)
at java.lang.reflect.Constructor.newInstance(Constructor.java:423)
at org.openqa.selenium.remote.ErrorHandler.createThrowable(ErrorHandler.java:214)
at org.openqa.selenium.remote.ErrorHandler.throwIfResponseFailed(ErrorHandler.java:166)
at org.openqa.selenium.remote.http.JsonHttpResponseCodec.reconstructValue(JsonHttpResponseCodec.java:40)
at org.openqa.selenium.remote.http.AbstractHttpResponseCodec.decode(AbstractHttpResponseCodec.java:80)
at org.openqa.selenium.remote.http.AbstractHttpResponseCodec.decode(AbstractHttpResponseCodec.java:44)
at org.openqa.selenium.remote.HttpCommandExecutor.execute(HttpCommandExecutor.java:158)
at org.openqa.selenium.remote.service.DriverCommandExecutor.execute(DriverCommandExecutor.java:83)
at org.openqa.selenium.remote.RemoteWebDriver.execute(RemoteWebDriver.java:552)
at org.openqa.selenium.remote.RemoteWebDriver.findElement(RemoteWebDriver.java:323)
at org.openqa.selenium.remote.RemoteWebDriver.findElementByName(RemoteWebDriver.java:404)
at org.openqa.selenium.By$ByName.findElement(By.java:284)
at org.openqa.selenium.remote.RemoteWebDriver.findElement(RemoteWebDriver.java:315)
at org.openqa.selenium.support.pagefactory.DefaultElementLocator.findElement(DefaultElementLocator.java:69)
at org.openqa.selenium.support.pagefactory.internal.LocatingElementHandler.invoke(LocatingElementHandler.java:38)
at com.sun.proxy.$Proxy11.sendKeys(Unknown Source)
at myApi.login.CreateLogSearch.setUserName(CreateLogSearch.java:31)
at Test.login.emailBoxcheck(login.java:29)
at sun.reflect.NativeMethodAccessorImpl.invoke0(Native Method)
at sun.reflect.NativeMethodAccessorImpl.invoke(NativeMethodAccessorImpl.java:62)
at sun.reflect.DelegatingMethodAccessorImpl.invoke(DelegatingMethodAccessorImpl.java:43)
at java.lang.reflect.Method.invoke(Method.java:498)
at org.testng.internal.MethodInvocationHelper.invokeMethod(MethodInvocationHelper.java:124)
at org.testng.internal.Invoker.invokeMethod(Invoker.java:583)
at org.testng.internal.Invoker.invokeTestMethod(Invoker.java:719)
at org.testng.internal.Invoker.invokeTestMethods(Invoker.java:989)
at org.testng.internal.TestMethodWorker.invokeTestMethods(TestMethodWorker.java:125)
at org.testng.internal.TestMethodWorker.run(TestMethodWorker.java:109)
at org.testng.TestRunner.privateRun(TestRunner.java:648)
at org.testng.TestRunner.run(TestRunner.java:505)
at org.testng.SuiteRunner.runTest(SuiteRunner.java:455)
at org.testng.SuiteRunner.runSequentially(SuiteRunner.java:450)
at org.testng.SuiteRunner.privateRun(SuiteRunner.java:415)
at org.testng.SuiteRunner.run(SuiteRunner.java:364)
at org.testng.SuiteRunnerWorker.runSuite(SuiteRunnerWorker.java:52)
at org.testng.SuiteRunnerWorker.run(SuiteRunnerWorker.java:84)
at org.testng.TestNG.runSuitesSequentially(TestNG.java:1208)
at org.testng.TestNG.runSuitesLocally(TestNG.java:1137)
at org.testng.TestNG.runSuites(TestNG.java:1049)
at org.testng.TestNG.run(TestNG.java:1017)
at org.apache.maven.surefire.testng.TestNGExecutor.run(TestNGExecutor.java:283)
at org.apache.maven.surefire.testng.TestNGXmlTestSuite.execute(TestNGXmlTestSuite.java:75)
at org.apache.maven.surefire.testng.TestNGProvider.invoke(TestNGProvider.java:120)
at org.apache.maven.surefire.booter.ForkedBooter.invokeProviderInSameClassLoader(ForkedBooter.java:373)
at org.apache.maven.surefire.booter.ForkedBooter.runSuitesInProcess(ForkedBooter.java:334)
at org.apache.maven.surefire.booter.ForkedBooter.execute(ForkedBooter.java:119)
at org.apache.maven.surefire.booter.ForkedBooter.main(ForkedBooter.java:407)
]]>
            </full-stacktrace>
          </exception> <!-- org.openqa.selenium.NoSuchWindowException -->
          <reporter-output>
          </reporter-output>
        </test-method> <!-- emailBoxcheck -->
        <test-method status="PASS" signature="afterEachTestMethod(org.testng.ITestResult)[pri:0, instance:Test.login@520a3426]" name="afterEachTestMethod" is-config="true" duration-ms="282" started-at="2019-01-21T06:26:52Z" finished-at="2019-01-21T06:26:52Z">
          <params>
            <param index="0">
              <value>
                <![CDATA[[TestResult name=emailBoxcheck status=FAILURE method=login.emailBoxcheck()[pri:0, instance:Test.login@520a3426] output={null}]]]>
              </value>
            </param>
          </params>
          <reporter-output>
          </reporter-output>
        </test-method> <!-- afterEachTestMethod -->
        <test-method status="PASS" signature="tearDownTest()[pri:0, instance:Test.login@520a3426]" name="tearDownTest" is-config="true" duration-ms="0" started-at="2019-01-21T06:26:52Z" finished-at="2019-01-21T06:26:52Z">
          <reporter-output>
          </reporter-output>
        </test-method> <!-- tearDownTest -->
        <test-method status="PASS" signature="clear()[pri:0, instance:Test.login@520a3426]" name="clear" is-config="true" duration-ms="0" started-at="2019-01-21T06:26:52Z" finished-at="2019-01-21T06:26:52Z">
          <reporter-output>
          </reporter-output>
        </test-method> <!-- clear -->
        <test-method status="PASS" signature="setUp(java.lang.Boolean, java.lang.String, java.lang.String, java.lang.String, java.lang.String, java.lang.String, java.lang.String)[pri:0, instance:Test.login@520a3426]" name="setUp" is-config="true" duration-ms="3555" started-at="2019-01-21T06:26:52Z" finished-at="2019-01-21T06:26:56Z">
          <params>
            <param index="0">
              <value>
                <![CDATA[false]]>
              </value>
            </param>
            <param index="1">
              <value>
                <![CDATA[lazim122]]>
              </value>
            </param>
            <param index="2">
              <value>
                <![CDATA[3521de6c-5cf2-42cf-af5a-f5d0cf8afeb4]]>
              </value>
            </param>
            <param index="3">
              <value>
                <![CDATA[macOS 10.12]]>
              </value>
            </param>
            <param index="4">
              <value>
                <![CDATA[chrome]]>
              </value>
            </param>
            <param index="5">
              <value>
                <![CDATA[71.0]]>
              </value>
            </param>
            <param index="6">
              <value>
                <![CDATA[https://www.ebay.com]]>
              </value>
            </param>
          </params>
          <reporter-output>
          </reporter-output>
        </test-method> <!-- setUp -->
        <test-method status="PASS" signature="cleanUp()[pri:0, instance:Test.login@520a3426]" name="cleanUp" is-config="true" duration-ms="0" started-at="2019-01-21T06:26:52Z" finished-at="2019-01-21T06:26:52Z">
          <reporter-output>
          </reporter-output>
        </test-method> <!-- cleanUp -->
        <test-method status="PASS" signature="initialize()[pri:0, instance:Test.login@520a3426]" name="initialize" is-config="true" duration-ms="1" started-at="2019-01-21T06:26:56Z" finished-at="2019-01-21T06:26:56Z">
          <reporter-output>
          </reporter-output>
        </test-method> <!-- initialize -->
        <test-method status="PASS" signature="initializeTest()[pri:0, instance:Test.login@520a3426]" name="initializeTest" is-config="true" duration-ms="0" started-at="2019-01-21T06:26:56Z" finished-at="2019-01-21T06:26:56Z">
          <reporter-output>
          </reporter-output>
        </test-method> <!-- initializeTest -->
        <test-method status="PASS" signature="startExtent(java.lang.reflect.Method)[pri:0, instance:Test.login@520a3426]" name="startExtent" is-config="true" duration-ms="0" started-at="2019-01-21T06:26:56Z" finished-at="2019-01-21T06:26:56Z">
          <params>
            <param index="0">
              <value>
                <![CDATA[public void Test.login.enterFName()]]>
              </value>
            </param>
          </params>
          <reporter-output>
          </reporter-output>
        </test-method> <!-- startExtent -->
        <test-method status="FAIL" signature="enterFName()[pri:0, instance:Test.login@520a3426]" name="enterFName" duration-ms="583" started-at="2019-01-21T06:26:56Z" finished-at="2019-01-21T06:26:57Z">
          <exception class="org.openqa.selenium.NoSuchWindowException">
            <message>
              <![CDATA[no such window: window was already closed
  (Session info: chrome=71.0.3578.98)
  (Driver info: chromedriver=2.42.591059 (a3d9684d10d61aa0c45f6723b327283be1ebaad8),platform=Mac OS X 10.13.6 x86_64) (WARNING: The server did not provide any stacktrace information)
Command duration or timeout: 0 milliseconds
Build info: version: '3.141.59', revision: 'e82be7d358', time: '2018-11-14T08:17:03'
System info: host: 'lazimuls-Air.home', ip: 'fe80:0:0:0:c2c:3180:bf85:be78%en0', os.name: 'Mac OS X', os.arch: 'x86_64', os.version: '10.13.6', java.version: '1.8.0_202-ea'
Driver info: org.openqa.selenium.chrome.ChromeDriver
Capabilities {acceptInsecureCerts: false, acceptSslCerts: false, applicationCacheEnabled: false, browserConnectionEnabled: false, browserName: chrome, chrome: {chromedriverVersion: 2.42.591059 (a3d9684d10d61a..., userDataDir: /var/folders/th/4cb907856lb...}, cssSelectorsEnabled: true, databaseEnabled: false, goog:chromeOptions: {debuggerAddress: localhost:50156}, handlesAlerts: true, hasTouchScreen: false, javascriptEnabled: true, locationContextEnabled: true, mobileEmulationEnabled: false, nativeEvents: true, networkConnectionEnabled: false, pageLoadStrategy: normal, platform: MAC, platformName: MAC, rotatable: false, setWindowRect: true, takesHeapSnapshot: true, takesScreenshot: true, unexpectedAlertBehaviour: , unhandledPromptBehavior: , version: 71.0.3578.98, webStorageEnabled: true}
Session ID: ee334bc7e970980713d7ee4d0094849b
*** Element info: {Using=css selector, value=#firstname}]]>
            </message>
            <full-stacktrace>
              <![CDATA[org.openqa.selenium.NoSuchWindowException: no such window: window was already closed
  (Session info: chrome=71.0.3578.98)
  (Driver info: chromedriver=2.42.591059 (a3d9684d10d61aa0c45f6723b327283be1ebaad8),platform=Mac OS X 10.13.6 x86_64) (WARNING: The server did not provide any stacktrace information)
Command duration or timeout: 0 milliseconds
Build info: version: '3.141.59', revision: 'e82be7d358', time: '2018-11-14T08:17:03'
System info: host: 'lazimuls-Air.home', ip: 'fe80:0:0:0:c2c:3180:bf85:be78%en0', os.name: 'Mac OS X', os.arch: 'x86_64', os.version: '10.13.6', java.version: '1.8.0_202-ea'
Driver info: org.openqa.selenium.chrome.ChromeDriver
Capabilities {acceptInsecureCerts: false, acceptSslCerts: false, applicationCacheEnabled: false, browserConnectionEnabled: false, browserName: chrome, chrome: {chromedriverVersion: 2.42.591059 (a3d9684d10d61a..., userDataDir: /var/folders/th/4cb907856lb...}, cssSelectorsEnabled: true, databaseEnabled: false, goog:chromeOptions: {debuggerAddress: localhost:50156}, handlesAlerts: true, hasTouchScreen: false, javascriptEnabled: true, locationContextEnabled: true, mobileEmulationEnabled: false, nativeEvents: true, networkConnectionEnabled: false, pageLoadStrategy: normal, platform: MAC, platformName: MAC, rotatable: false, setWindowRect: true, takesHeapSnapshot: true, takesScreenshot: true, unexpectedAlertBehaviour: , unhandledPromptBehavior: , version: 71.0.3578.98, webStorageEnabled: true}
Session ID: ee334bc7e970980713d7ee4d0094849b
*** Element info: {Using=css selector, value=#firstname}
at sun.reflect.NativeConstructorAccessorImpl.newInstance0(Native Method)
at sun.reflect.NativeConstructorAccessorImpl.newInstance(NativeConstructorAccessorImpl.java:62)
at sun.reflect.DelegatingConstructorAccessorImpl.newInstance(DelegatingConstructorAccessorImpl.java:45)
at java.lang.reflect.Constructor.newInstance(Constructor.java:423)
at org.openqa.selenium.remote.ErrorHandler.createThrowable(ErrorHandler.java:214)
at org.openqa.selenium.remote.ErrorHandler.throwIfResponseFailed(ErrorHandler.java:166)
at org.openqa.selenium.remote.http.JsonHttpResponseCodec.reconstructValue(JsonHttpResponseCodec.java:40)
at org.openqa.selenium.remote.http.AbstractHttpResponseCodec.decode(AbstractHttpResponseCodec.java:80)
at org.openqa.selenium.remote.http.AbstractHttpResponseCodec.decode(AbstractHttpResponseCodec.java:44)
at org.openqa.selenium.remote.HttpCommandExecutor.execute(HttpCommandExecutor.java:158)
at org.openqa.selenium.remote.service.DriverCommandExecutor.execute(DriverCommandExecutor.java:83)
at org.openqa.selenium.remote.RemoteWebDriver.execute(RemoteWebDriver.java:552)
at org.openqa.selenium.remote.RemoteWebDriver.findElement(RemoteWebDriver.java:323)
at org.openqa.selenium.remote.RemoteWebDriver.findElementByCssSelector(RemoteWebDriver.java:420)
at org.openqa.selenium.By$ByCssSelector.findElement(By.java:431)
at org.openqa.selenium.remote.RemoteWebDriver.findElement(RemoteWebDriver.java:315)
at org.openqa.selenium.support.pagefactory.DefaultElementLocator.findElement(DefaultElementLocator.java:69)
at org.openqa.selenium.support.pagefactory.internal.LocatingElementHandler.invoke(LocatingElementHandler.java:38)
at com.sun.proxy.$Proxy11.sendKeys(Unknown Source)
at myApi.login.CreateLogSearch.setTypeName(CreateLogSearch.java:43)
at Test.login.enterFName(login.java:52)
at sun.reflect.NativeMethodAccessorImpl.invoke0(Native Method)
at sun.reflect.NativeMethodAccessorImpl.invoke(NativeMethodAccessorImpl.java:62)
at sun.reflect.DelegatingMethodAccessorImpl.invoke(DelegatingMethodAccessorImpl.java:43)
at java.lang.reflect.Method.invoke(Method.java:498)
at org.testng.internal.MethodInvocationHelper.invokeMethod(MethodInvocationHelper.java:124)
at org.testng.internal.Invoker.invokeMethod(Invoker.java:583)
at org.testng.internal.Invoker.invokeTestMethod(Invoker.java:719)
at org.testng.internal.Invoker.invokeTestMethods(Invoker.java:989)
at org.testng.internal.TestMethodWorker.invokeTestMethods(TestMethodWorker.java:125)
at org.testng.internal.TestMethodWorker.run(TestMethodWorker.java:109)
at org.testng.TestRunner.privateRun(TestRunner.java:648)
at org.testng.TestRunner.run(TestRunner.java:505)
at org.testng.SuiteRunner.runTest(SuiteRunner.java:455)
at org.testng.SuiteRunner.runSequentially(SuiteRunner.java:450)
at org.testng.SuiteRunner.privateRun(SuiteRunner.java:415)
at org.testng.SuiteRunner.run(SuiteRunner.java:364)
at org.testng.SuiteRunnerWorker.runSuite(SuiteRunnerWorker.java:52)
at org.testng.SuiteRunnerWorker.run(SuiteRunnerWorker.java:84)
at org.testng.TestNG.runSuitesSequentially(TestNG.java:1208)
at org.testng.TestNG.runSuitesLocally(TestNG.java:1137)
at org.testng.TestNG.runSuites(TestNG.java:1049)
at org.testng.TestNG.run(TestNG.java:1017)
at org.apache.maven.surefire.testng.TestNGExecutor.run(TestNGExecutor.java:283)
at org.apache.maven.surefire.testng.TestNGXmlTestSuite.execute(TestNGXmlTestSuite.java:75)
at org.apache.maven.surefire.testng.TestNGProvider.invoke(TestNGProvider.java:120)
at org.apache.maven.surefire.booter.ForkedBooter.invokeProviderInSameClassLoader(ForkedBooter.java:373)
at org.apache.maven.surefire.booter.ForkedBooter.runSuitesInProcess(ForkedBooter.java:334)
at org.apache.maven.surefire.booter.ForkedBooter.execute(ForkedBooter.java:119)
at org.apache.maven.surefire.booter.ForkedBooter.main(ForkedBooter.java:407)
]]>
            </full-stacktrace>
          </exception> <!-- org.openqa.selenium.NoSuchWindowException -->
          <reporter-output>
          </reporter-output>
        </test-method> <!-- enterFName -->
        <test-method status="PASS" signature="clear()[pri:0, instance:Test.login@520a3426]" name="clear" is-config="true" duration-ms="0" started-at="2019-01-21T06:26:57Z" finished-at="2019-01-21T06:26:57Z">
          <reporter-output>
          </reporter-output>
        </test-method> <!-- clear -->
        <test-method status="PASS" signature="afterEachTestMethod(org.testng.ITestResult)[pri:0, instance:Test.login@520a3426]" name="afterEachTestMethod" is-config="true" duration-ms="332" started-at="2019-01-21T06:26:57Z" finished-at="2019-01-21T06:26:57Z">
          <params>
            <param index="0">
              <value>
                <![CDATA[[TestResult name=enterFName status=FAILURE method=login.enterFName()[pri:0, instance:Test.login@520a3426] output={null}]]]>
              </value>
            </param>
          </params>
          <reporter-output>
          </reporter-output>
        </test-method> <!-- afterEachTestMethod -->
        <test-method status="PASS" signature="tearDownTest()[pri:0, instance:Test.login@520a3426]" name="tearDownTest" is-config="true" duration-ms="0" started-at="2019-01-21T06:26:57Z" finished-at="2019-01-21T06:26:57Z">
          <reporter-output>
          </reporter-output>
        </test-method> <!-- tearDownTest -->
        <test-method status="PASS" signature="cleanUp()[pri:0, instance:Test.login@520a3426]" name="cleanUp" is-config="true" duration-ms="0" started-at="2019-01-21T06:26:57Z" finished-at="2019-01-21T06:26:57Z">
          <reporter-output>
          </reporter-output>
        </test-method> <!-- cleanUp -->
        <test-method status="PASS" signature="setUp(java.lang.Boolean, java.lang.String, java.lang.String, java.lang.String, java.lang.String, java.lang.String, java.lang.String)[pri:0, instance:Test.login@520a3426]" name="setUp" is-config="true" duration-ms="3687" started-at="2019-01-21T06:26:57Z" finished-at="2019-01-21T06:27:01Z">
          <params>
            <param index="0">
              <value>
                <![CDATA[false]]>
              </value>
            </param>
            <param index="1">
              <value>
                <![CDATA[lazim122]]>
              </value>
            </param>
            <param index="2">
              <value>
                <![CDATA[3521de6c-5cf2-42cf-af5a-f5d0cf8afeb4]]>
              </value>
            </param>
            <param index="3">
              <value>
                <![CDATA[macOS 10.12]]>
              </value>
            </param>
            <param index="4">
              <value>
                <![CDATA[chrome]]>
              </value>
            </param>
            <param index="5">
              <value>
                <![CDATA[71.0]]>
              </value>
            </param>
            <param index="6">
              <value>
                <![CDATA[https://www.ebay.com]]>
              </value>
            </param>
          </params>
          <reporter-output>
          </reporter-output>
        </test-method> <!-- setUp -->
        <test-method status="PASS" signature="startExtent(java.lang.reflect.Method)[pri:0, instance:Test.login@520a3426]" name="startExtent" is-config="true" duration-ms="1" started-at="2019-01-21T06:27:01Z" finished-at="2019-01-21T06:27:01Z">
          <params>
            <param index="0">
              <value>
                <![CDATA[public void Test.login.enterLName()]]>
              </value>
            </param>
          </params>
          <reporter-output>
          </reporter-output>
        </test-method> <!-- startExtent -->
        <test-method status="PASS" signature="initializeTest()[pri:0, instance:Test.login@520a3426]" name="initializeTest" is-config="true" duration-ms="0" started-at="2019-01-21T06:27:01Z" finished-at="2019-01-21T06:27:01Z">
          <reporter-output>
          </reporter-output>
        </test-method> <!-- initializeTest -->
        <test-method status="PASS" signature="initialize()[pri:0, instance:Test.login@520a3426]" name="initialize" is-config="true" duration-ms="1" started-at="2019-01-21T06:27:01Z" finished-at="2019-01-21T06:27:01Z">
          <reporter-output>
          </reporter-output>
        </test-method> <!-- initialize -->
        <test-method status="FAIL" signature="enterLName()[pri:0, instance:Test.login@520a3426]" name="enterLName" duration-ms="7" started-at="2019-01-21T06:27:01Z" finished-at="2019-01-21T06:27:01Z">
          <exception class="org.openqa.selenium.NoSuchWindowException">
            <message>
              <![CDATA[no such window: target window already closed
from unknown error: web view not found
  (Session info: chrome=71.0.3578.98)
  (Driver info: chromedriver=2.42.591059 (a3d9684d10d61aa0c45f6723b327283be1ebaad8),platform=Mac OS X 10.13.6 x86_64) (WARNING: The server did not provide any stacktrace information)
Command duration or timeout: 0 milliseconds
Build info: version: '3.141.59', revision: 'e82be7d358', time: '2018-11-14T08:17:03'
System info: host: 'lazimuls-Air.home', ip: 'fe80:0:0:0:c2c:3180:bf85:be78%en0', os.name: 'Mac OS X', os.arch: 'x86_64', os.version: '10.13.6', java.version: '1.8.0_202-ea'
Driver info: org.openqa.selenium.chrome.ChromeDriver
Capabilities {acceptInsecureCerts: false, acceptSslCerts: false, applicationCacheEnabled: false, browserConnectionEnabled: false, browserName: chrome, chrome: {chromedriverVersion: 2.42.591059 (a3d9684d10d61a..., userDataDir: /var/folders/th/4cb907856lb...}, cssSelectorsEnabled: true, databaseEnabled: false, goog:chromeOptions: {debuggerAddress: localhost:50197}, handlesAlerts: true, hasTouchScreen: false, javascriptEnabled: true, locationContextEnabled: true, mobileEmulationEnabled: false, nativeEvents: true, networkConnectionEnabled: false, pageLoadStrategy: normal, platform: MAC, platformName: MAC, rotatable: false, setWindowRect: true, takesHeapSnapshot: true, takesScreenshot: true, unexpectedAlertBehaviour: , unhandledPromptBehavior: , version: 71.0.3578.98, webStorageEnabled: true}
Session ID: 073bf478b084c34e5105baafc9c5958a
*** Element info: {Using=css selector, value=[_sp='m570\.l2621']}]]>
            </message>
            <full-stacktrace>
              <![CDATA[org.openqa.selenium.NoSuchWindowException: no such window: target window already closed
from unknown error: web view not found
  (Session info: chrome=71.0.3578.98)
  (Driver info: chromedriver=2.42.591059 (a3d9684d10d61aa0c45f6723b327283be1ebaad8),platform=Mac OS X 10.13.6 x86_64) (WARNING: The server did not provide any stacktrace information)
Command duration or timeout: 0 milliseconds
Build info: version: '3.141.59', revision: 'e82be7d358', time: '2018-11-14T08:17:03'
System info: host: 'lazimuls-Air.home', ip: 'fe80:0:0:0:c2c:3180:bf85:be78%en0', os.name: 'Mac OS X', os.arch: 'x86_64', os.version: '10.13.6', java.version: '1.8.0_202-ea'
Driver info: org.openqa.selenium.chrome.ChromeDriver
Capabilities {acceptInsecureCerts: false, acceptSslCerts: false, applicationCacheEnabled: false, browserConnectionEnabled: false, browserName: chrome, chrome: {chromedriverVersion: 2.42.591059 (a3d9684d10d61a..., userDataDir: /var/folders/th/4cb907856lb...}, cssSelectorsEnabled: true, databaseEnabled: false, goog:chromeOptions: {debuggerAddress: localhost:50197}, handlesAlerts: true, hasTouchScreen: false, javascriptEnabled: true, locationContextEnabled: true, mobileEmulationEnabled: false, nativeEvents: true, networkConnectionEnabled: false, pageLoadStrategy: normal, platform: MAC, platformName: MAC, rotatable: false, setWindowRect: true, takesHeapSnapshot: true, takesScreenshot: true, unexpectedAlertBehaviour: , unhandledPromptBehavior: , version: 71.0.3578.98, webStorageEnabled: true}
Session ID: 073bf478b084c34e5105baafc9c5958a
*** Element info: {Using=css selector, value=[_sp='m570\.l2621']}
at sun.reflect.NativeConstructorAccessorImpl.newInstance0(Native Method)
at sun.reflect.NativeConstructorAccessorImpl.newInstance(NativeConstructorAccessorImpl.java:62)
at sun.reflect.DelegatingConstructorAccessorImpl.newInstance(DelegatingConstructorAccessorImpl.java:45)
at java.lang.reflect.Constructor.newInstance(Constructor.java:423)
at org.openqa.selenium.remote.ErrorHandler.createThrowable(ErrorHandler.java:214)
at org.openqa.selenium.remote.ErrorHandler.throwIfResponseFailed(ErrorHandler.java:166)
at org.openqa.selenium.remote.http.JsonHttpResponseCodec.reconstructValue(JsonHttpResponseCodec.java:40)
at org.openqa.selenium.remote.http.AbstractHttpResponseCodec.decode(AbstractHttpResponseCodec.java:80)
at org.openqa.selenium.remote.http.AbstractHttpResponseCodec.decode(AbstractHttpResponseCodec.java:44)
at org.openqa.selenium.remote.HttpCommandExecutor.execute(HttpCommandExecutor.java:158)
at org.openqa.selenium.remote.service.DriverCommandExecutor.execute(DriverCommandExecutor.java:83)
at org.openqa.selenium.remote.RemoteWebDriver.execute(RemoteWebDriver.java:552)
at org.openqa.selenium.remote.RemoteWebDriver.findElement(RemoteWebDriver.java:323)
at org.openqa.selenium.remote.RemoteWebDriver.findElementByCssSelector(RemoteWebDriver.java:420)
at org.openqa.selenium.By$ByCssSelector.findElement(By.java:431)
at org.openqa.selenium.remote.RemoteWebDriver.findElement(RemoteWebDriver.java:315)
at org.openqa.selenium.support.pagefactory.DefaultElementLocator.findElement(DefaultElementLocator.java:69)
at org.openqa.selenium.support.pagefactory.internal.LocatingElementHandler.invoke(LocatingElementHandler.java:38)
at com.sun.proxy.$Proxy11.click(Unknown Source)
at myApi.login.CreateLogSearch.clickreg(CreateLogSearch.java:40)
at Test.login.enterLName(login.java:57)
at sun.reflect.NativeMethodAccessorImpl.invoke0(Native Method)
at sun.reflect.NativeMethodAccessorImpl.invoke(NativeMethodAccessorImpl.java:62)
at sun.reflect.DelegatingMethodAccessorImpl.invoke(DelegatingMethodAccessorImpl.java:43)
at java.lang.reflect.Method.invoke(Method.java:498)
at org.testng.internal.MethodInvocationHelper.invokeMethod(MethodInvocationHelper.java:124)
at org.testng.internal.Invoker.invokeMethod(Invoker.java:583)
at org.testng.internal.Invoker.invokeTestMethod(Invoker.java:719)
at org.testng.internal.Invoker.invokeTestMethods(Invoker.java:989)
at org.testng.internal.TestMethodWorker.invokeTestMethods(TestMethodWorker.java:125)
at org.testng.internal.TestMethodWorker.run(TestMethodWorker.java:109)
at org.testng.TestRunner.privateRun(TestRunner.java:648)
at org.testng.TestRunner.run(TestRunner.java:505)
at org.testng.SuiteRunner.runTest(SuiteRunner.java:455)
at org.testng.SuiteRunner.runSequentially(SuiteRunner.java:450)
at org.testng.SuiteRunner.privateRun(SuiteRunner.java:415)
at org.testng.SuiteRunner.run(SuiteRunner.java:364)
at org.testng.SuiteRunnerWorker.runSuite(SuiteRunnerWorker.java:52)
at org.testng.SuiteRunnerWorker.run(SuiteRunnerWorker.java:84)
at org.testng.TestNG.runSuitesSequentially(TestNG.java:1208)
at org.testng.TestNG.runSuitesLocally(TestNG.java:1137)
at org.testng.TestNG.runSuites(TestNG.java:1049)
at org.testng.TestNG.run(TestNG.java:1017)
at org.apache.maven.surefire.testng.TestNGExecutor.run(TestNGExecutor.java:283)
at org.apache.maven.surefire.testng.TestNGXmlTestSuite.execute(TestNGXmlTestSuite.java:75)
at org.apache.maven.surefire.testng.TestNGProvider.invoke(TestNGProvider.java:120)
at org.apache.maven.surefire.booter.ForkedBooter.invokeProviderInSameClassLoader(ForkedBooter.java:373)
at org.apache.maven.surefire.booter.ForkedBooter.runSuitesInProcess(ForkedBooter.java:334)
at org.apache.maven.surefire.booter.ForkedBooter.execute(ForkedBooter.java:119)
at org.apache.maven.surefire.booter.ForkedBooter.main(ForkedBooter.java:407)
]]>
            </full-stacktrace>
          </exception> <!-- org.openqa.selenium.NoSuchWindowException -->
          <reporter-output>
          </reporter-output>
        </test-method> <!-- enterLName -->
        <test-method status="PASS" signature="clear()[pri:0, instance:Test.login@520a3426]" name="clear" is-config="true" duration-ms="1" started-at="2019-01-21T06:27:01Z" finished-at="2019-01-21T06:27:01Z">
          <reporter-output>
          </reporter-output>
        </test-method> <!-- clear -->
        <test-method status="PASS" signature="tearDownTest()[pri:0, instance:Test.login@520a3426]" name="tearDownTest" is-config="true" duration-ms="1" started-at="2019-01-21T06:27:01Z" finished-at="2019-01-21T06:27:01Z">
          <reporter-output>
          </reporter-output>
        </test-method> <!-- tearDownTest -->
        <test-method status="PASS" signature="afterEachTestMethod(org.testng.ITestResult)[pri:0, instance:Test.login@520a3426]" name="afterEachTestMethod" is-config="true" duration-ms="174" started-at="2019-01-21T06:27:01Z" finished-at="2019-01-21T06:27:01Z">
          <params>
            <param index="0">
              <value>
                <![CDATA[[TestResult name=enterLName status=FAILURE method=login.enterLName()[pri:0, instance:Test.login@520a3426] output={null}]]]>
              </value>
            </param>
          </params>
          <reporter-output>
          </reporter-output>
        </test-method> <!-- afterEachTestMethod -->
        <test-method status="PASS" signature="cleanUp()[pri:0, instance:Test.login@520a3426]" name="cleanUp" is-config="true" duration-ms="0" started-at="2019-01-21T06:27:01Z" finished-at="2019-01-21T06:27:01Z">
          <reporter-output>
          </reporter-output>
        </test-method> <!-- cleanUp -->
        <test-method status="PASS" signature="setUp(java.lang.Boolean, java.lang.String, java.lang.String, java.lang.String, java.lang.String, java.lang.String, java.lang.String)[pri:0, instance:Test.login@520a3426]" name="setUp" is-config="true" duration-ms="3618" started-at="2019-01-21T06:27:01Z" finished-at="2019-01-21T06:27:04Z">
          <params>
            <param index="0">
              <value>
                <![CDATA[false]]>
              </value>
            </param>
            <param index="1">
              <value>
                <![CDATA[lazim122]]>
              </value>
            </param>
            <param index="2">
              <value>
                <![CDATA[3521de6c-5cf2-42cf-af5a-f5d0cf8afeb4]]>
              </value>
            </param>
            <param index="3">
              <value>
                <![CDATA[macOS 10.12]]>
              </value>
            </param>
            <param index="4">
              <value>
                <![CDATA[chrome]]>
              </value>
            </param>
            <param index="5">
              <value>
                <![CDATA[71.0]]>
              </value>
            </param>
            <param index="6">
              <value>
                <![CDATA[https://www.ebay.com]]>
              </value>
            </param>
          </params>
          <reporter-output>
          </reporter-output>
        </test-method> <!-- setUp -->
        <test-method status="PASS" signature="startExtent(java.lang.reflect.Method)[pri:0, instance:Test.login@520a3426]" name="startExtent" is-config="true" duration-ms="2" started-at="2019-01-21T06:27:04Z" finished-at="2019-01-21T06:27:04Z">
          <params>
            <param index="0">
              <value>
                <![CDATA[public void Test.login.enterPwd()]]>
              </value>
            </param>
          </params>
          <reporter-output>
          </reporter-output>
        </test-method> <!-- startExtent -->
        <test-method status="PASS" signature="initializeTest()[pri:0, instance:Test.login@520a3426]" name="initializeTest" is-config="true" duration-ms="1" started-at="2019-01-21T06:27:04Z" finished-at="2019-01-21T06:27:04Z">
          <reporter-output>
          </reporter-output>
        </test-method> <!-- initializeTest -->
        <test-method status="PASS" signature="initialize()[pri:0, instance:Test.login@520a3426]" name="initialize" is-config="true" duration-ms="4" started-at="2019-01-21T06:27:04Z" finished-at="2019-01-21T06:27:04Z">
          <reporter-output>
          </reporter-output>
        </test-method> <!-- initialize -->
        <test-method status="PASS" signature="enterPwd()[pri:0, instance:Test.login@520a3426]" name="enterPwd" duration-ms="2045" started-at="2019-01-21T06:27:04Z" finished-at="2019-01-21T06:27:06Z">
          <reporter-output>
          </reporter-output>
        </test-method> <!-- enterPwd -->
        <test-method status="PASS" signature="clear()[pri:0, instance:Test.login@520a3426]" name="clear" is-config="true" duration-ms="0" started-at="2019-01-21T06:27:06Z" finished-at="2019-01-21T06:27:06Z">
          <reporter-output>
          </reporter-output>
        </test-method> <!-- clear -->
        <test-method status="PASS" signature="afterEachTestMethod(org.testng.ITestResult)[pri:0, instance:Test.login@520a3426]" name="afterEachTestMethod" is-config="true" duration-ms="297" started-at="2019-01-21T06:27:06Z" finished-at="2019-01-21T06:27:07Z">
          <params>
            <param index="0">
              <value>
                <![CDATA[[TestResult name=enterPwd status=SUCCESS method=login.enterPwd()[pri:0, instance:Test.login@520a3426] output={null}]]]>
              </value>
            </param>
          </params>
          <reporter-output>
          </reporter-output>
        </test-method> <!-- afterEachTestMethod -->
        <test-method status="PASS" signature="tearDownTest()[pri:0, instance:Test.login@520a3426]" name="tearDownTest" is-config="true" duration-ms="0" started-at="2019-01-21T06:27:06Z" finished-at="2019-01-21T06:27:06Z">
          <reporter-output>
          </reporter-output>
        </test-method> <!-- tearDownTest -->
        <test-method status="PASS" signature="cleanUp()[pri:0, instance:Test.login@520a3426]" name="cleanUp" is-config="true" duration-ms="1" started-at="2019-01-21T06:27:07Z" finished-at="2019-01-21T06:27:07Z">
          <reporter-output>
          </reporter-output>
        </test-method> <!-- cleanUp -->
        <test-method status="PASS" signature="setUp(java.lang.Boolean, java.lang.String, java.lang.String, java.lang.String, java.lang.String, java.lang.String, java.lang.String)[pri:0, instance:Test.login@520a3426]" name="setUp" is-config="true" duration-ms="5035" started-at="2019-01-21T06:27:07Z" finished-at="2019-01-21T06:27:12Z">
          <params>
            <param index="0">
              <value>
                <![CDATA[false]]>
              </value>
            </param>
            <param index="1">
              <value>
                <![CDATA[lazim122]]>
              </value>
            </param>
            <param index="2">
              <value>
                <![CDATA[3521de6c-5cf2-42cf-af5a-f5d0cf8afeb4]]>
              </value>
            </param>
            <param index="3">
              <value>
                <![CDATA[macOS 10.12]]>
              </value>
            </param>
            <param index="4">
              <value>
                <![CDATA[chrome]]>
              </value>
            </param>
            <param index="5">
              <value>
                <![CDATA[71.0]]>
              </value>
            </param>
            <param index="6">
              <value>
                <![CDATA[https://www.ebay.com]]>
              </value>
            </param>
          </params>
          <reporter-output>
          </reporter-output>
        </test-method> <!-- setUp -->
        <test-method status="PASS" signature="startExtent(java.lang.reflect.Method)[pri:0, instance:Test.login@520a3426]" name="startExtent" is-config="true" duration-ms="1" started-at="2019-01-21T06:27:12Z" finished-at="2019-01-21T06:27:12Z">
          <params>
            <param index="0">
              <value>
                <![CDATA[public void Test.login.invalidLogin()]]>
              </value>
            </param>
          </params>
          <reporter-output>
          </reporter-output>
        </test-method> <!-- startExtent -->
        <test-method status="PASS" signature="initialize()[pri:0, instance:Test.login@520a3426]" name="initialize" is-config="true" duration-ms="4" started-at="2019-01-21T06:27:12Z" finished-at="2019-01-21T06:27:12Z">
          <reporter-output>
          </reporter-output>
        </test-method> <!-- initialize -->
        <test-method status="PASS" signature="initializeTest()[pri:0, instance:Test.login@520a3426]" name="initializeTest" is-config="true" duration-ms="0" started-at="2019-01-21T06:27:12Z" finished-at="2019-01-21T06:27:12Z">
          <reporter-output>
          </reporter-output>
        </test-method> <!-- initializeTest -->
        <test-method status="PASS" signature="invalidLogin()[pri:0, instance:Test.login@520a3426]" name="invalidLogin" duration-ms="6917" started-at="2019-01-21T06:27:12Z" finished-at="2019-01-21T06:27:19Z">
          <reporter-output>
          </reporter-output>
        </test-method> <!-- invalidLogin -->
        <test-method status="PASS" signature="clear()[pri:0, instance:Test.login@520a3426]" name="clear" is-config="true" duration-ms="1" started-at="2019-01-21T06:27:19Z" finished-at="2019-01-21T06:27:19Z">
          <reporter-output>
          </reporter-output>
        </test-method> <!-- clear -->
        <test-method status="PASS" signature="afterEachTestMethod(org.testng.ITestResult)[pri:0, instance:Test.login@520a3426]" name="afterEachTestMethod" is-config="true" duration-ms="383" started-at="2019-01-21T06:27:19Z" finished-at="2019-01-21T06:27:19Z">
          <params>
            <param index="0">
              <value>
                <![CDATA[[TestResult name=invalidLogin status=SUCCESS method=login.invalidLogin()[pri:0, instance:Test.login@520a3426] output={null}]]]>
              </value>
            </param>
          </params>
          <reporter-output>
          </reporter-output>
        </test-method> <!-- afterEachTestMethod -->
        <test-method status="PASS" signature="tearDownTest()[pri:0, instance:Test.login@520a3426]" name="tearDownTest" is-config="true" duration-ms="0" started-at="2019-01-21T06:27:19Z" finished-at="2019-01-21T06:27:19Z">
          <reporter-output>
          </reporter-output>
        </test-method> <!-- tearDownTest -->
        <test-method status="PASS" signature="cleanUp()[pri:0, instance:Test.login@520a3426]" name="cleanUp" is-config="true" duration-ms="1" started-at="2019-01-21T06:27:19Z" finished-at="2019-01-21T06:27:19Z">
          <reporter-output>
          </reporter-output>
        </test-method> <!-- cleanUp -->
        <test-method status="PASS" signature="setUp(java.lang.Boolean, java.lang.String, java.lang.String, java.lang.String, java.lang.String, java.lang.String, java.lang.String)[pri:0, instance:Test.login@520a3426]" name="setUp" is-config="true" duration-ms="3559" started-at="2019-01-21T06:27:19Z" finished-at="2019-01-21T06:27:23Z">
          <params>
            <param index="0">
              <value>
                <![CDATA[false]]>
              </value>
            </param>
            <param index="1">
              <value>
                <![CDATA[lazim122]]>
              </value>
            </param>
            <param index="2">
              <value>
                <![CDATA[3521de6c-5cf2-42cf-af5a-f5d0cf8afeb4]]>
              </value>
            </param>
            <param index="3">
              <value>
                <![CDATA[macOS 10.12]]>
              </value>
            </param>
            <param index="4">
              <value>
                <![CDATA[chrome]]>
              </value>
            </param>
            <param index="5">
              <value>
                <![CDATA[71.0]]>
              </value>
            </param>
            <param index="6">
              <value>
                <![CDATA[https://www.ebay.com]]>
              </value>
            </param>
          </params>
          <reporter-output>
          </reporter-output>
        </test-method> <!-- setUp -->
        <test-method status="PASS" signature="startExtent(java.lang.reflect.Method)[pri:0, instance:Test.login@520a3426]" name="startExtent" is-config="true" duration-ms="1" started-at="2019-01-21T06:27:23Z" finished-at="2019-01-21T06:27:23Z">
          <params>
            <param index="0">
              <value>
                <![CDATA[public void Test.login.itemSearch()]]>
              </value>
            </param>
          </params>
          <reporter-output>
          </reporter-output>
        </test-method> <!-- startExtent -->
        <test-method status="PASS" signature="initializeTest()[pri:0, instance:Test.login@520a3426]" name="initializeTest" is-config="true" duration-ms="0" started-at="2019-01-21T06:27:23Z" finished-at="2019-01-21T06:27:23Z">
          <reporter-output>
          </reporter-output>
        </test-method> <!-- initializeTest -->
        <test-method status="PASS" signature="initialize()[pri:0, instance:Test.login@520a3426]" name="initialize" is-config="true" duration-ms="2" started-at="2019-01-21T06:27:23Z" finished-at="2019-01-21T06:27:23Z">
          <reporter-output>
          </reporter-output>
        </test-method> <!-- initialize -->
        <test-method status="PASS" signature="itemSearch()[pri:0, instance:Test.login@520a3426]" name="itemSearch" duration-ms="22146" started-at="2019-01-21T06:27:23Z" finished-at="2019-01-21T06:27:45Z">
          <reporter-output>
          </reporter-output>
        </test-method> <!-- itemSearch -->
        <test-method status="PASS" signature="clear()[pri:0, instance:Test.login@520a3426]" name="clear" is-config="true" duration-ms="5" started-at="2019-01-21T06:27:45Z" finished-at="2019-01-21T06:27:45Z">
          <reporter-output>
          </reporter-output>
        </test-method> <!-- clear -->
        <test-method status="PASS" signature="tearDownTest()[pri:0, instance:Test.login@520a3426]" name="tearDownTest" is-config="true" duration-ms="0" started-at="2019-01-21T06:27:45Z" finished-at="2019-01-21T06:27:45Z">
          <reporter-output>
          </reporter-output>
        </test-method> <!-- tearDownTest -->
        <test-method status="PASS" signature="afterEachTestMethod(org.testng.ITestResult)[pri:0, instance:Test.login@520a3426]" name="afterEachTestMethod" is-config="true" duration-ms="452" started-at="2019-01-21T06:27:45Z" finished-at="2019-01-21T06:27:45Z">
          <params>
            <param index="0">
              <value>
                <![CDATA[[TestResult name=itemSearch status=SUCCESS method=login.itemSearch()[pri:0, instance:Test.login@520a3426] output={null}]]]>
              </value>
            </param>
          </params>
          <reporter-output>
          </reporter-output>
        </test-method> <!-- afterEachTestMethod -->
        <test-method status="PASS" signature="cleanUp()[pri:0, instance:Test.login@520a3426]" name="cleanUp" is-config="true" duration-ms="0" started-at="2019-01-21T06:27:45Z" finished-at="2019-01-21T06:27:45Z">
          <reporter-output>
          </reporter-output>
        </test-method> <!-- cleanUp -->
        <test-method status="PASS" signature="setUp(java.lang.Boolean, java.lang.String, java.lang.String, java.lang.String, java.lang.String, java.lang.String, java.lang.String)[pri:0, instance:Test.login@520a3426]" name="setUp" is-config="true" duration-ms="4270" started-at="2019-01-21T06:27:45Z" finished-at="2019-01-21T06:27:50Z">
          <params>
            <param index="0">
              <value>
                <![CDATA[false]]>
              </value>
            </param>
            <param index="1">
              <value>
                <![CDATA[lazim122]]>
              </value>
            </param>
            <param index="2">
              <value>
                <![CDATA[3521de6c-5cf2-42cf-af5a-f5d0cf8afeb4]]>
              </value>
            </param>
            <param index="3">
              <value>
                <![CDATA[macOS 10.12]]>
              </value>
            </param>
            <param index="4">
              <value>
                <![CDATA[chrome]]>
              </value>
            </param>
            <param index="5">
              <value>
                <![CDATA[71.0]]>
              </value>
            </param>
            <param index="6">
              <value>
                <![CDATA[https://www.ebay.com]]>
              </value>
            </param>
          </params>
          <reporter-output>
          </reporter-output>
        </test-method> <!-- setUp -->
        <test-method status="PASS" signature="startExtent(java.lang.reflect.Method)[pri:0, instance:Test.login@520a3426]" name="startExtent" is-config="true" duration-ms="1" started-at="2019-01-21T06:27:50Z" finished-at="2019-01-21T06:27:50Z">
          <params>
            <param index="0">
              <value>
                <![CDATA[public void Test.login.passwordBoxCheck()]]>
              </value>
            </param>
          </params>
          <reporter-output>
          </reporter-output>
        </test-method> <!-- startExtent -->
        <test-method status="PASS" signature="initialize()[pri:0, instance:Test.login@520a3426]" name="initialize" is-config="true" duration-ms="2" started-at="2019-01-21T06:27:50Z" finished-at="2019-01-21T06:27:50Z">
          <reporter-output>
          </reporter-output>
        </test-method> <!-- initialize -->
        <test-method status="PASS" signature="initializeTest()[pri:0, instance:Test.login@520a3426]" name="initializeTest" is-config="true" duration-ms="0" started-at="2019-01-21T06:27:50Z" finished-at="2019-01-21T06:27:50Z">
          <reporter-output>
          </reporter-output>
        </test-method> <!-- initializeTest -->
        <test-method status="PASS" signature="passwordBoxCheck()[pri:0, instance:Test.login@520a3426]" name="passwordBoxCheck" duration-ms="3361" started-at="2019-01-21T06:27:50Z" finished-at="2019-01-21T06:27:53Z">
          <reporter-output>
          </reporter-output>
        </test-method> <!-- passwordBoxCheck -->
        <test-method status="PASS" signature="clear()[pri:0, instance:Test.login@520a3426]" name="clear" is-config="true" duration-ms="0" started-at="2019-01-21T06:27:53Z" finished-at="2019-01-21T06:27:53Z">
          <reporter-output>
          </reporter-output>
        </test-method> <!-- clear -->
        <test-method status="PASS" signature="tearDownTest()[pri:0, instance:Test.login@520a3426]" name="tearDownTest" is-config="true" duration-ms="0" started-at="2019-01-21T06:27:53Z" finished-at="2019-01-21T06:27:53Z">
          <reporter-output>
          </reporter-output>
        </test-method> <!-- tearDownTest -->
        <test-method status="PASS" signature="afterEachTestMethod(org.testng.ITestResult)[pri:0, instance:Test.login@520a3426]" name="afterEachTestMethod" is-config="true" duration-ms="301" started-at="2019-01-21T06:27:53Z" finished-at="2019-01-21T06:27:53Z">
          <params>
            <param index="0">
              <value>
                <![CDATA[[TestResult name=passwordBoxCheck status=SUCCESS method=login.passwordBoxCheck()[pri:0, instance:Test.login@520a3426] output={null}]]]>
              </value>
            </param>
          </params>
          <reporter-output>
          </reporter-output>
        </test-method> <!-- afterEachTestMethod -->
        <test-method status="PASS" signature="cleanUp()[pri:0, instance:Test.login@520a3426]" name="cleanUp" is-config="true" duration-ms="1" started-at="2019-01-21T06:27:53Z" finished-at="2019-01-21T06:27:53Z">
          <reporter-output>
          </reporter-output>
        </test-method> <!-- cleanUp -->
        <test-method status="PASS" signature="setUp(java.lang.Boolean, java.lang.String, java.lang.String, java.lang.String, java.lang.String, java.lang.String, java.lang.String)[pri:0, instance:Test.login@520a3426]" name="setUp" is-config="true" duration-ms="4117" started-at="2019-01-21T06:27:53Z" finished-at="2019-01-21T06:27:57Z">
          <params>
            <param index="0">
              <value>
                <![CDATA[false]]>
              </value>
            </param>
            <param index="1">
              <value>
                <![CDATA[lazim122]]>
              </value>
            </param>
            <param index="2">
              <value>
                <![CDATA[3521de6c-5cf2-42cf-af5a-f5d0cf8afeb4]]>
              </value>
            </param>
            <param index="3">
              <value>
                <![CDATA[macOS 10.12]]>
              </value>
            </param>
            <param index="4">
              <value>
                <![CDATA[chrome]]>
              </value>
            </param>
            <param index="5">
              <value>
                <![CDATA[71.0]]>
              </value>
            </param>
            <param index="6">
              <value>
                <![CDATA[https://www.ebay.com]]>
              </value>
            </param>
          </params>
          <reporter-output>
          </reporter-output>
        </test-method> <!-- setUp -->
        <test-method status="PASS" signature="startExtent(java.lang.reflect.Method)[pri:0, instance:Test.login@520a3426]" name="startExtent" is-config="true" duration-ms="1" started-at="2019-01-21T06:27:57Z" finished-at="2019-01-21T06:27:57Z">
          <params>
            <param index="0">
              <value>
                <![CDATA[public void Test.login.signWithFb()]]>
              </value>
            </param>
          </params>
          <reporter-output>
          </reporter-output>
        </test-method> <!-- startExtent -->
        <test-method status="PASS" signature="initialize()[pri:0, instance:Test.login@520a3426]" name="initialize" is-config="true" duration-ms="1" started-at="2019-01-21T06:27:57Z" finished-at="2019-01-21T06:27:57Z">
          <reporter-output>
          </reporter-output>
        </test-method> <!-- initialize -->
        <test-method status="PASS" signature="initializeTest()[pri:0, instance:Test.login@520a3426]" name="initializeTest" is-config="true" duration-ms="0" started-at="2019-01-21T06:27:57Z" finished-at="2019-01-21T06:27:57Z">
          <reporter-output>
          </reporter-output>
        </test-method> <!-- initializeTest -->
        <test-method status="PASS" signature="signWithFb()[pri:0, instance:Test.login@520a3426]" name="signWithFb" duration-ms="3965" started-at="2019-01-21T06:27:57Z" finished-at="2019-01-21T06:28:01Z">
          <reporter-output>
          </reporter-output>
        </test-method> <!-- signWithFb -->
        <test-method status="PASS" signature="clear()[pri:0, instance:Test.login@520a3426]" name="clear" is-config="true" duration-ms="0" started-at="2019-01-21T06:28:01Z" finished-at="2019-01-21T06:28:01Z">
          <reporter-output>
          </reporter-output>
        </test-method> <!-- clear -->
        <test-method status="PASS" signature="tearDownTest()[pri:0, instance:Test.login@520a3426]" name="tearDownTest" is-config="true" duration-ms="0" started-at="2019-01-21T06:28:01Z" finished-at="2019-01-21T06:28:01Z">
          <reporter-output>
          </reporter-output>
        </test-method> <!-- tearDownTest -->
        <test-method status="PASS" signature="afterEachTestMethod(org.testng.ITestResult)[pri:0, instance:Test.login@520a3426]" name="afterEachTestMethod" is-config="true" duration-ms="390" started-at="2019-01-21T06:28:01Z" finished-at="2019-01-21T06:28:02Z">
          <params>
            <param index="0">
              <value>
                <![CDATA[[TestResult name=signWithFb status=SUCCESS method=login.signWithFb()[pri:0, instance:Test.login@520a3426] output={null}]]]>
              </value>
            </param>
          </params>
          <reporter-output>
          </reporter-output>
        </test-method> <!-- afterEachTestMethod -->
        <test-method status="PASS" signature="cleanUp()[pri:0, instance:Test.login@520a3426]" name="cleanUp" is-config="true" duration-ms="1" started-at="2019-01-21T06:28:02Z" finished-at="2019-01-21T06:28:02Z">
          <reporter-output>
          </reporter-output>
        </test-method> <!-- cleanUp -->
        <test-method status="PASS" signature="generateReport()[pri:0, instance:Test.login@520a3426]" name="generateReport" is-config="true" duration-ms="147" started-at="2019-01-21T06:28:02Z" finished-at="2019-01-21T06:28:02Z">
          <reporter-output>
          </reporter-output>
        </test-method> <!-- generateReport -->
      </class> <!-- Test.login -->
    </test> <!-- Ebay Home -->
  </suite> <!-- Ebay Shopping Website  -->
</testng-results>
