<!DOCTYPE html>

<html>
  <head>
  <meta charset='utf-8'>
  <title>TestNG reports</title>

    <link type="text/css" href="testng-reports.css" rel="stylesheet" />
    <script type="text/javascript" src="jquery-1.7.1.min.js"></script>
    <script type="text/javascript" src="testng-reports.js"></script>
    <script type="text/javascript" src="https://www.google.com/jsapi"></script>
    <script type='text/javascript'>
      google.load('visualization', '1', {packages:['table']});
      google.setOnLoadCallback(drawTable);
      var suiteTableInitFunctions = new Array();
      var suiteTableData = new Array();
    </script>
    <!--
      <script type="text/javascript" src="jquery-ui/js/jquery-ui-1.8.16.custom.min.js"></script>
     -->
  </head>

  <body>
    <div class="top-banner-root">
      <span class="top-banner-title-font">Test results</span>
      <br/>
      <span class="top-banner-font-1">1 suite, 16 failed tests</span>
    </div> <!-- top-banner-root -->
    <div class="navigator-root">
      <div class="navigator-suite-header">
        <span>All suites</span>
        <a href="#" title="Collapse/expand all the suites" class="collapse-all-link">
          <img src="collapseall.gif" class="collapse-all-icon">
          </img> <!-- collapse-all-icon -->
        </a> <!-- collapse-all-link -->
      </div> <!-- navigator-suite-header -->
      <div class="suite">
        <div class="rounded-window">
          <div class="suite-header light-rounded-window-top">
            <a href="#" panel-name="suite-Gmail_Automation_Script_" class="navigator-link">
              <span class="suite-name border-failed">Gmail Automation Script </span>
            </a> <!-- navigator-link -->
          </div> <!-- suite-header light-rounded-window-top -->
          <div class="navigator-suite-content">
            <div class="suite-section-title">
              <span>Info</span>
            </div> <!-- suite-section-title -->
            <div class="suite-section-content">
              <ul>
                <li>
                  <a href="#" panel-name="test-xml-Gmail_Automation_Script_" class="navigator-link ">
                    <span>GmailTestRunner.xml</span>
                  </a> <!-- navigator-link  -->
                </li>
                <li>
                  <a href="#" panel-name="testlist-Gmail_Automation_Script_" class="navigator-link ">
                    <span class="test-stats">1 test</span>
                  </a> <!-- navigator-link  -->
                </li>
                <li>
                  <a href="#" panel-name="group-Gmail_Automation_Script_" class="navigator-link ">
                    <span>0 groups</span>
                  </a> <!-- navigator-link  -->
                </li>
                <li>
                  <a href="#" panel-name="times-Gmail_Automation_Script_" class="navigator-link ">
                    <span>Times</span>
                  </a> <!-- navigator-link  -->
                </li>
                <li>
                  <a href="#" panel-name="reporter-Gmail_Automation_Script_" class="navigator-link ">
                    <span>Reporter output</span>
                  </a> <!-- navigator-link  -->
                </li>
                <li>
                  <a href="#" panel-name="ignored-methods-Gmail_Automation_Script_" class="navigator-link ">
                    <span>Ignored methods</span>
                  </a> <!-- navigator-link  -->
                </li>
                <li>
                  <a href="#" panel-name="chronological-Gmail_Automation_Script_" class="navigator-link ">
                    <span>Chronological view</span>
                  </a> <!-- navigator-link  -->
                </li>
              </ul>
            </div> <!-- suite-section-content -->
            <div class="result-section">
              <div class="suite-section-title">
                <span>Results</span>
              </div> <!-- suite-section-title -->
              <div class="suite-section-content">
                <ul>
                  <li>
                    <span class="method-stats">23 methods, 16 failed,  1 skipped,  6 passed</span>
                  </li>
                  <li>
                    <span class="method-list-title failed">Failed methods</span>
                    <span class="show-or-hide-methods failed">
                      <a href="#" panel-name="suite-Gmail_Automation_Script_" class="hide-methods failed suite-Gmail_Automation_Script_"> (hide)</a> <!-- hide-methods failed suite-Gmail_Automation_Script_ -->
                      <a href="#" panel-name="suite-Gmail_Automation_Script_" class="show-methods failed suite-Gmail_Automation_Script_"> (show)</a> <!-- show-methods failed suite-Gmail_Automation_Script_ -->
                    </span>
                    <div class="method-list-content failed suite-Gmail_Automation_Script_">
                      <span>
                        <img src="failed.png" width="3%"/>
                        <a href="#" panel-name="suite-Gmail_Automation_Script_" title="TestPages.TestHomePage" class="method navigator-link" hash-for-method="Email">Email</a> <!-- method navigator-link -->
                      </span>
                      <br/>
                      <span>
                        <img src="failed.png" width="3%"/>
                        <a href="#" panel-name="suite-Gmail_Automation_Script_" title="TestPages.TestHomePage" class="method navigator-link" hash-for-method="TestEmailOlderMessages">TestEmailOlderMessages</a> <!-- method navigator-link -->
                      </span>
                      <br/>
                      <span>
                        <img src="failed.png" width="3%"/>
                        <a href="#" panel-name="suite-Gmail_Automation_Script_" title="TestPages.TestHomePage" class="method navigator-link" hash-for-method="TestEmailSettings">TestEmailSettings</a> <!-- method navigator-link -->
                      </span>
                      <br/>
                      <span>
                        <img src="failed.png" width="3%"/>
                        <a href="#" panel-name="suite-Gmail_Automation_Script_" title="TestPages.TestHomePage" class="method navigator-link" hash-for-method="TestEmailStarred">TestEmailStarred</a> <!-- method navigator-link -->
                      </span>
                      <br/>
                      <span>
                        <img src="failed.png" width="3%"/>
                        <a href="#" panel-name="suite-Gmail_Automation_Script_" title="TestPages.TestHomePage" class="method navigator-link" hash-for-method="TestGoogleAccount">TestGoogleAccount</a> <!-- method navigator-link -->
                      </span>
                      <br/>
                      <span>
                        <img src="failed.png" width="3%"/>
                        <a href="#" panel-name="suite-Gmail_Automation_Script_" title="TestPages.TestHomePage" class="method navigator-link" hash-for-method="TestGoogleApps">TestGoogleApps</a> <!-- method navigator-link -->
                      </span>
                      <br/>
                      <span>
                        <img src="failed.png" width="3%"/>
                        <a href="#" panel-name="suite-Gmail_Automation_Script_" title="TestPages.TestHomePage" class="method navigator-link" hash-for-method="TestHelpCreateGoogleAccount">TestHelpCreateGoogleAccount</a> <!-- method navigator-link -->
                      </span>
                      <br/>
                      <span>
                        <img src="failed.png" width="3%"/>
                        <a href="#" panel-name="suite-Gmail_Automation_Script_" title="TestPages.TestHomePage" class="method navigator-link" hash-for-method="TestSendEmailCompose">TestSendEmailCompose</a> <!-- method navigator-link -->
                      </span>
                      <br/>
                      <span>
                        <img src="failed.png" width="3%"/>
                        <a href="#" panel-name="suite-Gmail_Automation_Script_" title="TestPages.TestHomePage" class="method navigator-link" hash-for-method="TestSendEmailRecipientEmail">TestSendEmailRecipientEmail</a> <!-- method navigator-link -->
                      </span>
                      <br/>
                      <span>
                        <img src="failed.png" width="3%"/>
                        <a href="#" panel-name="suite-Gmail_Automation_Script_" title="TestPages.TestHomePage" class="method navigator-link" hash-for-method="TestSendEmailSendButton">TestSendEmailSendButton</a> <!-- method navigator-link -->
                      </span>
                      <br/>
                      <span>
                        <img src="failed.png" width="3%"/>
                        <a href="#" panel-name="suite-Gmail_Automation_Script_" title="TestPages.TestHomePage" class="method navigator-link" hash-for-method="TestSendEmailemailBody">TestSendEmailemailBody</a> <!-- method navigator-link -->
                      </span>
                      <br/>
                      <span>
                        <img src="failed.png" width="3%"/>
                        <a href="#" panel-name="suite-Gmail_Automation_Script_" title="TestPages.TestHomePage" class="method navigator-link" hash-for-method="TestSendEmailemailSubject">TestSendEmailemailSubject</a> <!-- method navigator-link -->
                      </span>
                      <br/>
                      <span>
                        <img src="failed.png" width="3%"/>
                        <a href="#" panel-name="suite-Gmail_Automation_Script_" title="TestPages.TestHomePage" class="method navigator-link" hash-for-method="TesthelpGoogleAccount">TesthelpGoogleAccount</a> <!-- method navigator-link -->
                      </span>
                      <br/>
                      <span>
                        <img src="failed.png" width="3%"/>
                        <a href="#" panel-name="suite-Gmail_Automation_Script_" title="GmailLogin.GmailTestLogin" class="method navigator-link" hash-for-method="test1">test1</a> <!-- method navigator-link -->
                      </span>
                      <br/>
                      <span>
                        <img src="failed.png" width="3%"/>
                        <a href="#" panel-name="suite-Gmail_Automation_Script_" title="GmailLogin.GmailTestLogin" class="method navigator-link" hash-for-method="test10">test10</a> <!-- method navigator-link -->
                      </span>
                      <br/>
                      <span>
                        <img src="failed.png" width="3%"/>
                        <a href="#" panel-name="suite-Gmail_Automation_Script_" title="GmailLogin.GmailTestLogin" class="method navigator-link" hash-for-method="test9">test9</a> <!-- method navigator-link -->
                      </span>
                      <br/>
                    </div> <!-- method-list-content failed suite-Gmail_Automation_Script_ -->
                  </li>
                  <li>
                    <span class="method-list-title skipped">Skipped methods</span>
                    <span class="show-or-hide-methods skipped">
                      <a href="#" panel-name="suite-Gmail_Automation_Script_" class="hide-methods skipped suite-Gmail_Automation_Script_"> (hide)</a> <!-- hide-methods skipped suite-Gmail_Automation_Script_ -->
                      <a href="#" panel-name="suite-Gmail_Automation_Script_" class="show-methods skipped suite-Gmail_Automation_Script_"> (show)</a> <!-- show-methods skipped suite-Gmail_Automation_Script_ -->
                    </span>
                    <div class="method-list-content skipped suite-Gmail_Automation_Script_">
                      <span>
                        <img src="skipped.png" width="3%"/>
                        <a href="#" panel-name="suite-Gmail_Automation_Script_" title="TestPages.TestHomePage" class="method navigator-link" hash-for-method="gmailLogin">gmailLogin</a> <!-- method navigator-link -->
                      </span>
                      <br/>
                    </div> <!-- method-list-content skipped suite-Gmail_Automation_Script_ -->
                  </li>
                  <li>
                    <span class="method-list-title passed">Passed methods</span>
                    <span class="show-or-hide-methods passed">
                      <a href="#" panel-name="suite-Gmail_Automation_Script_" class="hide-methods passed suite-Gmail_Automation_Script_"> (hide)</a> <!-- hide-methods passed suite-Gmail_Automation_Script_ -->
                      <a href="#" panel-name="suite-Gmail_Automation_Script_" class="show-methods passed suite-Gmail_Automation_Script_"> (show)</a> <!-- show-methods passed suite-Gmail_Automation_Script_ -->
                    </span>
                    <div class="method-list-content passed suite-Gmail_Automation_Script_">
                      <span>
                        <img src="passed.png" width="3%"/>
                        <a href="#" panel-name="suite-Gmail_Automation_Script_" title="GmailLogin.GmailTestLogin" class="method navigator-link" hash-for-method="test2">test2</a> <!-- method navigator-link -->
                      </span>
                      <br/>
                      <span>
                        <img src="passed.png" width="3%"/>
                        <a href="#" panel-name="suite-Gmail_Automation_Script_" title="GmailLogin.GmailTestLogin" class="method navigator-link" hash-for-method="test3">test3</a> <!-- method navigator-link -->
                      </span>
                      <br/>
                      <span>
                        <img src="passed.png" width="3%"/>
                        <a href="#" panel-name="suite-Gmail_Automation_Script_" title="GmailLogin.GmailTestLogin" class="method navigator-link" hash-for-method="test4">test4</a> <!-- method navigator-link -->
                      </span>
                      <br/>
                      <span>
                        <img src="passed.png" width="3%"/>
                        <a href="#" panel-name="suite-Gmail_Automation_Script_" title="GmailLogin.GmailTestLogin" class="method navigator-link" hash-for-method="test5">test5</a> <!-- method navigator-link -->
                      </span>
                      <br/>
                      <span>
                        <img src="passed.png" width="3%"/>
                        <a href="#" panel-name="suite-Gmail_Automation_Script_" title="GmailLogin.GmailTestLogin" class="method navigator-link" hash-for-method="test7">test7</a> <!-- method navigator-link -->
                      </span>
                      <br/>
                      <span>
                        <img src="passed.png" width="3%"/>
                        <a href="#" panel-name="suite-Gmail_Automation_Script_" title="GmailLogin.GmailTestLogin" class="method navigator-link" hash-for-method="test8">test8</a> <!-- method navigator-link -->
                      </span>
                      <br/>
                    </div> <!-- method-list-content passed suite-Gmail_Automation_Script_ -->
                  </li>
                </ul>
              </div> <!-- suite-section-content -->
            </div> <!-- result-section -->
          </div> <!-- navigator-suite-content -->
        </div> <!-- rounded-window -->
      </div> <!-- suite -->
    </div> <!-- navigator-root -->
    <div class="wrapper">
      <div class="main-panel-root">
        <div panel-name="suite-Gmail_Automation_Script_" class="panel Gmail_Automation_Script_">
          <div class="suite-Gmail_Automation_Script_-class-failed">
            <div class="main-panel-header rounded-window-top">
              <img src="failed.png"/>
              <span class="class-name">TestPages.TestHomePage</span>
            </div> <!-- main-panel-header rounded-window-top -->
            <div class="main-panel-content rounded-window-bottom">
              <div class="method">
                <div class="method-content">
                  <a name="Email">
                  </a> <!-- Email -->
                  <span class="method-name">Email</span>
                  <div class="stack-trace">java.lang.NoClassDefFoundError: reporting/TestLogger
	at Pages.HomePage.login(HomePage.java:88)
	at Pages.HomePage.sendEmail(HomePage.java:114)
	at TestPages.TestHomePage.Email(TestHomePage.java:18)
Caused by: java.lang.ClassNotFoundException: reporting.TestLogger
	at java.base/jdk.internal.loader.BuiltinClassLoader.loadClass(BuiltinClassLoader.java:583)
	at java.base/jdk.internal.loader.ClassLoaders$AppClassLoader.loadClass(ClassLoaders.java:178)
	at java.base/java.lang.ClassLoader.loadClass(ClassLoader.java:521)
	... 31 more
... Removed 28 stack frames
</div> <!-- stack-trace -->
                </div> <!-- method-content -->
              </div> <!-- method -->
              <div class="method">
                <div class="method-content">
                  <a name="TestEmailOlderMessages">
                  </a> <!-- TestEmailOlderMessages -->
                  <span class="method-name">TestEmailOlderMessages</span>
                  <div class="stack-trace">java.lang.NoClassDefFoundError: reporting/TestLogger
	at Pages.HomePage.login(HomePage.java:88)
	at Pages.HomePage.EmailOlderMessages(HomePage.java:161)
	at TestPages.TestHomePage.TestEmailOlderMessages(TestHomePage.java:42)
... Removed 28 stack frames
</div> <!-- stack-trace -->
                </div> <!-- method-content -->
              </div> <!-- method -->
              <div class="method">
                <div class="method-content">
                  <a name="TestEmailSettings">
                  </a> <!-- TestEmailSettings -->
                  <span class="method-name">TestEmailSettings</span>
                  <div class="stack-trace">java.lang.NoClassDefFoundError: reporting/TestLogger
	at Pages.HomePage.login(HomePage.java:88)
	at Pages.HomePage.EmailSettings(HomePage.java:156)
	at TestPages.TestHomePage.TestEmailSettings(TestHomePage.java:30)
... Removed 28 stack frames
</div> <!-- stack-trace -->
                </div> <!-- method-content -->
              </div> <!-- method -->
              <div class="method">
                <div class="method-content">
                  <a name="TestEmailStarred">
                  </a> <!-- TestEmailStarred -->
                  <span class="method-name">TestEmailStarred</span>
                  <div class="stack-trace">java.lang.NoClassDefFoundError: reporting/TestLogger
	at Pages.HomePage.login(HomePage.java:88)
	at Pages.HomePage.EmailStarred(HomePage.java:151)
	at TestPages.TestHomePage.TestEmailStarred(TestHomePage.java:28)
... Removed 28 stack frames
</div> <!-- stack-trace -->
                </div> <!-- method-content -->
              </div> <!-- method -->
              <div class="method">
                <div class="method-content">
                  <a name="TestGoogleAccount">
                  </a> <!-- TestGoogleAccount -->
                  <span class="method-name">TestGoogleAccount</span>
                  <div class="stack-trace">org.openqa.selenium.NoSuchElementException: no such element: Unable to locate element: {&quot;method&quot;:&quot;xpath&quot;,&quot;selector&quot;:&quot;//*[@id=&quot;gb&quot;]/div[2]/div[1]/div[1]/svg/path&quot;}
  (Session info: chrome=71.0.3578.98)
  (Driver info: chromedriver=2.45.615355 (d5698f682d8b2742017df6c81e0bd8e6a3063189),platform=Mac OS X 10.14.2 x86_64) (WARNING: The server did not provide any stacktrace information)
Command duration or timeout: 0 milliseconds
For documentation on this error, please visit: https://www.seleniumhq.org/exceptions/no_such_element.html
Build info: version: &apos;3.141.59&apos;, revision: &apos;e82be7d358&apos;, time: &apos;2018-11-14T08:17:03&apos;
System info: host: &apos;Nazibahs-MacBook-Air.local&apos;, ip: &apos;fe80:0:0:0:80a:db1e:e2fb:414b%en0&apos;, os.name: &apos;Mac OS X&apos;, os.arch: &apos;x86_64&apos;, os.version: &apos;10.14.2&apos;, java.version: &apos;11.0.1&apos;
Driver info: org.openqa.selenium.chrome.ChromeDriver
Capabilities {acceptInsecureCerts: false, acceptSslCerts: false, applicationCacheEnabled: false, browserConnectionEnabled: false, browserName: chrome, chrome: {chromedriverVersion: 2.45.615355 (d5698f682d8b27..., userDataDir: /var/folders/bx/ylfr9_p57rv...}, cssSelectorsEnabled: true, databaseEnabled: false, goog:chromeOptions: {debuggerAddress: localhost:60463}, handlesAlerts: true, hasTouchScreen: false, javascriptEnabled: true, locationContextEnabled: true, mobileEmulationEnabled: false, nativeEvents: true, networkConnectionEnabled: false, pageLoadStrategy: normal, platform: MAC, platformName: MAC, proxy: Proxy(), rotatable: false, setWindowRect: true, strictFileInteractability: false, takesHeapSnapshot: true, takesScreenshot: true, timeouts: {implicit: 0, pageLoad: 300000, script: 30000}, unexpectedAlertBehaviour: ignore, unhandledPromptBehavior: ignore, version: 71.0.3578.98, webStorageEnabled: true}
Session ID: 113db5cfbed863d59c037ebc704ab9fa
*** Element info: {Using=xpath, value=//*[@id=&quot;gb&quot;]/div[2]/div[1]/div[1]/svg/path}
	at org.openqa.selenium.remote.ErrorHandler.createThrowable(ErrorHandler.java:214)
	at org.openqa.selenium.remote.ErrorHandler.throwIfResponseFailed(ErrorHandler.java:166)
	at org.openqa.selenium.remote.http.JsonHttpResponseCodec.reconstructValue(JsonHttpResponseCodec.java:40)
	at org.openqa.selenium.remote.http.AbstractHttpResponseCodec.decode(AbstractHttpResponseCodec.java:80)
	at org.openqa.selenium.remote.http.AbstractHttpResponseCodec.decode(AbstractHttpResponseCodec.java:44)
	at org.openqa.selenium.remote.HttpCommandExecutor.execute(HttpCommandExecutor.java:158)
	at org.openqa.selenium.remote.service.DriverCommandExecutor.execute(DriverCommandExecutor.java:83)
	at org.openqa.selenium.remote.RemoteWebDriver.execute(RemoteWebDriver.java:552)
	at org.openqa.selenium.remote.RemoteWebDriver.findElement(RemoteWebDriver.java:323)
	at org.openqa.selenium.remote.RemoteWebDriver.findElementByXPath(RemoteWebDriver.java:428)
	at org.openqa.selenium.By$ByXPath.findElement(By.java:353)
	at org.openqa.selenium.remote.RemoteWebDriver.findElement(RemoteWebDriver.java:315)
	at org.openqa.selenium.support.pagefactory.DefaultElementLocator.findElement(DefaultElementLocator.java:69)
	at org.openqa.selenium.support.pagefactory.internal.LocatingElementHandler.invoke(LocatingElementHandler.java:38)
	at com.sun.proxy.$Proxy14.click(Unknown Source)
	at Pages.HomePage.GoogleAccount(HomePage.java:139)
	at TestPages.TestHomePage.TestGoogleAccount(TestHomePage.java:24)
... Removed 31 stack frames
</div> <!-- stack-trace -->
                </div> <!-- method-content -->
              </div> <!-- method -->
              <div class="method">
                <div class="method-content">
                  <a name="TestGoogleApps">
                  </a> <!-- TestGoogleApps -->
                  <span class="method-name">TestGoogleApps</span>
                  <div class="stack-trace">java.lang.NoClassDefFoundError: reporting/TestLogger
	at Pages.HomePage.login(HomePage.java:88)
	at Pages.HomePage.GoogleApps(HomePage.java:143)
	at TestPages.TestHomePage.TestGoogleApps(TestHomePage.java:26)
... Removed 28 stack frames
</div> <!-- stack-trace -->
                </div> <!-- method-content -->
              </div> <!-- method -->
              <div class="method">
                <div class="method-content">
                  <a name="TestHelpCreateGoogleAccount">
                  </a> <!-- TestHelpCreateGoogleAccount -->
                  <span class="method-name">TestHelpCreateGoogleAccount</span>
                  <div class="stack-trace">org.openqa.selenium.NoSuchElementException: no such element: Unable to locate element: {&quot;method&quot;:&quot;xpath&quot;,&quot;selector&quot;:&quot;//section[@class=&apos;primary-container&apos;]//section[1]//h2[1]//*[2]&quot;}
  (Session info: chrome=71.0.3578.98)
  (Driver info: chromedriver=2.45.615355 (d5698f682d8b2742017df6c81e0bd8e6a3063189),platform=Mac OS X 10.14.2 x86_64) (WARNING: The server did not provide any stacktrace information)
Command duration or timeout: 0 milliseconds
For documentation on this error, please visit: https://www.seleniumhq.org/exceptions/no_such_element.html
Build info: version: &apos;3.141.59&apos;, revision: &apos;e82be7d358&apos;, time: &apos;2018-11-14T08:17:03&apos;
System info: host: &apos;Nazibahs-MacBook-Air.local&apos;, ip: &apos;fe80:0:0:0:80a:db1e:e2fb:414b%en0&apos;, os.name: &apos;Mac OS X&apos;, os.arch: &apos;x86_64&apos;, os.version: &apos;10.14.2&apos;, java.version: &apos;11.0.1&apos;
Driver info: org.openqa.selenium.chrome.ChromeDriver
Capabilities {acceptInsecureCerts: false, acceptSslCerts: false, applicationCacheEnabled: false, browserConnectionEnabled: false, browserName: chrome, chrome: {chromedriverVersion: 2.45.615355 (d5698f682d8b27..., userDataDir: /var/folders/bx/ylfr9_p57rv...}, cssSelectorsEnabled: true, databaseEnabled: false, goog:chromeOptions: {debuggerAddress: localhost:60563}, handlesAlerts: true, hasTouchScreen: false, javascriptEnabled: true, locationContextEnabled: true, mobileEmulationEnabled: false, nativeEvents: true, networkConnectionEnabled: false, pageLoadStrategy: normal, platform: MAC, platformName: MAC, proxy: Proxy(), rotatable: false, setWindowRect: true, strictFileInteractability: false, takesHeapSnapshot: true, takesScreenshot: true, timeouts: {implicit: 0, pageLoad: 300000, script: 30000}, unexpectedAlertBehaviour: ignore, unhandledPromptBehavior: ignore, version: 71.0.3578.98, webStorageEnabled: true}
Session ID: a27e409f2d0a98fbea386d8cc9e64bd6
*** Element info: {Using=xpath, value=//section[@class=&apos;primary-container&apos;]//section[1]//h2[1]//*[2]}
	at org.openqa.selenium.remote.ErrorHandler.createThrowable(ErrorHandler.java:214)
	at org.openqa.selenium.remote.ErrorHandler.throwIfResponseFailed(ErrorHandler.java:166)
	at org.openqa.selenium.remote.http.JsonHttpResponseCodec.reconstructValue(JsonHttpResponseCodec.java:40)
	at org.openqa.selenium.remote.http.AbstractHttpResponseCodec.decode(AbstractHttpResponseCodec.java:80)
	at org.openqa.selenium.remote.http.AbstractHttpResponseCodec.decode(AbstractHttpResponseCodec.java:44)
	at org.openqa.selenium.remote.HttpCommandExecutor.execute(HttpCommandExecutor.java:158)
	at org.openqa.selenium.remote.service.DriverCommandExecutor.execute(DriverCommandExecutor.java:83)
	at org.openqa.selenium.remote.RemoteWebDriver.execute(RemoteWebDriver.java:552)
	at org.openqa.selenium.remote.RemoteWebDriver.findElement(RemoteWebDriver.java:323)
	at org.openqa.selenium.remote.RemoteWebDriver.findElementByXPath(RemoteWebDriver.java:428)
	at org.openqa.selenium.By$ByXPath.findElement(By.java:353)
	at org.openqa.selenium.remote.RemoteWebDriver.findElement(RemoteWebDriver.java:315)
	at org.openqa.selenium.support.pagefactory.DefaultElementLocator.findElement(DefaultElementLocator.java:69)
	at org.openqa.selenium.support.pagefactory.internal.LocatingElementHandler.invoke(LocatingElementHandler.java:38)
	at com.sun.proxy.$Proxy14.click(Unknown Source)
	at Pages.HomePage.HelpCreateGoogleAccount(HomePage.java:125)
	at TestPages.TestHomePage.TestHelpCreateGoogleAccount(TestHomePage.java:20)
... Removed 31 stack frames
</div> <!-- stack-trace -->
                </div> <!-- method-content -->
              </div> <!-- method -->
              <div class="method">
                <div class="method-content">
                  <a name="TestSendEmailCompose">
                  </a> <!-- TestSendEmailCompose -->
                  <span class="method-name">TestSendEmailCompose</span>
                  <div class="stack-trace">java.lang.NoClassDefFoundError: reporting/TestLogger
	at Pages.HomePage.login(HomePage.java:88)
	at Pages.HomePage.sendEmailCompose(HomePage.java:92)
	at TestPages.TestHomePage.TestSendEmailCompose(TestHomePage.java:32)
... Removed 28 stack frames
</div> <!-- stack-trace -->
                </div> <!-- method-content -->
              </div> <!-- method -->
              <div class="method">
                <div class="method-content">
                  <a name="TestSendEmailRecipientEmail">
                  </a> <!-- TestSendEmailRecipientEmail -->
                  <span class="method-name">TestSendEmailRecipientEmail</span>
                  <div class="stack-trace">java.lang.NoClassDefFoundError: reporting/TestLogger
	at Pages.HomePage.login(HomePage.java:88)
	at Pages.HomePage.sendEmailCompose(HomePage.java:92)
	at Pages.HomePage.sendEmailRecipientEmail(HomePage.java:96)
	at TestPages.TestHomePage.TestSendEmailRecipientEmail(TestHomePage.java:34)
... Removed 28 stack frames
</div> <!-- stack-trace -->
                </div> <!-- method-content -->
              </div> <!-- method -->
              <div class="method">
                <div class="method-content">
                  <a name="TestSendEmailSendButton">
                  </a> <!-- TestSendEmailSendButton -->
                  <span class="method-name">TestSendEmailSendButton</span>
                  <div class="stack-trace">java.lang.NoClassDefFoundError: reporting/TestLogger
	at Pages.HomePage.login(HomePage.java:88)
	at Pages.HomePage.sendEmailCompose(HomePage.java:92)
	at Pages.HomePage.sendEmailRecipientEmail(HomePage.java:96)
	at Pages.HomePage.sendEmailemailSubject(HomePage.java:100)
	at Pages.HomePage.sendEmailemailBody(HomePage.java:104)
	at Pages.HomePage.sendEmailSendButton(HomePage.java:108)
	at TestPages.TestHomePage.TestSendEmailSendButton(TestHomePage.java:40)
... Removed 28 stack frames
</div> <!-- stack-trace -->
                </div> <!-- method-content -->
              </div> <!-- method -->
              <div class="method">
                <div class="method-content">
                  <a name="TestSendEmailemailBody">
                  </a> <!-- TestSendEmailemailBody -->
                  <span class="method-name">TestSendEmailemailBody</span>
                  <div class="stack-trace">java.lang.NoClassDefFoundError: reporting/TestLogger
	at Pages.HomePage.login(HomePage.java:88)
	at Pages.HomePage.sendEmailCompose(HomePage.java:92)
	at Pages.HomePage.sendEmailRecipientEmail(HomePage.java:96)
	at Pages.HomePage.sendEmailemailSubject(HomePage.java:100)
	at Pages.HomePage.sendEmailemailBody(HomePage.java:104)
	at TestPages.TestHomePage.TestSendEmailemailBody(TestHomePage.java:38)
... Removed 28 stack frames
</div> <!-- stack-trace -->
                </div> <!-- method-content -->
              </div> <!-- method -->
              <div class="method">
                <div class="method-content">
                  <a name="TestSendEmailemailSubject">
                  </a> <!-- TestSendEmailemailSubject -->
                  <span class="method-name">TestSendEmailemailSubject</span>
                  <div class="stack-trace">java.lang.NoClassDefFoundError: reporting/TestLogger
	at Pages.HomePage.login(HomePage.java:88)
	at Pages.HomePage.sendEmailCompose(HomePage.java:92)
	at Pages.HomePage.sendEmailRecipientEmail(HomePage.java:96)
	at Pages.HomePage.sendEmailemailSubject(HomePage.java:100)
	at TestPages.TestHomePage.TestSendEmailemailSubject(TestHomePage.java:36)
... Removed 28 stack frames
</div> <!-- stack-trace -->
                </div> <!-- method-content -->
              </div> <!-- method -->
              <div class="method">
                <div class="method-content">
                  <a name="TesthelpGoogleAccount">
                  </a> <!-- TesthelpGoogleAccount -->
                  <span class="method-name">TesthelpGoogleAccount</span>
                  <div class="stack-trace">org.openqa.selenium.NoSuchElementException: no such element: Unable to locate element: {&quot;method&quot;:&quot;xpath&quot;,&quot;selector&quot;:&quot;/html/body/div[2]/header/div[4]/div/div/div/div/span/a/span&quot;}
  (Session info: chrome=71.0.3578.98)
  (Driver info: chromedriver=2.45.615355 (d5698f682d8b2742017df6c81e0bd8e6a3063189),platform=Mac OS X 10.14.2 x86_64) (WARNING: The server did not provide any stacktrace information)
Command duration or timeout: 0 milliseconds
For documentation on this error, please visit: https://www.seleniumhq.org/exceptions/no_such_element.html
Build info: version: &apos;3.141.59&apos;, revision: &apos;e82be7d358&apos;, time: &apos;2018-11-14T08:17:03&apos;
System info: host: &apos;Nazibahs-MacBook-Air.local&apos;, ip: &apos;fe80:0:0:0:80a:db1e:e2fb:414b%en0&apos;, os.name: &apos;Mac OS X&apos;, os.arch: &apos;x86_64&apos;, os.version: &apos;10.14.2&apos;, java.version: &apos;11.0.1&apos;
Driver info: org.openqa.selenium.chrome.ChromeDriver
Capabilities {acceptInsecureCerts: false, acceptSslCerts: false, applicationCacheEnabled: false, browserConnectionEnabled: false, browserName: chrome, chrome: {chromedriverVersion: 2.45.615355 (d5698f682d8b27..., userDataDir: /var/folders/bx/ylfr9_p57rv...}, cssSelectorsEnabled: true, databaseEnabled: false, goog:chromeOptions: {debuggerAddress: localhost:61064}, handlesAlerts: true, hasTouchScreen: false, javascriptEnabled: true, locationContextEnabled: true, mobileEmulationEnabled: false, nativeEvents: true, networkConnectionEnabled: false, pageLoadStrategy: normal, platform: MAC, platformName: MAC, proxy: Proxy(), rotatable: false, setWindowRect: true, strictFileInteractability: false, takesHeapSnapshot: true, takesScreenshot: true, timeouts: {implicit: 0, pageLoad: 300000, script: 30000}, unexpectedAlertBehaviour: ignore, unhandledPromptBehavior: ignore, version: 71.0.3578.98, webStorageEnabled: true}
Session ID: cb27e09fea5191b4ff6a777da86b07db
*** Element info: {Using=xpath, value=/html/body/div[2]/header/div[4]/div/div/div/div/span/a/span}
	at org.openqa.selenium.remote.ErrorHandler.createThrowable(ErrorHandler.java:214)
	at org.openqa.selenium.remote.ErrorHandler.throwIfResponseFailed(ErrorHandler.java:166)
	at org.openqa.selenium.remote.http.JsonHttpResponseCodec.reconstructValue(JsonHttpResponseCodec.java:40)
	at org.openqa.selenium.remote.http.AbstractHttpResponseCodec.decode(AbstractHttpResponseCodec.java:80)
	at org.openqa.selenium.remote.http.AbstractHttpResponseCodec.decode(AbstractHttpResponseCodec.java:44)
	at org.openqa.selenium.remote.HttpCommandExecutor.execute(HttpCommandExecutor.java:158)
	at org.openqa.selenium.remote.service.DriverCommandExecutor.execute(DriverCommandExecutor.java:83)
	at org.openqa.selenium.remote.RemoteWebDriver.execute(RemoteWebDriver.java:552)
	at org.openqa.selenium.remote.RemoteWebDriver.findElement(RemoteWebDriver.java:323)
	at org.openqa.selenium.remote.RemoteWebDriver.findElementByXPath(RemoteWebDriver.java:428)
	at org.openqa.selenium.By$ByXPath.findElement(By.java:353)
	at org.openqa.selenium.remote.RemoteWebDriver.findElement(RemoteWebDriver.java:315)
	at org.openqa.selenium.support.pagefactory.DefaultElementLocator.findElement(DefaultElementLocator.java:69)
	at org.openqa.selenium.support.pagefactory.internal.LocatingElementHandler.invoke(LocatingElementHandler.java:38)
	at com.sun.proxy.$Proxy14.click(Unknown Source)
	at Pages.HomePage.helpGoogleAccount(HomePage.java:134)
	at TestPages.TestHomePage.TesthelpGoogleAccount(TestHomePage.java:22)
... Removed 31 stack frames
</div> <!-- stack-trace -->
                </div> <!-- method-content -->
              </div> <!-- method -->
            </div> <!-- main-panel-content rounded-window-bottom -->
          </div> <!-- suite-Gmail_Automation_Script_-class-failed -->
          <div class="suite-Gmail_Automation_Script_-class-failed">
            <div class="main-panel-header rounded-window-top">
              <img src="failed.png"/>
              <span class="class-name">GmailLogin.GmailTestLogin</span>
            </div> <!-- main-panel-header rounded-window-top -->
            <div class="main-panel-content rounded-window-bottom">
              <div class="method">
                <div class="method-content">
                  <a name="test1">
                  </a> <!-- test1 -->
                  <span class="method-name">test1</span>
                  <div class="stack-trace">org.openqa.selenium.WebDriverException: unknown error: cannot focus element
  (Session info: chrome=71.0.3578.98)
  (Driver info: chromedriver=2.45.615355 (d5698f682d8b2742017df6c81e0bd8e6a3063189),platform=Mac OS X 10.14.2 x86_64) (WARNING: The server did not provide any stacktrace information)
Command duration or timeout: 0 milliseconds
Build info: version: &apos;3.141.59&apos;, revision: &apos;e82be7d358&apos;, time: &apos;2018-11-14T08:17:03&apos;
System info: host: &apos;Nazibahs-MacBook-Air.local&apos;, ip: &apos;fe80:0:0:0:80a:db1e:e2fb:414b%en0&apos;, os.name: &apos;Mac OS X&apos;, os.arch: &apos;x86_64&apos;, os.version: &apos;10.14.2&apos;, java.version: &apos;11.0.1&apos;
Driver info: org.openqa.selenium.chrome.ChromeDriver
Capabilities {acceptInsecureCerts: false, acceptSslCerts: false, applicationCacheEnabled: false, browserConnectionEnabled: false, browserName: chrome, chrome: {chromedriverVersion: 2.45.615355 (d5698f682d8b27..., userDataDir: /var/folders/bx/ylfr9_p57rv...}, cssSelectorsEnabled: true, databaseEnabled: false, goog:chromeOptions: {debuggerAddress: localhost:59621}, handlesAlerts: true, hasTouchScreen: false, javascriptEnabled: true, locationContextEnabled: true, mobileEmulationEnabled: false, nativeEvents: true, networkConnectionEnabled: false, pageLoadStrategy: normal, platform: MAC, platformName: MAC, proxy: Proxy(), rotatable: false, setWindowRect: true, strictFileInteractability: false, takesHeapSnapshot: true, takesScreenshot: true, timeouts: {implicit: 0, pageLoad: 300000, script: 30000}, unexpectedAlertBehaviour: ignore, unhandledPromptBehavior: ignore, version: 71.0.3578.98, webStorageEnabled: true}
Session ID: 81eff35a7ef9528369bb0d763d49e34f
	at org.openqa.selenium.remote.ErrorHandler.createThrowable(ErrorHandler.java:214)
	at org.openqa.selenium.remote.ErrorHandler.throwIfResponseFailed(ErrorHandler.java:166)
	at org.openqa.selenium.remote.http.JsonHttpResponseCodec.reconstructValue(JsonHttpResponseCodec.java:40)
	at org.openqa.selenium.remote.http.AbstractHttpResponseCodec.decode(AbstractHttpResponseCodec.java:80)
	at org.openqa.selenium.remote.http.AbstractHttpResponseCodec.decode(AbstractHttpResponseCodec.java:44)
	at org.openqa.selenium.remote.HttpCommandExecutor.execute(HttpCommandExecutor.java:158)
	at org.openqa.selenium.remote.service.DriverCommandExecutor.execute(DriverCommandExecutor.java:83)
	at org.openqa.selenium.remote.RemoteWebDriver.execute(RemoteWebDriver.java:552)
	at org.openqa.selenium.remote.RemoteWebElement.execute(RemoteWebElement.java:285)
	at org.openqa.selenium.remote.RemoteWebElement.sendKeys(RemoteWebElement.java:106)
	at GmailAPI.GmailCommonAPI.typeOnElementEntry(GmailCommonAPI.java:42)
	at GmailLogin.GmailLoginPage.login(GmailLoginPage.java:14)
	at GmailLogin.GmailTestLogin.test1(GmailTestLogin.java:7)
... Removed 32 stack frames
</div> <!-- stack-trace -->
                </div> <!-- method-content -->
              </div> <!-- method -->
              <div class="method">
                <div class="method-content">
                  <a name="test10">
                  </a> <!-- test10 -->
                  <span class="method-name">test10</span>
                  <div class="stack-trace">org.openqa.selenium.NoSuchElementException: no such element: Unable to locate element: {&quot;method&quot;:&quot;id&quot;,&quot;selector&quot;:&quot;password&quot;}
  (Session info: chrome=71.0.3578.98)
  (Driver info: chromedriver=2.45.615355 (d5698f682d8b2742017df6c81e0bd8e6a3063189),platform=Mac OS X 10.14.2 x86_64) (WARNING: The server did not provide any stacktrace information)
Command duration or timeout: 0 milliseconds
For documentation on this error, please visit: https://www.seleniumhq.org/exceptions/no_such_element.html
Build info: version: &apos;3.141.59&apos;, revision: &apos;e82be7d358&apos;, time: &apos;2018-11-14T08:17:03&apos;
System info: host: &apos;Nazibahs-MacBook-Air.local&apos;, ip: &apos;fe80:0:0:0:80a:db1e:e2fb:414b%en0&apos;, os.name: &apos;Mac OS X&apos;, os.arch: &apos;x86_64&apos;, os.version: &apos;10.14.2&apos;, java.version: &apos;11.0.1&apos;
Driver info: org.openqa.selenium.chrome.ChromeDriver
Capabilities {acceptInsecureCerts: false, acceptSslCerts: false, applicationCacheEnabled: false, browserConnectionEnabled: false, browserName: chrome, chrome: {chromedriverVersion: 2.45.615355 (d5698f682d8b27..., userDataDir: /var/folders/bx/ylfr9_p57rv...}, cssSelectorsEnabled: true, databaseEnabled: false, goog:chromeOptions: {debuggerAddress: localhost:59676}, handlesAlerts: true, hasTouchScreen: false, javascriptEnabled: true, locationContextEnabled: true, mobileEmulationEnabled: false, nativeEvents: true, networkConnectionEnabled: false, pageLoadStrategy: normal, platform: MAC, platformName: MAC, proxy: Proxy(), rotatable: false, setWindowRect: true, strictFileInteractability: false, takesHeapSnapshot: true, takesScreenshot: true, timeouts: {implicit: 0, pageLoad: 300000, script: 30000}, unexpectedAlertBehaviour: ignore, unhandledPromptBehavior: ignore, version: 71.0.3578.98, webStorageEnabled: true}
Session ID: 926cc1839b420fb0e99710ee426229be
*** Element info: {Using=id, value=password}
	at org.openqa.selenium.remote.ErrorHandler.createThrowable(ErrorHandler.java:214)
	at org.openqa.selenium.remote.ErrorHandler.throwIfResponseFailed(ErrorHandler.java:166)
	at org.openqa.selenium.remote.http.JsonHttpResponseCodec.reconstructValue(JsonHttpResponseCodec.java:40)
	at org.openqa.selenium.remote.http.AbstractHttpResponseCodec.decode(AbstractHttpResponseCodec.java:80)
	at org.openqa.selenium.remote.http.AbstractHttpResponseCodec.decode(AbstractHttpResponseCodec.java:44)
	at org.openqa.selenium.remote.HttpCommandExecutor.execute(HttpCommandExecutor.java:158)
	at org.openqa.selenium.remote.service.DriverCommandExecutor.execute(DriverCommandExecutor.java:83)
	at org.openqa.selenium.remote.RemoteWebDriver.execute(RemoteWebDriver.java:552)
	at org.openqa.selenium.remote.RemoteWebDriver.findElement(RemoteWebDriver.java:323)
	at org.openqa.selenium.remote.RemoteWebDriver.findElementById(RemoteWebDriver.java:372)
	at org.openqa.selenium.By$ById.findElement(By.java:188)
	at org.openqa.selenium.remote.RemoteWebDriver.findElement(RemoteWebDriver.java:315)
	at GmailAPI.GmailCommonAPI.typeOnElement(GmailCommonAPI.java:23)
	at GmailLogin.GmailLoginPage.createAccountPassword(GmailLoginPage.java:39)
	at GmailLogin.GmailLoginPage.createAccountConfirmPassword(GmailLoginPage.java:43)
	at GmailLogin.GmailTestLogin.test10(GmailTestLogin.java:30)
... Removed 32 stack frames
</div> <!-- stack-trace -->
                </div> <!-- method-content -->
              </div> <!-- method -->
              <div class="method">
                <div class="method-content">
                  <a name="test9">
                  </a> <!-- test9 -->
                  <span class="method-name">test9</span>
                  <div class="stack-trace">org.openqa.selenium.NoSuchElementException: no such element: Unable to locate element: {&quot;method&quot;:&quot;id&quot;,&quot;selector&quot;:&quot;password&quot;}
  (Session info: chrome=71.0.3578.98)
  (Driver info: chromedriver=2.45.615355 (d5698f682d8b2742017df6c81e0bd8e6a3063189),platform=Mac OS X 10.14.2 x86_64) (WARNING: The server did not provide any stacktrace information)
Command duration or timeout: 0 milliseconds
For documentation on this error, please visit: https://www.seleniumhq.org/exceptions/no_such_element.html
Build info: version: &apos;3.141.59&apos;, revision: &apos;e82be7d358&apos;, time: &apos;2018-11-14T08:17:03&apos;
System info: host: &apos;Nazibahs-MacBook-Air.local&apos;, ip: &apos;fe80:0:0:0:80a:db1e:e2fb:414b%en0&apos;, os.name: &apos;Mac OS X&apos;, os.arch: &apos;x86_64&apos;, os.version: &apos;10.14.2&apos;, java.version: &apos;11.0.1&apos;
Driver info: org.openqa.selenium.chrome.ChromeDriver
Capabilities {acceptInsecureCerts: false, acceptSslCerts: false, applicationCacheEnabled: false, browserConnectionEnabled: false, browserName: chrome, chrome: {chromedriverVersion: 2.45.615355 (d5698f682d8b27..., userDataDir: /var/folders/bx/ylfr9_p57rv...}, cssSelectorsEnabled: true, databaseEnabled: false, goog:chromeOptions: {debuggerAddress: localhost:60210}, handlesAlerts: true, hasTouchScreen: false, javascriptEnabled: true, locationContextEnabled: true, mobileEmulationEnabled: false, nativeEvents: true, networkConnectionEnabled: false, pageLoadStrategy: normal, platform: MAC, platformName: MAC, proxy: Proxy(), rotatable: false, setWindowRect: true, strictFileInteractability: false, takesHeapSnapshot: true, takesScreenshot: true, timeouts: {implicit: 0, pageLoad: 300000, script: 30000}, unexpectedAlertBehaviour: ignore, unhandledPromptBehavior: ignore, version: 71.0.3578.98, webStorageEnabled: true}
Session ID: c8c31eb0e1c7ccf5458d124fa68e3dcb
*** Element info: {Using=id, value=password}
	at org.openqa.selenium.remote.ErrorHandler.createThrowable(ErrorHandler.java:214)
	at org.openqa.selenium.remote.ErrorHandler.throwIfResponseFailed(ErrorHandler.java:166)
	at org.openqa.selenium.remote.http.JsonHttpResponseCodec.reconstructValue(JsonHttpResponseCodec.java:40)
	at org.openqa.selenium.remote.http.AbstractHttpResponseCodec.decode(AbstractHttpResponseCodec.java:80)
	at org.openqa.selenium.remote.http.AbstractHttpResponseCodec.decode(AbstractHttpResponseCodec.java:44)
	at org.openqa.selenium.remote.HttpCommandExecutor.execute(HttpCommandExecutor.java:158)
	at org.openqa.selenium.remote.service.DriverCommandExecutor.execute(DriverCommandExecutor.java:83)
	at org.openqa.selenium.remote.RemoteWebDriver.execute(RemoteWebDriver.java:552)
	at org.openqa.selenium.remote.RemoteWebDriver.findElement(RemoteWebDriver.java:323)
	at org.openqa.selenium.remote.RemoteWebDriver.findElementById(RemoteWebDriver.java:372)
	at org.openqa.selenium.By$ById.findElement(By.java:188)
	at org.openqa.selenium.remote.RemoteWebDriver.findElement(RemoteWebDriver.java:315)
	at GmailAPI.GmailCommonAPI.typeOnElement(GmailCommonAPI.java:23)
	at GmailLogin.GmailLoginPage.createAccountPassword(GmailLoginPage.java:39)
	at GmailLogin.GmailTestLogin.test9(GmailTestLogin.java:26)
... Removed 31 stack frames
</div> <!-- stack-trace -->
                </div> <!-- method-content -->
              </div> <!-- method -->
            </div> <!-- main-panel-content rounded-window-bottom -->
          </div> <!-- suite-Gmail_Automation_Script_-class-failed -->
          <div class="suite-Gmail_Automation_Script_-class-skipped">
            <div class="main-panel-header rounded-window-top">
              <img src="skipped.png"/>
              <span class="class-name">TestPages.TestHomePage</span>
            </div> <!-- main-panel-header rounded-window-top -->
            <div class="main-panel-content rounded-window-bottom">
              <div class="method">
                <div class="method-content">
                  <a name="gmailLogin">
                  </a> <!-- gmailLogin -->
                  <span class="method-name">gmailLogin</span>
                  <div class="stack-trace">org.openqa.selenium.WebDriverException: unknown error: Chrome failed to start: crashed
  (chrome not reachable)
  (The process started from chrome location /Applications/Google Chrome.app/Contents/MacOS/Google Chrome is no longer running, so ChromeDriver is assuming that Chrome has crashed.)
  (Driver info: chromedriver=2.45.615355 (d5698f682d8b2742017df6c81e0bd8e6a3063189),platform=Mac OS X 10.14.2 x86_64) (WARNING: The server did not provide any stacktrace information)
Command duration or timeout: 1.29 seconds
Build info: version: &apos;3.141.59&apos;, revision: &apos;e82be7d358&apos;, time: &apos;2018-11-14T08:17:03&apos;
System info: host: &apos;Nazibahs-MacBook-Air.local&apos;, ip: &apos;fe80:0:0:0:80a:db1e:e2fb:414b%en0&apos;, os.name: &apos;Mac OS X&apos;, os.arch: &apos;x86_64&apos;, os.version: &apos;10.14.2&apos;, java.version: &apos;11.0.1&apos;
Driver info: driver.version: ChromeDriver
	at org.openqa.selenium.remote.ErrorHandler.createThrowable(ErrorHandler.java:214)
	at org.openqa.selenium.remote.ErrorHandler.throwIfResponseFailed(ErrorHandler.java:166)
	at org.openqa.selenium.remote.JsonWireProtocolResponse.lambda$errorHandler$0(JsonWireProtocolResponse.java:54)
	at org.openqa.selenium.remote.HandshakeResponse.lambda$getResponseFunction$0(HandshakeResponse.java:30)
	at org.openqa.selenium.remote.ProtocolHandshake.lambda$createSession$0(ProtocolHandshake.java:126)
	at java.base/java.util.stream.ReferencePipeline$3$1.accept(ReferencePipeline.java:195)
	at java.base/java.util.Spliterators$ArraySpliterator.tryAdvance(Spliterators.java:958)
	at java.base/java.util.stream.ReferencePipeline.forEachWithCancel(ReferencePipeline.java:127)
	at java.base/java.util.stream.AbstractPipeline.copyIntoWithCancel(AbstractPipeline.java:502)
	at java.base/java.util.stream.AbstractPipeline.copyInto(AbstractPipeline.java:488)
	at java.base/java.util.stream.AbstractPipeline.wrapAndCopyInto(AbstractPipeline.java:474)
	at java.base/java.util.stream.FindOps$FindOp.evaluateSequential(FindOps.java:150)
	at java.base/java.util.stream.AbstractPipeline.evaluate(AbstractPipeline.java:234)
	at java.base/java.util.stream.ReferencePipeline.findFirst(ReferencePipeline.java:543)
	at org.openqa.selenium.remote.ProtocolHandshake.createSession(ProtocolHandshake.java:128)
	at org.openqa.selenium.remote.ProtocolHandshake.createSession(ProtocolHandshake.java:74)
	at org.openqa.selenium.remote.HttpCommandExecutor.execute(HttpCommandExecutor.java:136)
	at org.openqa.selenium.remote.service.DriverCommandExecutor.execute(DriverCommandExecutor.java:83)
	at org.openqa.selenium.remote.RemoteWebDriver.execute(RemoteWebDriver.java:552)
	at org.openqa.selenium.remote.RemoteWebDriver.startSession(RemoteWebDriver.java:213)
	at org.openqa.selenium.remote.RemoteWebDriver.&lt;init&gt;(RemoteWebDriver.java:131)
	at org.openqa.selenium.chrome.ChromeDriver.&lt;init&gt;(ChromeDriver.java:181)
	at org.openqa.selenium.chrome.ChromeDriver.&lt;init&gt;(ChromeDriver.java:168)
	at org.openqa.selenium.chrome.ChromeDriver.&lt;init&gt;(ChromeDriver.java:123)
	at base.CommonApi.getLocalDriver(CommonApi.java:136)
	at base.CommonApi.setUp(CommonApi.java:118)
... Removed 34 stack frames
</div> <!-- stack-trace -->
                </div> <!-- method-content -->
              </div> <!-- method -->
            </div> <!-- main-panel-content rounded-window-bottom -->
          </div> <!-- suite-Gmail_Automation_Script_-class-skipped -->
          <div class="suite-Gmail_Automation_Script_-class-passed">
            <div class="main-panel-header rounded-window-top">
              <img src="passed.png"/>
              <span class="class-name">GmailLogin.GmailTestLogin</span>
            </div> <!-- main-panel-header rounded-window-top -->
            <div class="main-panel-content rounded-window-bottom">
              <div class="method">
                <div class="method-content">
                  <a name="test2">
                  </a> <!-- test2 -->
                  <span class="method-name">test2</span>
                </div> <!-- method-content -->
              </div> <!-- method -->
              <div class="method">
                <div class="method-content">
                  <a name="test3">
                  </a> <!-- test3 -->
                  <span class="method-name">test3</span>
                </div> <!-- method-content -->
              </div> <!-- method -->
              <div class="method">
                <div class="method-content">
                  <a name="test4">
                  </a> <!-- test4 -->
                  <span class="method-name">test4</span>
                </div> <!-- method-content -->
              </div> <!-- method -->
              <div class="method">
                <div class="method-content">
                  <a name="test5">
                  </a> <!-- test5 -->
                  <span class="method-name">test5</span>
                </div> <!-- method-content -->
              </div> <!-- method -->
              <div class="method">
                <div class="method-content">
                  <a name="test7">
                  </a> <!-- test7 -->
                  <span class="method-name">test7</span>
                </div> <!-- method-content -->
              </div> <!-- method -->
              <div class="method">
                <div class="method-content">
                  <a name="test8">
                  </a> <!-- test8 -->
                  <span class="method-name">test8</span>
                </div> <!-- method-content -->
              </div> <!-- method -->
            </div> <!-- main-panel-content rounded-window-bottom -->
          </div> <!-- suite-Gmail_Automation_Script_-class-passed -->
        </div> <!-- panel Gmail_Automation_Script_ -->
        <div panel-name="test-xml-Gmail_Automation_Script_" class="panel">
          <div class="main-panel-header rounded-window-top">
            <span class="header-content">/Users/nazibahfariha/Downloads/TeamAutomation2018-master/Gmail/target/test-classes/GmailTestRunner.xml</span>
          </div> <!-- main-panel-header rounded-window-top -->
          <div class="main-panel-content rounded-window-bottom">
            <pre>
&lt;?xml version=&quot;1.0&quot; encoding=&quot;UTF-8&quot;?&gt;
&lt;!DOCTYPE suite SYSTEM &quot;http://testng.org/testng-1.0.dtd&quot;&gt;
&lt;suite name=&quot;Gmail Automation Script &quot; guice-stage=&quot;DEVELOPMENT&quot; verbose=&quot;0&quot;&gt;
  &lt;parameter name=&quot;OS&quot; value=&quot;macOS Mojave&quot;/&gt;
  &lt;parameter name=&quot;browser&quot; value=&quot;chrome&quot;/&gt;
  &lt;parameter name=&quot;browserVersion&quot; value=&quot;64.0&quot;/&gt;
  &lt;parameter name=&quot;url&quot; value=&quot;https://www.gmail.com&quot;/&gt;
  &lt;test thread-count=&quot;5&quot; name=&quot;Gmail Home&quot; verbose=&quot;0&quot;&gt;
    &lt;classes&gt;
      &lt;class name=&quot;GmailLogin.GmailTestLogin&quot;/&gt;
      &lt;class name=&quot;TestPages.TestHomePage&quot;/&gt;
    &lt;/classes&gt;
  &lt;/test&gt; &lt;!-- Gmail Home --&gt;
&lt;/suite&gt; &lt;!-- Gmail Automation Script  --&gt;
            </pre>
          </div> <!-- main-panel-content rounded-window-bottom -->
        </div> <!-- panel -->
        <div panel-name="testlist-Gmail_Automation_Script_" class="panel">
          <div class="main-panel-header rounded-window-top">
            <span class="header-content">Tests for Gmail Automation Script </span>
          </div> <!-- main-panel-header rounded-window-top -->
          <div class="main-panel-content rounded-window-bottom">
            <ul>
              <li>
                <span class="test-name">Gmail Home (2 classes)</span>
              </li>
            </ul>
          </div> <!-- main-panel-content rounded-window-bottom -->
        </div> <!-- panel -->
        <div panel-name="group-Gmail_Automation_Script_" class="panel">
          <div class="main-panel-header rounded-window-top">
            <span class="header-content">Groups for Gmail Automation Script </span>
          </div> <!-- main-panel-header rounded-window-top -->
          <div class="main-panel-content rounded-window-bottom">
          </div> <!-- main-panel-content rounded-window-bottom -->
        </div> <!-- panel -->
        <div panel-name="times-Gmail_Automation_Script_" class="panel">
          <div class="main-panel-header rounded-window-top">
            <span class="header-content">Times for Gmail Automation Script </span>
          </div> <!-- main-panel-header rounded-window-top -->
          <div class="main-panel-content rounded-window-bottom">
            <div class="times-div">
              <script type="text/javascript">
suiteTableInitFunctions.push('tableData_Gmail_Automation_Script_');
function tableData_Gmail_Automation_Script_() {
var data = new google.visualization.DataTable();
data.addColumn('number', 'Number');
data.addColumn('string', 'Method');
data.addColumn('string', 'Class');
data.addColumn('number', 'Time (ms)');
data.addRows(23);
data.setCell(0, 0, 0)
data.setCell(0, 1, 'test10')
data.setCell(0, 2, 'GmailLogin.GmailTestLogin')
data.setCell(0, 3, 177886);
data.setCell(1, 0, 1)
data.setCell(1, 1, 'test9')
data.setCell(1, 2, 'GmailLogin.GmailTestLogin')
data.setCell(1, 3, 177717);
data.setCell(2, 0, 2)
data.setCell(2, 1, 'test1')
data.setCell(2, 2, 'GmailLogin.GmailTestLogin')
data.setCell(2, 3, 100654);
data.setCell(3, 0, 3)
data.setCell(3, 1, 'test8')
data.setCell(3, 2, 'GmailLogin.GmailTestLogin')
data.setCell(3, 3, 77376);
data.setCell(4, 0, 4)
data.setCell(4, 1, 'test4')
data.setCell(4, 2, 'GmailLogin.GmailTestLogin')
data.setCell(4, 3, 66937);
data.setCell(5, 0, 5)
data.setCell(5, 1, 'test5')
data.setCell(5, 2, 'GmailLogin.GmailTestLogin')
data.setCell(5, 3, 62810);
data.setCell(6, 0, 6)
data.setCell(6, 1, 'test7')
data.setCell(6, 2, 'GmailLogin.GmailTestLogin')
data.setCell(6, 3, 51951);
data.setCell(7, 0, 7)
data.setCell(7, 1, 'test3')
data.setCell(7, 2, 'GmailLogin.GmailTestLogin')
data.setCell(7, 3, 26948);
data.setCell(8, 0, 8)
data.setCell(8, 1, 'TestHelpCreateGoogleAccount')
data.setCell(8, 2, 'TestPages.TestHomePage')
data.setCell(8, 3, 25301);
data.setCell(9, 0, 9)
data.setCell(9, 1, 'TesthelpGoogleAccount')
data.setCell(9, 2, 'TestPages.TestHomePage')
data.setCell(9, 3, 25245);
data.setCell(10, 0, 10)
data.setCell(10, 1, 'TestGoogleAccount')
data.setCell(10, 2, 'TestPages.TestHomePage')
data.setCell(10, 3, 25205);
data.setCell(11, 0, 11)
data.setCell(11, 1, 'TestGoogleApps')
data.setCell(11, 2, 'TestPages.TestHomePage')
data.setCell(11, 3, 20456);
data.setCell(12, 0, 12)
data.setCell(12, 1, 'test2')
data.setCell(12, 2, 'GmailLogin.GmailTestLogin')
data.setCell(12, 3, 1682);
data.setCell(13, 0, 13)
data.setCell(13, 1, 'TestEmailStarred')
data.setCell(13, 2, 'TestPages.TestHomePage')
data.setCell(13, 3, 1335);
data.setCell(14, 0, 14)
data.setCell(14, 1, 'Email')
data.setCell(14, 2, 'TestPages.TestHomePage')
data.setCell(14, 3, 1212);
data.setCell(15, 0, 15)
data.setCell(15, 1, 'TestSendEmailSendButton')
data.setCell(15, 2, 'TestPages.TestHomePage')
data.setCell(15, 3, 1206);
data.setCell(16, 0, 16)
data.setCell(16, 1, 'TestEmailOlderMessages')
data.setCell(16, 2, 'TestPages.TestHomePage')
data.setCell(16, 3, 1202);
data.setCell(17, 0, 17)
data.setCell(17, 1, 'TestSendEmailemailBody')
data.setCell(17, 2, 'TestPages.TestHomePage')
data.setCell(17, 3, 1185);
data.setCell(18, 0, 18)
data.setCell(18, 1, 'TestSendEmailCompose')
data.setCell(18, 2, 'TestPages.TestHomePage')
data.setCell(18, 3, 1174);
data.setCell(19, 0, 19)
data.setCell(19, 1, 'TestSendEmailRecipientEmail')
data.setCell(19, 2, 'TestPages.TestHomePage')
data.setCell(19, 3, 1155);
data.setCell(20, 0, 20)
data.setCell(20, 1, 'TestSendEmailemailSubject')
data.setCell(20, 2, 'TestPages.TestHomePage')
data.setCell(20, 3, 1152);
data.setCell(21, 0, 21)
data.setCell(21, 1, 'TestEmailSettings')
data.setCell(21, 2, 'TestPages.TestHomePage')
data.setCell(21, 3, 1112);
data.setCell(22, 0, 22)
data.setCell(22, 1, 'gmailLogin')
data.setCell(22, 2, 'TestPages.TestHomePage')
data.setCell(22, 3, 0);
window.suiteTableData['Gmail_Automation_Script_']= { tableData: data, tableDiv: 'times-div-Gmail_Automation_Script_'}
return data;
}
              </script>
              <span class="suite-total-time">Total running time: 14 minutes</span>
              <div id="times-div-Gmail_Automation_Script_">
              </div> <!-- times-div-Gmail_Automation_Script_ -->
            </div> <!-- times-div -->
          </div> <!-- main-panel-content rounded-window-bottom -->
        </div> <!-- panel -->
        <div panel-name="reporter-Gmail_Automation_Script_" class="panel">
          <div class="main-panel-header rounded-window-top">
            <span class="header-content">Reporter output for Gmail Automation Script </span>
          </div> <!-- main-panel-header rounded-window-top -->
          <div class="main-panel-content rounded-window-bottom">
          </div> <!-- main-panel-content rounded-window-bottom -->
        </div> <!-- panel -->
        <div panel-name="ignored-methods-Gmail_Automation_Script_" class="panel">
          <div class="main-panel-header rounded-window-top">
            <span class="header-content">2 ignored methods</span>
          </div> <!-- main-panel-header rounded-window-top -->
          <div class="main-panel-content rounded-window-bottom">
            <div class="ignored-class-div">
              <span class="ignored-class-name">TestPages.TestHomePage</span>
              <div class="ignored-methods-div">
                <span class="ignored-method-name">generateReport</span>
                <br/>
                <span class="ignored-method-name">extentSetup</span>
                <br/>
              </div> <!-- ignored-methods-div -->
            </div> <!-- ignored-class-div -->
          </div> <!-- main-panel-content rounded-window-bottom -->
        </div> <!-- panel -->
        <div panel-name="chronological-Gmail_Automation_Script_" class="panel">
          <div class="main-panel-header rounded-window-top">
            <span class="header-content">Methods in chronological order</span>
          </div> <!-- main-panel-header rounded-window-top -->
          <div class="main-panel-content rounded-window-bottom">
            <div class="chronological-class">
              <div class="chronological-class-name">TestPages.TestHomePage</div> <!-- chronological-class-name -->
              <div class="test-method">
                <span class="method-name">gmailLogin</span>
                <span class="method-start">0 ms</span>
              </div> <!-- test-method -->
            </div> <!-- chronological-class -->
            <div class="chronological-class">
              <div class="chronological-class-name">GmailLogin.GmailTestLogin</div> <!-- chronological-class-name -->
              <div class="configuration-suite before">
                <span class="method-name">extentSetup(org.testng.TestRunner@6efd0a6e)</span>
                <span class="method-start">0 ms</span>
              </div> <!-- configuration-suite before -->
              <div class="configuration-method before">
                <span class="method-name">setUp(false, nazibah, 1gq_58APDxt94-6iXS_uppef0SAVCYiBx7vdA3jT73UQ, macOS Mojave, chrome, 64.0, https://ww...)</span>
                <span class="method-start">372 ms</span>
              </div> <!-- configuration-method before -->
              <div class="configuration-method before">
                <span class="method-name">startExtent(public void GmailLogin.GmailTestLogin.test1())</span>
                <span class="method-start">8396 ms</span>
              </div> <!-- configuration-method before -->
              <div class="test-method">
                <img src="failed.png">
                </img>
                <span class="method-name">test1</span>
                <span class="method-start">8414 ms</span>
              </div> <!-- test-method -->
              <div class="configuration-method after">
                <span class="method-name">cleanUp</span>
                <span class="method-start">109095 ms</span>
              </div> <!-- configuration-method after -->
              <div class="configuration-method before">
                <span class="method-name">setUp(false, nazibah, 1gq_58APDxt94-6iXS_uppef0SAVCYiBx7vdA3jT73UQ, macOS Mojave, chrome, 64.0, https://ww...)</span>
                <span class="method-start">109264 ms</span>
              </div> <!-- configuration-method before -->
              <div class="configuration-method before">
                <span class="method-name">startExtent(public void GmailLogin.GmailTestLogin.test10())</span>
                <span class="method-start">115754 ms</span>
              </div> <!-- configuration-method before -->
              <div class="test-method">
                <img src="failed.png">
                </img>
                <span class="method-name">test10</span>
                <span class="method-start">115755 ms</span>
              </div> <!-- test-method -->
              <div class="configuration-method after">
                <span class="method-name">cleanUp</span>
                <span class="method-start">293649 ms</span>
              </div> <!-- configuration-method after -->
              <div class="configuration-method before">
                <span class="method-name">setUp(false, nazibah, 1gq_58APDxt94-6iXS_uppef0SAVCYiBx7vdA3jT73UQ, macOS Mojave, chrome, 64.0, https://ww...)</span>
                <span class="method-start">293776 ms</span>
              </div> <!-- configuration-method before -->
              <div class="configuration-method before">
                <span class="method-name">startExtent(public void GmailLogin.GmailTestLogin.test2())</span>
                <span class="method-start">299953 ms</span>
              </div> <!-- configuration-method before -->
              <div class="test-method">
                <span class="method-name">test2</span>
                <span class="method-start">299955 ms</span>
              </div> <!-- test-method -->
              <div class="configuration-method after">
                <span class="method-name">cleanUp</span>
                <span class="method-start">301637 ms</span>
              </div> <!-- configuration-method after -->
              <div class="configuration-method before">
                <span class="method-name">setUp(false, nazibah, 1gq_58APDxt94-6iXS_uppef0SAVCYiBx7vdA3jT73UQ, macOS Mojave, chrome, 64.0, https://ww...)</span>
                <span class="method-start">301780 ms</span>
              </div> <!-- configuration-method before -->
              <div class="configuration-method before">
                <span class="method-name">startExtent(public void GmailLogin.GmailTestLogin.test3())</span>
                <span class="method-start">307638 ms</span>
              </div> <!-- configuration-method before -->
              <div class="test-method">
                <span class="method-name">test3</span>
                <span class="method-start">307639 ms</span>
              </div> <!-- test-method -->
              <div class="configuration-method after">
                <span class="method-name">cleanUp</span>
                <span class="method-start">334587 ms</span>
              </div> <!-- configuration-method after -->
              <div class="configuration-method before">
                <span class="method-name">setUp(false, nazibah, 1gq_58APDxt94-6iXS_uppef0SAVCYiBx7vdA3jT73UQ, macOS Mojave, chrome, 64.0, https://ww...)</span>
                <span class="method-start">334707 ms</span>
              </div> <!-- configuration-method before -->
              <div class="configuration-method before">
                <span class="method-name">startExtent(public void GmailLogin.GmailTestLogin.test4() throws java.lang.InterruptedException)</span>
                <span class="method-start">341970 ms</span>
              </div> <!-- configuration-method before -->
              <div class="test-method">
                <span class="method-name">test4</span>
                <span class="method-start">341970 ms</span>
              </div> <!-- test-method -->
              <div class="configuration-method after">
                <span class="method-name">cleanUp</span>
                <span class="method-start">408907 ms</span>
              </div> <!-- configuration-method after -->
              <div class="configuration-method before">
                <span class="method-name">setUp(false, nazibah, 1gq_58APDxt94-6iXS_uppef0SAVCYiBx7vdA3jT73UQ, macOS Mojave, chrome, 64.0, https://ww...)</span>
                <span class="method-start">409192 ms</span>
              </div> <!-- configuration-method before -->
              <div class="configuration-method before">
                <span class="method-name">startExtent(public void GmailLogin.GmailTestLogin.test5())</span>
                <span class="method-start">415528 ms</span>
              </div> <!-- configuration-method before -->
              <div class="test-method">
                <span class="method-name">test5</span>
                <span class="method-start">415529 ms</span>
              </div> <!-- test-method -->
              <div class="configuration-method after">
                <span class="method-name">cleanUp</span>
                <span class="method-start">478344 ms</span>
              </div> <!-- configuration-method after -->
              <div class="configuration-method before">
                <span class="method-name">setUp(false, nazibah, 1gq_58APDxt94-6iXS_uppef0SAVCYiBx7vdA3jT73UQ, macOS Mojave, chrome, 64.0, https://ww...)</span>
                <span class="method-start">478583 ms</span>
              </div> <!-- configuration-method before -->
              <div class="configuration-method before">
                <span class="method-name">startExtent(public void GmailLogin.GmailTestLogin.test7())</span>
                <span class="method-start">485864 ms</span>
              </div> <!-- configuration-method before -->
              <div class="test-method">
                <span class="method-name">test7</span>
                <span class="method-start">485865 ms</span>
              </div> <!-- test-method -->
              <div class="configuration-method after">
                <span class="method-name">cleanUp</span>
                <span class="method-start">537816 ms</span>
              </div> <!-- configuration-method after -->
              <div class="configuration-method before">
                <span class="method-name">setUp(false, nazibah, 1gq_58APDxt94-6iXS_uppef0SAVCYiBx7vdA3jT73UQ, macOS Mojave, chrome, 64.0, https://ww...)</span>
                <span class="method-start">537943 ms</span>
              </div> <!-- configuration-method before -->
              <div class="configuration-method before">
                <span class="method-name">startExtent(public void GmailLogin.GmailTestLogin.test8())</span>
                <span class="method-start">543879 ms</span>
              </div> <!-- configuration-method before -->
              <div class="test-method">
                <span class="method-name">test8</span>
                <span class="method-start">543880 ms</span>
              </div> <!-- test-method -->
              <div class="configuration-method after">
                <span class="method-name">cleanUp</span>
                <span class="method-start">621256 ms</span>
              </div> <!-- configuration-method after -->
              <div class="configuration-method before">
                <span class="method-name">setUp(false, nazibah, 1gq_58APDxt94-6iXS_uppef0SAVCYiBx7vdA3jT73UQ, macOS Mojave, chrome, 64.0, https://ww...)</span>
                <span class="method-start">621374 ms</span>
              </div> <!-- configuration-method before -->
              <div class="configuration-method before">
                <span class="method-name">startExtent(public void GmailLogin.GmailTestLogin.test9())</span>
                <span class="method-start">628883 ms</span>
              </div> <!-- configuration-method before -->
              <div class="test-method">
                <img src="failed.png">
                </img>
                <span class="method-name">test9</span>
                <span class="method-start">628884 ms</span>
              </div> <!-- test-method -->
              <div class="configuration-method after">
                <span class="method-name">cleanUp</span>
                <span class="method-start">806607 ms</span>
              </div> <!-- configuration-method after -->
            </div> <!-- chronological-class -->
            <div class="chronological-class">
              <div class="chronological-class-name">TestPages.TestHomePage</div> <!-- chronological-class-name -->
              <div class="configuration-method before">
                <span class="method-name">setUp(false, nazibah, 1gq_58APDxt94-6iXS_uppef0SAVCYiBx7vdA3jT73UQ, macOS Mojave, chrome, 64.0, https://ww...)</span>
                <span class="method-start">806740 ms</span>
              </div> <!-- configuration-method before -->
              <div class="configuration-method before">
                <span class="method-name">startExtent(public void TestPages.TestHomePage.Email() throws java.lang.InterruptedException)</span>
                <span class="method-start">814013 ms</span>
              </div> <!-- configuration-method before -->
              <div class="configuration-method before">
                <span class="method-name">initializeElement</span>
                <span class="method-start">814014 ms</span>
              </div> <!-- configuration-method before -->
              <div class="test-method">
                <img src="failed.png">
                </img>
                <span class="method-name">Email</span>
                <span class="method-start">814089 ms</span>
              </div> <!-- test-method -->
              <div class="configuration-method after">
                <span class="method-name">cleanUp</span>
                <span class="method-start">815302 ms</span>
              </div> <!-- configuration-method after -->
              <div class="configuration-method before">
                <span class="method-name">setUp(false, nazibah, 1gq_58APDxt94-6iXS_uppef0SAVCYiBx7vdA3jT73UQ, macOS Mojave, chrome, 64.0, https://ww...)</span>
                <span class="method-start">815429 ms</span>
              </div> <!-- configuration-method before -->
              <div class="configuration-method before">
                <span class="method-name">startExtent(public void TestPages.TestHomePage.TestEmailOlderMessages())</span>
                <span class="method-start">821892 ms</span>
              </div> <!-- configuration-method before -->
              <div class="configuration-method before">
                <span class="method-name">initializeElement</span>
                <span class="method-start">821893 ms</span>
              </div> <!-- configuration-method before -->
              <div class="test-method">
                <img src="failed.png">
                </img>
                <span class="method-name">TestEmailOlderMessages</span>
                <span class="method-start">821898 ms</span>
              </div> <!-- test-method -->
              <div class="configuration-method after">
                <span class="method-name">cleanUp</span>
                <span class="method-start">823101 ms</span>
              </div> <!-- configuration-method after -->
              <div class="configuration-method before">
                <span class="method-name">setUp(false, nazibah, 1gq_58APDxt94-6iXS_uppef0SAVCYiBx7vdA3jT73UQ, macOS Mojave, chrome, 64.0, https://ww...)</span>
                <span class="method-start">823275 ms</span>
              </div> <!-- configuration-method before -->
              <div class="configuration-method before">
                <span class="method-name">startExtent(public void TestPages.TestHomePage.TestEmailSettings())</span>
                <span class="method-start">829395 ms</span>
              </div> <!-- configuration-method before -->
              <div class="configuration-method before">
                <span class="method-name">initializeElement</span>
                <span class="method-start">829396 ms</span>
              </div> <!-- configuration-method before -->
              <div class="test-method">
                <img src="failed.png">
                </img>
                <span class="method-name">TestEmailSettings</span>
                <span class="method-start">829398 ms</span>
              </div> <!-- test-method -->
              <div class="configuration-method after">
                <span class="method-name">cleanUp</span>
                <span class="method-start">830510 ms</span>
              </div> <!-- configuration-method after -->
              <div class="configuration-method before">
                <span class="method-name">setUp(false, nazibah, 1gq_58APDxt94-6iXS_uppef0SAVCYiBx7vdA3jT73UQ, macOS Mojave, chrome, 64.0, https://ww...)</span>
                <span class="method-start">830701 ms</span>
              </div> <!-- configuration-method before -->
              <div class="configuration-method before">
                <span class="method-name">startExtent(public void TestPages.TestHomePage.TestEmailStarred())</span>
                <span class="method-start">836973 ms</span>
              </div> <!-- configuration-method before -->
              <div class="configuration-method before">
                <span class="method-name">initializeElement</span>
                <span class="method-start">836974 ms</span>
              </div> <!-- configuration-method before -->
              <div class="test-method">
                <img src="failed.png">
                </img>
                <span class="method-name">TestEmailStarred</span>
                <span class="method-start">836976 ms</span>
              </div> <!-- test-method -->
              <div class="configuration-method after">
                <span class="method-name">cleanUp</span>
                <span class="method-start">838312 ms</span>
              </div> <!-- configuration-method after -->
              <div class="configuration-method before">
                <span class="method-name">setUp(false, nazibah, 1gq_58APDxt94-6iXS_uppef0SAVCYiBx7vdA3jT73UQ, macOS Mojave, chrome, 64.0, https://ww...)</span>
                <span class="method-start">838458 ms</span>
              </div> <!-- configuration-method before -->
              <div class="configuration-method before">
                <span class="method-name">startExtent(public void TestPages.TestHomePage.TestGoogleAccount())</span>
                <span class="method-start">844909 ms</span>
              </div> <!-- configuration-method before -->
              <div class="configuration-method before">
                <span class="method-name">initializeElement</span>
                <span class="method-start">844910 ms</span>
              </div> <!-- configuration-method before -->
              <div class="test-method">
                <img src="failed.png">
                </img>
                <span class="method-name">TestGoogleAccount</span>
                <span class="method-start">844911 ms</span>
              </div> <!-- test-method -->
              <div class="configuration-method after">
                <span class="method-name">cleanUp</span>
                <span class="method-start">870119 ms</span>
              </div> <!-- configuration-method after -->
              <div class="configuration-method before">
                <span class="method-name">setUp(false, nazibah, 1gq_58APDxt94-6iXS_uppef0SAVCYiBx7vdA3jT73UQ, macOS Mojave, chrome, 64.0, https://ww...)</span>
                <span class="method-start">870191 ms</span>
              </div> <!-- configuration-method before -->
              <div class="configuration-method before">
                <span class="method-name">startExtent(public void TestPages.TestHomePage.TestGoogleApps())</span>
                <span class="method-start">876881 ms</span>
              </div> <!-- configuration-method before -->
              <div class="configuration-method before">
                <span class="method-name">initializeElement</span>
                <span class="method-start">876883 ms</span>
              </div> <!-- configuration-method before -->
              <div class="test-method">
                <img src="failed.png">
                </img>
                <span class="method-name">TestGoogleApps</span>
                <span class="method-start">876885 ms</span>
              </div> <!-- test-method -->
              <div class="configuration-method after">
                <span class="method-name">cleanUp</span>
                <span class="method-start">897344 ms</span>
              </div> <!-- configuration-method after -->
              <div class="configuration-method before">
                <span class="method-name">setUp(false, nazibah, 1gq_58APDxt94-6iXS_uppef0SAVCYiBx7vdA3jT73UQ, macOS Mojave, chrome, 64.0, https://ww...)</span>
                <span class="method-start">897505 ms</span>
              </div> <!-- configuration-method before -->
              <div class="configuration-method before">
                <span class="method-name">startExtent(public void TestPages.TestHomePage.TestHelpCreateGoogleAccount())</span>
                <span class="method-start">905703 ms</span>
              </div> <!-- configuration-method before -->
              <div class="configuration-method before">
                <span class="method-name">initializeElement</span>
                <span class="method-start">905706 ms</span>
              </div> <!-- configuration-method before -->
              <div class="test-method">
                <img src="failed.png">
                </img>
                <span class="method-name">TestHelpCreateGoogleAccount</span>
                <span class="method-start">905711 ms</span>
              </div> <!-- test-method -->
              <div class="configuration-method after">
                <span class="method-name">cleanUp</span>
                <span class="method-start">931016 ms</span>
              </div> <!-- configuration-method after -->
              <div class="configuration-method before">
                <span class="method-name">setUp(false, nazibah, 1gq_58APDxt94-6iXS_uppef0SAVCYiBx7vdA3jT73UQ, macOS Mojave, chrome, 64.0, https://ww...)</span>
                <span class="method-start">931089 ms</span>
              </div> <!-- configuration-method before -->
              <div class="configuration-method before">
                <span class="method-name">startExtent(public void TestPages.TestHomePage.TestSendEmailCompose())</span>
                <span class="method-start">938577 ms</span>
              </div> <!-- configuration-method before -->
              <div class="configuration-method before">
                <span class="method-name">initializeElement</span>
                <span class="method-start">938582 ms</span>
              </div> <!-- configuration-method before -->
              <div class="test-method">
                <img src="failed.png">
                </img>
                <span class="method-name">TestSendEmailCompose</span>
                <span class="method-start">938585 ms</span>
              </div> <!-- test-method -->
              <div class="configuration-method after">
                <span class="method-name">cleanUp</span>
                <span class="method-start">939762 ms</span>
              </div> <!-- configuration-method after -->
              <div class="configuration-method before">
                <span class="method-name">setUp(false, nazibah, 1gq_58APDxt94-6iXS_uppef0SAVCYiBx7vdA3jT73UQ, macOS Mojave, chrome, 64.0, https://ww...)</span>
                <span class="method-start">939876 ms</span>
              </div> <!-- configuration-method before -->
              <div class="configuration-method before">
                <span class="method-name">startExtent(public void TestPages.TestHomePage.TestSendEmailRecipientEmail())</span>
                <span class="method-start">946317 ms</span>
              </div> <!-- configuration-method before -->
              <div class="configuration-method before">
                <span class="method-name">initializeElement</span>
                <span class="method-start">946317 ms</span>
              </div> <!-- configuration-method before -->
              <div class="test-method">
                <img src="failed.png">
                </img>
                <span class="method-name">TestSendEmailRecipientEmail</span>
                <span class="method-start">946319 ms</span>
              </div> <!-- test-method -->
              <div class="configuration-method after">
                <span class="method-name">cleanUp</span>
                <span class="method-start">947474 ms</span>
              </div> <!-- configuration-method after -->
              <div class="configuration-method before">
                <span class="method-name">setUp(false, nazibah, 1gq_58APDxt94-6iXS_uppef0SAVCYiBx7vdA3jT73UQ, macOS Mojave, chrome, 64.0, https://ww...)</span>
                <span class="method-start">947710 ms</span>
              </div> <!-- configuration-method before -->
              <div class="configuration-method before">
                <span class="method-name">startExtent(public void TestPages.TestHomePage.TestSendEmailSendButton() throws java.lang.InterruptedException)</span>
                <span class="method-start">954167 ms</span>
              </div> <!-- configuration-method before -->
              <div class="configuration-method before">
                <span class="method-name">initializeElement</span>
                <span class="method-start">954167 ms</span>
              </div> <!-- configuration-method before -->
              <div class="test-method">
                <img src="failed.png">
                </img>
                <span class="method-name">TestSendEmailSendButton</span>
                <span class="method-start">954169 ms</span>
              </div> <!-- test-method -->
              <div class="configuration-method after">
                <span class="method-name">cleanUp</span>
                <span class="method-start">955376 ms</span>
              </div> <!-- configuration-method after -->
              <div class="configuration-method before">
                <span class="method-name">setUp(false, nazibah, 1gq_58APDxt94-6iXS_uppef0SAVCYiBx7vdA3jT73UQ, macOS Mojave, chrome, 64.0, https://ww...)</span>
                <span class="method-start">955570 ms</span>
              </div> <!-- configuration-method before -->
              <div class="configuration-method before">
                <span class="method-name">startExtent(public void TestPages.TestHomePage.TestSendEmailemailBody())</span>
                <span class="method-start">962108 ms</span>
              </div> <!-- configuration-method before -->
              <div class="configuration-method before">
                <span class="method-name">initializeElement</span>
                <span class="method-start">962108 ms</span>
              </div> <!-- configuration-method before -->
              <div class="test-method">
                <img src="failed.png">
                </img>
                <span class="method-name">TestSendEmailemailBody</span>
                <span class="method-start">962110 ms</span>
              </div> <!-- test-method -->
              <div class="configuration-method after">
                <span class="method-name">cleanUp</span>
                <span class="method-start">963296 ms</span>
              </div> <!-- configuration-method after -->
              <div class="configuration-method before">
                <span class="method-name">setUp(false, nazibah, 1gq_58APDxt94-6iXS_uppef0SAVCYiBx7vdA3jT73UQ, macOS Mojave, chrome, 64.0, https://ww...)</span>
                <span class="method-start">963430 ms</span>
              </div> <!-- configuration-method before -->
              <div class="configuration-method before">
                <span class="method-name">startExtent(public void TestPages.TestHomePage.TestSendEmailemailSubject())</span>
                <span class="method-start">970097 ms</span>
              </div> <!-- configuration-method before -->
              <div class="configuration-method before">
                <span class="method-name">initializeElement</span>
                <span class="method-start">970098 ms</span>
              </div> <!-- configuration-method before -->
              <div class="test-method">
                <img src="failed.png">
                </img>
                <span class="method-name">TestSendEmailemailSubject</span>
                <span class="method-start">970101 ms</span>
              </div> <!-- test-method -->
              <div class="configuration-method after">
                <span class="method-name">cleanUp</span>
                <span class="method-start">971253 ms</span>
              </div> <!-- configuration-method after -->
              <div class="configuration-method before">
                <span class="method-name">setUp(false, nazibah, 1gq_58APDxt94-6iXS_uppef0SAVCYiBx7vdA3jT73UQ, macOS Mojave, chrome, 64.0, https://ww...)</span>
                <span class="method-start">971517 ms</span>
              </div> <!-- configuration-method before -->
              <div class="configuration-method before">
                <span class="method-name">startExtent(public void TestPages.TestHomePage.TesthelpGoogleAccount())</span>
                <span class="method-start">977813 ms</span>
              </div> <!-- configuration-method before -->
              <div class="configuration-method before">
                <span class="method-name">initializeElement</span>
                <span class="method-start">977814 ms</span>
              </div> <!-- configuration-method before -->
              <div class="test-method">
                <img src="failed.png">
                </img>
                <span class="method-name">TesthelpGoogleAccount</span>
                <span class="method-start">977816 ms</span>
              </div> <!-- test-method -->
              <div class="configuration-method after">
                <span class="method-name">cleanUp</span>
                <span class="method-start">1003063 ms</span>
              </div> <!-- configuration-method after -->
              <div class="configuration-method before">
                <img src="failed.png">
                </img>
                <span class="method-name">setUp(false, nazibah, 1gq_58APDxt94-6iXS_uppef0SAVCYiBx7vdA3jT73UQ, macOS Mojave, chrome, 64.0, https://ww...)</span>
                <span class="method-start">1003190 ms</span>
              </div> <!-- configuration-method before -->
              <div class="configuration-method before">
                <span class="method-name">startExtent</span>
                <span class="method-start">1006267 ms</span>
              </div> <!-- configuration-method before -->
              <div class="configuration-method before">
                <span class="method-name">initializeElement</span>
                <span class="method-start">1006268 ms</span>
              </div> <!-- configuration-method before -->
              <div class="configuration-method after">
                <span class="method-name">cleanUp</span>
                <span class="method-start">1006270 ms</span>
              </div> <!-- configuration-method after -->
            </div> <!-- chronological-class -->
            <div class="chronological-class">
              <div class="chronological-class-name">GmailLogin.GmailTestLogin</div> <!-- chronological-class-name -->
              <div class="configuration-suite after">
                <span class="method-name">generateReport</span>
                <span class="method-start">1006583 ms</span>
              </div> <!-- configuration-suite after -->
          </div> <!-- main-panel-content rounded-window-bottom -->
        </div> <!-- panel -->
      </div> <!-- main-panel-root -->
    </div> <!-- wrapper -->
  </body>
</html>
