<?xml version="1.0" encoding="UTF-8"?>
<!-- Generated by org.testng.reporters.JUnitReportReporter -->
<testsuite skipped="33" hostname="hasibs-MBP" name="SearchTest.SearchTest" tests="34" failures="0" timestamp="01 Feb 2019 21:16:55 GMT" time="9.563" errors="1">
  <testcase name="searchBangladesh" time="0.000" classname="SearchTest.SearchTest">
    <skipped/>
  </testcase> <!-- searchBangladesh -->
  <testcase name="LogInTest" time="0.000" classname="SearchTest.SearchTest">
    <skipped/>
  </testcase> <!-- LogInTest -->
  <testcase name="AfternoonTVSchedule" time="0.004" classname="SearchTest.SearchTest">
    <skipped/>
  </testcase> <!-- AfternoonTVSchedule -->
  <testcase name="test9" time="0.000" classname="SearchTest.SearchTest">
    <skipped/>
  </testcase> <!-- test9 -->
  <testcase name="Stars" time="0.000" classname="SearchTest.SearchTest">
    <skipped/>
  </testcase> <!-- Stars -->
  <testcase name="SpaceAndScience1stArticle" time="0.000" classname="SearchTest.SearchTest">
    <skipped/>
  </testcase> <!-- SpaceAndScience1stArticle -->
  <testcase name="liveVideos" time="0.000" classname="SearchTest.SearchTest">
    <skipped/>
  </testcase> <!-- liveVideos -->
  <testcase name="style" time="0.000" classname="SearchTest.SearchTest">
    <skipped/>
  </testcase> <!-- style -->
  <testcase name="letsStay" time="0.000" classname="SearchTest.SearchTest">
    <skipped/>
  </testcase> <!-- letsStay -->
  <testcase name="workForCNNNews" time="0.000" classname="SearchTest.SearchTest">
    <skipped/>
  </testcase> <!-- workForCNNNews -->
  <testcase name="showLiveTV" time="0.000" classname="SearchTest.SearchTest">
    <skipped/>
  </testcase> <!-- showLiveTV -->
  <testcase name="gettingTicket" time="0.000" classname="SearchTest.SearchTest">
    <skipped/>
  </testcase> <!-- gettingTicket -->
  <testcase name="longLive" time="0.000" classname="SearchTest.SearchTest">
    <skipped/>
  </testcase> <!-- longLive -->
  <testcase name="test2" time="0.000" classname="SearchTest.SearchTest">
    <skipped/>
  </testcase> <!-- test2 -->
  <testcase name="wayToLogIn" time="0.000" classname="SearchTest.SearchTest">
    <skipped/>
  </testcase> <!-- wayToLogIn -->
  <testcase name="sports" time="0.000" classname="SearchTest.SearchTest">
    <skipped/>
  </testcase> <!-- sports -->
  <testcase name="USEnergy" time="0.000" classname="SearchTest.SearchTest">
    <skipped/>
  </testcase> <!-- USEnergy -->
  <testcase name="test7" time="0.000" classname="SearchTest.SearchTest">
    <skipped/>
  </testcase> <!-- test7 -->
  <testcase name="test4" time="0.000" classname="SearchTest.SearchTest">
    <skipped/>
  </testcase> <!-- test4 -->
  <testcase name="businessTechTopStories" time="0.000" classname="SearchTest.SearchTest">
    <skipped/>
  </testcase> <!-- businessTechTopStories -->
  <testcase name="setUp" time="9.559" classname="SearchTest.SearchTest">
    <error type="org.openqa.selenium.NoSuchWindowException" message="no such window: window was already closed
  (Session info: chrome=71.0.3578.98)
  (Driver info: chromedriver=2.45.615355 (d5698f682d8b2742017df6c81e0bd8e6a3063189),platform=Mac OS X 10.13.6 x86_64) (WARNING: The server did not provide any stacktrace information)
Command duration or timeout: 0 milliseconds
Build info: version: &#039;3.14.0&#039;, revision: &#039;aacccce0&#039;, time: &#039;2018-08-02T20:19:58.91Z&#039;
System info: host: &#039;hasibs-MBP&#039;, ip: &#039;2604:2000:1501:46d3:0:0:0:a53%en0&#039;, os.name: &#039;Mac OS X&#039;, os.arch: &#039;x86_64&#039;, os.version: &#039;10.13.6&#039;, java.version: &#039;1.8.0_201&#039;
Driver info: org.openqa.selenium.chrome.ChromeDriver
Capabilities {acceptInsecureCerts: false, acceptSslCerts: false, applicationCacheEnabled: false, browserConnectionEnabled: false, browserName: chrome, chrome: {chromedriverVersion: 2.45.615355 (d5698f682d8b27..., userDataDir: /var/folders/fv/3wr2rl1n6x7...}, cssSelectorsEnabled: true, databaseEnabled: false, goog:chromeOptions: {debuggerAddress: localhost:61680}, handlesAlerts: true, hasTouchScreen: false, javascriptEnabled: true, locationContextEnabled: true, mobileEmulationEnabled: false, nativeEvents: true, networkConnectionEnabled: false, pageLoadStrategy: normal, platform: MAC, platformName: MAC, proxy: Proxy(), rotatable: false, setWindowRect: true, strictFileInteractability: false, takesHeapSnapshot: true, takesScreenshot: true, timeouts: {implicit: 0, pageLoad: 300000, script: 30000}, unexpectedAlertBehaviour: ignore, unhandledPromptBehavior: ignore, version: 71.0.3578.98, webStorageEnabled: true}
Session ID: 023a56685a074a26cd318fbfc0fa4307">
      <![CDATA[org.openqa.selenium.NoSuchWindowException: no such window: window was already closed
  (Session info: chrome=71.0.3578.98)
  (Driver info: chromedriver=2.45.615355 (d5698f682d8b2742017df6c81e0bd8e6a3063189),platform=Mac OS X 10.13.6 x86_64) (WARNING: The server did not provide any stacktrace information)
Command duration or timeout: 0 milliseconds
Build info: version: '3.14.0', revision: 'aacccce0', time: '2018-08-02T20:19:58.91Z'
System info: host: 'hasibs-MBP', ip: '2604:2000:1501:46d3:0:0:0:a53%en0', os.name: 'Mac OS X', os.arch: 'x86_64', os.version: '10.13.6', java.version: '1.8.0_201'
Driver info: org.openqa.selenium.chrome.ChromeDriver
Capabilities {acceptInsecureCerts: false, acceptSslCerts: false, applicationCacheEnabled: false, browserConnectionEnabled: false, browserName: chrome, chrome: {chromedriverVersion: 2.45.615355 (d5698f682d8b27..., userDataDir: /var/folders/fv/3wr2rl1n6x7...}, cssSelectorsEnabled: true, databaseEnabled: false, goog:chromeOptions: {debuggerAddress: localhost:61680}, handlesAlerts: true, hasTouchScreen: false, javascriptEnabled: true, locationContextEnabled: true, mobileEmulationEnabled: false, nativeEvents: true, networkConnectionEnabled: false, pageLoadStrategy: normal, platform: MAC, platformName: MAC, proxy: Proxy(), rotatable: false, setWindowRect: true, strictFileInteractability: false, takesHeapSnapshot: true, takesScreenshot: true, timeouts: {implicit: 0, pageLoad: 300000, script: 30000}, unexpectedAlertBehaviour: ignore, unhandledPromptBehavior: ignore, version: 71.0.3578.98, webStorageEnabled: true}
Session ID: 023a56685a074a26cd318fbfc0fa4307
at sun.reflect.NativeConstructorAccessorImpl.newInstance0(Native Method)
at sun.reflect.NativeConstructorAccessorImpl.newInstance(NativeConstructorAccessorImpl.java:62)
at sun.reflect.DelegatingConstructorAccessorImpl.newInstance(DelegatingConstructorAccessorImpl.java:45)
at java.lang.reflect.Constructor.newInstance(Constructor.java:423)
at org.openqa.selenium.remote.ErrorHandler.createThrowable(ErrorHandler.java:214)
at org.openqa.selenium.remote.ErrorHandler.throwIfResponseFailed(ErrorHandler.java:166)
at org.openqa.selenium.remote.http.JsonHttpResponseCodec.reconstructValue(JsonHttpResponseCodec.java:40)
at org.openqa.selenium.remote.http.AbstractHttpResponseCodec.decode(AbstractHttpResponseCodec.java:80)
at org.openqa.selenium.remote.http.AbstractHttpResponseCodec.decode(AbstractHttpResponseCodec.java:44)
at org.openqa.selenium.remote.HttpCommandExecutor.execute(HttpCommandExecutor.java:158)
at org.openqa.selenium.remote.service.DriverCommandExecutor.execute(DriverCommandExecutor.java:83)
at org.openqa.selenium.remote.RemoteWebDriver.execute(RemoteWebDriver.java:548)
at org.openqa.selenium.remote.RemoteWebDriver.execute(RemoteWebDriver.java:605)
at org.openqa.selenium.remote.RemoteWebDriver$RemoteWebDriverOptions$RemoteWindow.maximize(RemoteWebDriver.java:833)
at base.CommonApi.setUp(CommonApi.java:114)
at sun.reflect.NativeMethodAccessorImpl.invoke0(Native Method)
at sun.reflect.NativeMethodAccessorImpl.invoke(NativeMethodAccessorImpl.java:62)
at sun.reflect.DelegatingMethodAccessorImpl.invoke(DelegatingMethodAccessorImpl.java:43)
at java.lang.reflect.Method.invoke(Method.java:498)
at org.testng.internal.MethodInvocationHelper.invokeMethod(MethodInvocationHelper.java:124)
at org.testng.internal.MethodInvocationHelper.invokeMethodConsideringTimeout(MethodInvocationHelper.java:59)
at org.testng.internal.Invoker.invokeConfigurationMethod(Invoker.java:458)
at org.testng.internal.Invoker.invokeConfigurations(Invoker.java:222)
at org.testng.internal.Invoker.invokeMethod(Invoker.java:523)
at org.testng.internal.Invoker.invokeTestMethod(Invoker.java:719)
at org.testng.internal.Invoker.invokeTestMethods(Invoker.java:989)
at org.testng.internal.TestMethodWorker.invokeTestMethods(TestMethodWorker.java:125)
at org.testng.internal.TestMethodWorker.run(TestMethodWorker.java:109)
at org.testng.TestRunner.privateRun(TestRunner.java:648)
at org.testng.TestRunner.run(TestRunner.java:505)
at org.testng.SuiteRunner.runTest(SuiteRunner.java:455)
at org.testng.SuiteRunner.runSequentially(SuiteRunner.java:450)
at org.testng.SuiteRunner.privateRun(SuiteRunner.java:415)
at org.testng.SuiteRunner.run(SuiteRunner.java:364)
at org.testng.SuiteRunnerWorker.runSuite(SuiteRunnerWorker.java:52)
at org.testng.SuiteRunnerWorker.run(SuiteRunnerWorker.java:84)
at org.testng.TestNG.runSuitesSequentially(TestNG.java:1208)
at org.testng.TestNG.runSuitesLocally(TestNG.java:1137)
at org.testng.TestNG.runSuites(TestNG.java:1049)
at org.testng.TestNG.run(TestNG.java:1017)
at org.apache.maven.surefire.testng.TestNGExecutor.run(TestNGExecutor.java:132)
at org.apache.maven.surefire.testng.TestNGDirectoryTestSuite.executeMulti(TestNGDirectoryTestSuite.java:193)
at org.apache.maven.surefire.testng.TestNGDirectoryTestSuite.execute(TestNGDirectoryTestSuite.java:94)
at org.apache.maven.surefire.testng.TestNGProvider.invoke(TestNGProvider.java:147)
at org.apache.maven.surefire.booter.ForkedBooter.invokeProviderInSameClassLoader(ForkedBooter.java:290)
at org.apache.maven.surefire.booter.ForkedBooter.runSuitesInProcess(ForkedBooter.java:242)
at org.apache.maven.surefire.booter.ForkedBooter.main(ForkedBooter.java:121)
]]>
    </error>
  </testcase> <!-- setUp -->
  <testcase name="test3" time="0.000" classname="SearchTest.SearchTest">
    <skipped/>
  </testcase> <!-- test3 -->
  <testcase name="travelFood" time="0.000" classname="SearchTest.SearchTest">
    <skipped/>
  </testcase> <!-- travelFood -->
  <testcase name="test8" time="0.000" classname="SearchTest.SearchTest">
    <skipped/>
  </testcase> <!-- test8 -->
  <testcase name="test1" time="0.000" classname="SearchTest.SearchTest">
    <skipped/>
  </testcase> <!-- test1 -->
  <testcase name="goCuba" time="0.000" classname="SearchTest.SearchTest">
    <skipped/>
  </testcase> <!-- goCuba -->
  <testcase name="goScience" time="0.000" classname="SearchTest.SearchTest">
    <skipped/>
  </testcase> <!-- goScience -->
  <testcase name="goDubai" time="0.000" classname="SearchTest.SearchTest">
    <skipped/>
  </testcase> <!-- goDubai -->
  <testcase name="opinion" time="0.000" classname="SearchTest.SearchTest">
    <skipped/>
  </testcase> <!-- opinion -->
  <testcase name="test10" time="0.000" classname="SearchTest.SearchTest">
    <skipped/>
  </testcase> <!-- test10 -->
  <testcase name="test5" time="0.000" classname="SearchTest.SearchTest">
    <skipped/>
  </testcase> <!-- test5 -->
  <testcase name="AsiaFirstArticle" time="0.000" classname="SearchTest.SearchTest">
    <skipped/>
  </testcase> <!-- AsiaFirstArticle -->
  <testcase name="goGermany" time="0.000" classname="SearchTest.SearchTest">
    <skipped/>
  </testcase> <!-- goGermany -->
  <testcase name="test6" time="0.000" classname="SearchTest.SearchTest">
    <skipped/>
  </testcase> <!-- test6 -->
</testsuite> <!-- SearchTest.SearchTest -->
