<?xml version="1.0" encoding="UTF-8"?>
<!-- Generated by org.testng.reporters.JUnitReportReporter -->
<testsuite skipped="27" hostname="Ahmeds-MBP.home" name="validation.ValidateLink" tests="28" failures="0" timestamp="15 Jan 2019 04:05:37 GMT" time="1.687" errors="1">
  <testcase name="checkGroceryLink" time="0.000" classname="validation.ValidateLink">
    <skipped/>
  </testcase> <!-- checkGroceryLink -->
  <testcase name="checkBeautyLink" time="0.000" classname="validation.ValidateLink">
    <skipped/>
  </testcase> <!-- checkBeautyLink -->
  <testcase name="validateCategories" time="0.000" classname="validation.ValidateLink">
    <skipped/>
  </testcase> <!-- validateCategories -->
  <testcase name="checkColdWeatherShopLink" time="0.000" classname="validation.ValidateLink">
    <skipped/>
  </testcase> <!-- checkColdWeatherShopLink -->
  <testcase name="checkRestockLink" time="0.000" classname="validation.ValidateLink">
    <skipped/>
  </testcase> <!-- checkRestockLink -->
  <testcase name="validateSignIn" time="0.000" classname="validation.ValidateLink">
    <skipped/>
  </testcase> <!-- validateSignIn -->
  <testcase name="checkBabyLink" time="0.000" classname="validation.ValidateLink">
    <skipped/>
  </testcase> <!-- checkBabyLink -->
  <testcase name="checkMensLink" time="0.000" classname="validation.ValidateLink">
    <skipped/>
  </testcase> <!-- checkMensLink -->
  <testcase name="checkREDcardLink" time="0.000" classname="validation.ValidateLink">
    <skipped/>
  </testcase> <!-- checkREDcardLink -->
  <testcase name="checkFurnitureLink" time="0.000" classname="validation.ValidateLink">
    <skipped/>
  </testcase> <!-- checkFurnitureLink -->
  <testcase name="checkKitchenDiningLink" time="0.000" classname="validation.ValidateLink">
    <skipped/>
  </testcase> <!-- checkKitchenDiningLink -->
  <testcase name="checkRegistriesListsLink" time="0.000" classname="validation.ValidateLink">
    <skipped/>
  </testcase> <!-- checkRegistriesListsLink -->
  <testcase name="checkTargetFind" time="0.000" classname="validation.ValidateLink">
    <skipped/>
  </testcase> <!-- checkTargetFind -->
  <testcase name="validateTrending" time="0.000" classname="validation.ValidateLink">
    <skipped/>
  </testcase> <!-- validateTrending -->
  <testcase name="checkElectronicsLink" time="0.000" classname="validation.ValidateLink">
    <skipped/>
  </testcase> <!-- checkElectronicsLink -->
  <testcase name="setUp" time="1.687" classname="validation.ValidateLink">
    <error type="org.openqa.selenium.WebDriverException" message="Unable to parse remote response: Misconfigured -- Unsupported OS/browser/version/device combo: OS: &#039;OS&#039;, Browser: &#039;firefox&#039;, Version: &#039;64.0.&#039;, Device: &#039;unspecified&#039;">
      <![CDATA[org.openqa.selenium.WebDriverException: Unable to parse remote response: Misconfigured -- Unsupported OS/browser/version/device combo: OS: 'OS', Browser: 'firefox', Version: '64.0.', Device: 'unspecified'
at org.openqa.selenium.remote.ProtocolHandshake.createSession(ProtocolHandshake.java:115)
at org.openqa.selenium.remote.ProtocolHandshake.createSession(ProtocolHandshake.java:74)
at org.openqa.selenium.remote.HttpCommandExecutor.execute(HttpCommandExecutor.java:136)
at org.openqa.selenium.remote.RemoteWebDriver.execute(RemoteWebDriver.java:552)
at org.openqa.selenium.remote.RemoteWebDriver.startSession(RemoteWebDriver.java:213)
at org.openqa.selenium.remote.RemoteWebDriver.<init>(RemoteWebDriver.java:131)
at org.openqa.selenium.remote.RemoteWebDriver.<init>(RemoteWebDriver.java:144)
at base.CommonApi.getCloudDriver(CommonApi.java:96)
at base.CommonApi.setUp(CommonApi.java:48)
at sun.reflect.NativeMethodAccessorImpl.invoke0(Native Method)
at sun.reflect.NativeMethodAccessorImpl.invoke(NativeMethodAccessorImpl.java:62)
at sun.reflect.DelegatingMethodAccessorImpl.invoke(DelegatingMethodAccessorImpl.java:43)
at java.lang.reflect.Method.invoke(Method.java:498)
at org.testng.internal.MethodInvocationHelper.invokeMethod(MethodInvocationHelper.java:124)
at org.testng.internal.MethodInvocationHelper.invokeMethodConsideringTimeout(MethodInvocationHelper.java:59)
at org.testng.internal.Invoker.invokeConfigurationMethod(Invoker.java:458)
at org.testng.internal.Invoker.invokeConfigurations(Invoker.java:222)
at org.testng.internal.Invoker.invokeMethod(Invoker.java:523)
at org.testng.internal.Invoker.invokeTestMethod(Invoker.java:719)
at org.testng.internal.Invoker.invokeTestMethods(Invoker.java:989)
at org.testng.internal.TestMethodWorker.invokeTestMethods(TestMethodWorker.java:125)
at org.testng.internal.TestMethodWorker.run(TestMethodWorker.java:109)
at org.testng.TestRunner.privateRun(TestRunner.java:648)
at org.testng.TestRunner.run(TestRunner.java:505)
at org.testng.SuiteRunner.runTest(SuiteRunner.java:455)
at org.testng.SuiteRunner.runSequentially(SuiteRunner.java:450)
at org.testng.SuiteRunner.privateRun(SuiteRunner.java:415)
at org.testng.SuiteRunner.run(SuiteRunner.java:364)
at org.testng.SuiteRunnerWorker.runSuite(SuiteRunnerWorker.java:52)
at org.testng.SuiteRunnerWorker.run(SuiteRunnerWorker.java:84)
at org.testng.TestNG.runSuitesSequentially(TestNG.java:1208)
at org.testng.TestNG.runSuitesLocally(TestNG.java:1137)
at org.testng.TestNG.runSuites(TestNG.java:1049)
at org.testng.TestNG.run(TestNG.java:1017)
at org.apache.maven.surefire.testng.TestNGExecutor.run(TestNGExecutor.java:283)
at org.apache.maven.surefire.testng.TestNGXmlTestSuite.execute(TestNGXmlTestSuite.java:75)
at org.apache.maven.surefire.testng.TestNGProvider.invoke(TestNGProvider.java:120)
at org.apache.maven.surefire.booter.ForkedBooter.invokeProviderInSameClassLoader(ForkedBooter.java:373)
at org.apache.maven.surefire.booter.ForkedBooter.runSuitesInProcess(ForkedBooter.java:334)
at org.apache.maven.surefire.booter.ForkedBooter.execute(ForkedBooter.java:119)
at org.apache.maven.surefire.booter.ForkedBooter.main(ForkedBooter.java:407)
Caused by: org.openqa.selenium.json.JsonException: Unable to determine type from: M. Last 1 characters read: M
Build info: version: '3.141.59', revision: 'e82be7d358', time: '2018-11-14T08:17:03'
System info: host: 'Ahmeds-MBP.home', ip: 'fe80:0:0:0:4f5:4b5b:27c5:65dc%en0', os.name: 'Mac OS X', os.arch: 'x86_64', os.version: '10.14.1', java.version: '1.8.0_191'
Driver info: driver.version: RemoteWebDriver
at org.openqa.selenium.json.JsonInput.peek(JsonInput.java:122)
at org.openqa.selenium.json.JsonTypeCoercer.lambda$null$6(JsonTypeCoercer.java:140)
at org.openqa.selenium.json.JsonTypeCoercer.coerce(JsonTypeCoercer.java:126)
at org.openqa.selenium.json.Json.toType(Json.java:69)
at org.openqa.selenium.json.Json.toType(Json.java:55)
at org.openqa.selenium.json.Json.toType(Json.java:50)
at org.openqa.selenium.remote.ProtocolHandshake.createSession(ProtocolHandshake.java:112)
... 40 more
]]>
    </error>
  </testcase> <!-- setUp -->
  <testcase name="checkToysLink" time="0.000" classname="validation.ValidateLink">
    <skipped/>
  </testcase> <!-- checkToysLink -->
  <testcase name="checkWomensLink" time="0.000" classname="validation.ValidateLink">
    <skipped/>
  </testcase> <!-- checkWomensLink -->
  <testcase name="checkHomeLink" time="0.000" classname="validation.ValidateLink">
    <skipped/>
  </testcase> <!-- checkHomeLink -->
  <testcase name="checkKidsLink" time="0.000" classname="validation.ValidateLink">
    <skipped/>
  </testcase> <!-- checkKidsLink -->
  <testcase name="checkGiftCardsLink" time="0.000" classname="validation.ValidateLink">
    <skipped/>
  </testcase> <!-- checkGiftCardsLink -->
  <testcase name="checkHouseholdEssentialsLink" time="0.000" classname="validation.ValidateLink">
    <skipped/>
  </testcase> <!-- checkHouseholdEssentialsLink -->
  <testcase name="checkWeeklyAdLink" time="0.000" classname="validation.ValidateLink">
    <skipped/>
  </testcase> <!-- checkWeeklyAdLink -->
  <testcase name="checkVideoGamesLink" time="0.000" classname="validation.ValidateLink">
    <skipped/>
  </testcase> <!-- checkVideoGamesLink -->
  <testcase name="checkTopDealsLink" time="0.000" classname="validation.ValidateLink">
    <skipped/>
  </testcase> <!-- checkTopDealsLink -->
  <testcase name="checkLink" time="0.000" classname="validation.ValidateLink">
    <skipped/>
  </testcase> <!-- checkLink -->
  <testcase name="checkFindStoresLink" time="0.000" classname="validation.ValidateLink">
    <skipped/>
  </testcase> <!-- checkFindStoresLink -->
  <testcase name="checkWellChosenLink" time="0.000" classname="validation.ValidateLink">
    <skipped/>
  </testcase> <!-- checkWellChosenLink -->
</testsuite> <!-- validation.ValidateLink -->
